<?xml version="1.0" encoding="UTF-8"?>
<testsuite xmlns:xsi="http://www.w3.org/2001/XMLSchema-instance" xsi:noNamespaceSchemaLocation="https://maven.apache.org/surefire/maven-surefire-plugin/xsd/surefire-test-report-3.0.xsd" version="3.0" name="TestSuite" time="81.292" tests="14" errors="0" skipped="9" failures="5">
  <properties>
[...]
</properties>
  <testcase name="executeTestFlow[XSP-3, @regression, sauce android, XSP-62](3)" classname="com.automation.tests.TestRunner" time="0">
    <skipped message="WebDriver initialization failed"/>
    <system-out><![CDATA[...
... TestNG 7.4.0 by Cédric Beust (cedric@beust.com)
...


========== Test Suite Started: Test ==========
Total Tests: 1
Passed: 0
Failed: 0
Skipped: 0

âœ… Found file at: C:\Users\tutru\Downloads\JiraTest\SeleniumJavaAllureHybrid-main\src\test\java\com\automation\tests\BusinessFlow.xlsx
ðŸ”§ Base test setup started. WebDriver will be initialized for each test case.
ðŸ”§ Base test setup started. WebDriver will be initialized for each test case.
ðŸ”§ Base test setup started. WebDriver will be initialized for each test case.
ðŸ”§ Base test setup started. WebDriver will be initialized for each test case.
ðŸ”§ Base test setup started. WebDriver will be initialized for each test case.
ðŸ“Š [afterInvocation] Method: setUp, isTestMethod: false, status: 1, hasFailure: false
ðŸ“Š [afterInvocation] Method: setUp, isTestMethod: false, status: 1, hasFailure: false
ðŸ“Š [afterInvocation] Method: setUp, isTestMethod: false, status: 1, hasFailure: false
ðŸ“Š [afterInvocation] Method: setUp, isTestMethod: false, status: 1, hasFailure: false
ðŸ“Š [afterInvocation] Method: setUp, isTestMethod: false, status: 1, hasFailure: false
âœ… Test started: XSP-3
âœ… Test started: XSP-3
âœ… Test started: XSP-3
âœ… Test started: XSP-3
âœ… Test started: XSP-3

========================================

========================================
ðŸš€ Starting Test: XSP-3
Tags: @regression
Browser: sauce android
========================================


========================================
ðŸš€ Starting Test: XSP-3
Tags: @regression
Browser: sauce android
========================================


========================================
ðŸš€ Starting Test: XSP-3
ðŸš€ Starting Test: XSP-3
Tags: @regression
Browser: sauce android
========================================


========================================
ðŸš€ Starting Test: XSP-3
Tags: @regression
Browser: sauce android
========================================

Tags: @regression
Browser: sauce android
========================================

ðŸ”§ Initializing WebDriver for browser: sauce android
ðŸ”§ Initializing WebDriver for browser: sauce android
ðŸ”§ Initializing WebDriver for browser: sauce android
ðŸ”§ Initializing WebDriver for browser: sauce android
ðŸ”§ Initializing WebDriver for browser: sauce android
ðŸ“Š [afterInvocation] Method: executeTestFlow, isTestMethod: true, status: 2, hasFailure: false
ðŸ“Š [afterInvocation] Method: executeTestFlow, isTestMethod: true, status: 2, hasFailure: false

ðŸ”„ Retrying test: executeTestFlow | Attempt: 2/3

ðŸ”„ Retrying test: executeTestFlow | Attempt: 2/3
ðŸ“Š [afterInvocation] Method: executeTestFlow, isTestMethod: true, status: 2, hasFailure: false

ðŸ”„ Retrying test: executeTestFlow | Attempt: 3/3
]]></system-out>
    <system-err><![CDATA[Failed to initialize WebDriver: Could not start a new session. Response code 400. Message: Job not started. Your organization has reached its concurrent session limit. Contact your administrator or sales@saucelabs.com to upgrade. 
Host info: host: 'DESKTOP-2CPQ0LA', ip: '192.168.1.79'
Build info: version: '4.18.1', revision: 'b1d3319b48'
System info: os.name: 'Windows 11', os.arch: 'amd64', os.version: '10.0', java.version: '17.0.12'
Driver info: io.appium.java_client.android.AndroidDriver
Command: [null, newSession {capabilities=[Capabilities {appium:app: storage:filename=Android-My..., appium:automationName: UiAutomator2, appium:deviceName: Android GoogleAPI Emulator, appium:platformVersion: 12.0, platformName: ANDROID, sauce:options: Capabilities {accessKey: bb...}]}]
Capabilities {appium:app: storage:filename=Android-My..., appium:automationName: UiAutomator2, appium:deviceName: Android GoogleAPI Emulator, appium:platformVersion: 12.0, platformName: ANDROID, sauce:options: Capabilities {accessKey: bb...}
Failed to initialize WebDriver: Could not start a new session. Response code 400. Message: Job not started. Your organization has reached its concurrent session limit. Contact your administrator or sales@saucelabs.com to upgrade. 
Host info: host: 'DESKTOP-2CPQ0LA', ip: '192.168.1.79'
Build info: version: '4.18.1', revision: 'b1d3319b48'
System info: os.name: 'Windows 11', os.arch: 'amd64', os.version: '10.0', java.version: '17.0.12'
Driver info: io.appium.java_client.android.AndroidDriver
Command: [null, newSession {capabilities=[Capabilities {appium:app: storage:filename=Android-My..., appium:automationName: UiAutomator2, appium:deviceName: Android GoogleAPI Emulator, appium:platformVersion: 12.0, platformName: ANDROID, sauce:options: Capabilities {accessKey: bb...}]}]
Capabilities {appium:app: storage:filename=Android-My..., appium:automationName: UiAutomator2, appium:deviceName: Android GoogleAPI Emulator, appium:platformVersion: 12.0, platformName: ANDROID, sauce:options: Capabilities {accessKey: bb...}
❌ Failed to initialize WebDriver: org.openqa.selenium.SessionNotCreatedException: Could not start a new session. Response code 400. Message: Job not started. Your organization has reached its concurrent session limit. Contact your administrator or sales@saucelabs.com to upgrade. 
Host info: host: 'DESKTOP-2CPQ0LA', ip: '192.168.1.79'
Build info: version: '4.18.1', revision: 'b1d3319b48'
System info: os.name: 'Windows 11', os.arch: 'amd64', os.version: '10.0', java.version: '17.0.12'
Driver info: io.appium.java_client.android.AndroidDriver
Command: [null, newSession {capabilities=[Capabilities {appium:app: storage:filename=Android-My..., appium:automationName: UiAutomator2, appium:deviceName: Android GoogleAPI Emulator, appium:platformVersion: 12.0, platformName: ANDROID, sauce:options: Capabilities {accessKey: bb...}]}]
Capabilities {appium:app: storage:filename=Android-My..., appium:automationName: UiAutomator2, appium:deviceName: Android GoogleAPI Emulator, appium:platformVersion: 12.0, platformName: ANDROID, sauce:options: Capabilities {accessKey: bb...}
❌ Failed to initialize WebDriver: org.openqa.selenium.SessionNotCreatedException: Could not start a new session. Response code 400. Message: Job not started. Your organization has reached its concurrent session limit. Contact your administrator or sales@saucelabs.com to upgrade. 
Host info: host: 'DESKTOP-2CPQ0LA', ip: '192.168.1.79'
Build info: version: '4.18.1', revision: 'b1d3319b48'
System info: os.name: 'Windows 11', os.arch: 'amd64', os.version: '10.0', java.version: '17.0.12'
Driver info: io.appium.java_client.android.AndroidDriver
Command: [null, newSession {capabilities=[Capabilities {appium:app: storage:filename=Android-My..., appium:automationName: UiAutomator2, appium:deviceName: Android GoogleAPI Emulator, appium:platformVersion: 12.0, platformName: ANDROID, sauce:options: Capabilities {accessKey: bb...}]}]
Capabilities {appium:app: storage:filename=Android-My..., appium:automationName: UiAutomator2, appium:deviceName: Android GoogleAPI Emulator, appium:platformVersion: 12.0, platformName: ANDROID, sauce:options: Capabilities {accessKey: bb...}

❌ Test failed: XSP-3

❌ Test failed: XSP-3
Error: WebDriver initialization failed

Error: WebDriver initialization failed

Failed to initialize WebDriver: Could not start a new session. Response code 400. Message: Job not started. Your organization has reached its concurrent session limit. Contact your administrator or sales@saucelabs.com to upgrade. 
Host info: host: 'DESKTOP-2CPQ0LA', ip: '192.168.1.79'
Build info: version: '4.18.1', revision: 'b1d3319b48'
System info: os.name: 'Windows 11', os.arch: 'amd64', os.version: '10.0', java.version: '17.0.12'
Driver info: io.appium.java_client.android.AndroidDriver
Command: [null, newSession {capabilities=[Capabilities {appium:app: storage:filename=Android-My..., appium:automationName: UiAutomator2, appium:deviceName: Android GoogleAPI Emulator, appium:platformVersion: 12.0, platformName: ANDROID, sauce:options: Capabilities {accessKey: bb...}]}]
Capabilities {appium:app: storage:filename=Android-My..., appium:automationName: UiAutomator2, appium:deviceName: Android GoogleAPI Emulator, appium:platformVersion: 12.0, platformName: ANDROID, sauce:options: Capabilities {accessKey: bb...}
❌ Failed to initialize WebDriver: org.openqa.selenium.SessionNotCreatedException: Could not start a new session. Response code 400. Message: Job not started. Your organization has reached its concurrent session limit. Contact your administrator or sales@saucelabs.com to upgrade. 
Host info: host: 'DESKTOP-2CPQ0LA', ip: '192.168.1.79'
Build info: version: '4.18.1', revision: 'b1d3319b48'
System info: os.name: 'Windows 11', os.arch: 'amd64', os.version: '10.0', java.version: '17.0.12'
Driver info: io.appium.java_client.android.AndroidDriver
Command: [null, newSession {capabilities=[Capabilities {appium:app: storage:filename=Android-My..., appium:automationName: UiAutomator2, appium:deviceName: Android GoogleAPI Emulator, appium:platformVersion: 12.0, platformName: ANDROID, sauce:options: Capabilities {accessKey: bb...}]}]
Capabilities {appium:app: storage:filename=Android-My..., appium:automationName: UiAutomator2, appium:deviceName: Android GoogleAPI Emulator, appium:platformVersion: 12.0, platformName: ANDROID, sauce:options: Capabilities {accessKey: bb...}

❌ Test failed: XSP-3
Error: WebDriver initialization failed

]]></system-err>
  </testcase>
  <testcase name="executeTestFlow[XSP-3, @regression, sauce android, XSP-62](3)" classname="com.automation.tests.TestRunner" time="0">
    <skipped message="WebDriver initialization failed"/>
    <system-out><![CDATA[â�­ï¸� Test skipped: executeTestFlow
]]></system-out>
  </testcase>
  <testcase name="executeTestFlow[XSP-3, @regression, sauce android, XSP-62](3)" classname="com.automation.tests.TestRunner" time="0">
    <skipped message="WebDriver initialization failed"/>
    <system-out><![CDATA[â�­ï¸� Test skipped: executeTestFlow
]]></system-out>
  </testcase>
  <testcase name="executeTestFlow[XSP-3, @regression, sauce android, XSP-62](4)" classname="com.automation.tests.TestRunner" time="1.98">
    <failure message="WebDriver initialization failed" type="java.lang.RuntimeException"><![CDATA[java.lang.RuntimeException: WebDriver initialization failed
	at com.automation.tests.BaseTest.initializeDriver(BaseTest.java:42)
	at com.automation.tests.TestRunner.lambda$0(TestRunner.java:126)
	at io.qameta.allure.Allure.lambda$step$0(Allure.java:113)
	at io.qameta.allure.Allure.lambda$step$1(Allure.java:127)
	at io.qameta.allure.Allure.step(Allure.java:181)
	at io.qameta.allure.Allure.step(Allure.java:125)
	at io.qameta.allure.Allure.step(Allure.java:112)
	at com.automation.tests.TestRunner.executeTestFlow(TestRunner.java:125)
	at java.base/jdk.internal.reflect.NativeMethodAccessorImpl.invoke0(Native Method)
	at java.base/jdk.internal.reflect.NativeMethodAccessorImpl.invoke(NativeMethodAccessorImpl.java:77)
	at java.base/jdk.internal.reflect.DelegatingMethodAccessorImpl.invoke(DelegatingMethodAccessorImpl.java:43)
	at java.base/java.lang.reflect.Method.invoke(Method.java:568)
	at org.testng.internal.MethodInvocationHelper.invokeMethod(MethodInvocationHelper.java:133)
	at org.testng.internal.TestInvoker.invokeMethod(TestInvoker.java:598)
	at org.testng.internal.TestInvoker.invokeTestMethod(TestInvoker.java:173)
	at org.testng.internal.TestMethodWithDataProviderMethodWorker.call(TestMethodWithDataProviderMethodWorker.java:77)
	at org.testng.internal.TestMethodWithDataProviderMethodWorker.call(TestMethodWithDataProviderMethodWorker.java:15)
	at java.base/java.util.concurrent.FutureTask.run(FutureTask.java:264)
	at java.base/java.util.concurrent.Executors$RunnableAdapter.call(Executors.java:539)
	at java.base/java.util.concurrent.FutureTask.run(FutureTask.java:264)
	at java.base/java.util.concurrent.ThreadPoolExecutor.runWorker(ThreadPoolExecutor.java:1136)
	at java.base/java.util.concurrent.ThreadPoolExecutor$Worker.run(ThreadPoolExecutor.java:635)
	at java.base/java.lang.Thread.run(Thread.java:842)
Caused by: java.lang.RuntimeException: org.openqa.selenium.SessionNotCreatedException: Could not start a new session. Response code 400. Message: Job not started. Your organization has reached its concurrent session limit. Contact your administrator or sales@saucelabs.com to upgrade. 
Host info: host: 'DESKTOP-2CPQ0LA', ip: '192.168.1.79'
Build info: version: '4.18.1', revision: 'b1d3319b48'
System info: os.name: 'Windows 11', os.arch: 'amd64', os.version: '10.0', java.version: '17.0.12'
Driver info: io.appium.java_client.android.AndroidDriver
Command: [null, newSession {capabilities=[Capabilities {appium:app: storage:filename=Android-My..., appium:automationName: UiAutomator2, appium:deviceName: Android GoogleAPI Emulator, appium:platformVersion: 12.0, platformName: ANDROID, sauce:options: Capabilities {accessKey: bb...}]}]
Capabilities {appium:app: storage:filename=Android-My..., appium:automationName: UiAutomator2, appium:deviceName: Android GoogleAPI Emulator, appium:platformVersion: 12.0, platformName: ANDROID, sauce:options: Capabilities {accessKey: bb...}
	at com.automation.executor.DriverManager.createDriver(DriverManager.java:106)
	at com.automation.executor.DriverManager.getDriver(DriverManager.java:29)
	at com.automation.tests.BaseTest.initializeDriver(BaseTest.java:39)
	... 22 more
Caused by: org.openqa.selenium.SessionNotCreatedException: Could not start a new session. Response code 400. Message: Job not started. Your organization has reached its concurrent session limit. Contact your administrator or sales@saucelabs.com to upgrade. 
Host info: host: 'DESKTOP-2CPQ0LA', ip: '192.168.1.79'
Build info: version: '4.18.1', revision: 'b1d3319b48'
System info: os.name: 'Windows 11', os.arch: 'amd64', os.version: '10.0', java.version: '17.0.12'
Driver info: io.appium.java_client.android.AndroidDriver
Command: [null, newSession {capabilities=[Capabilities {appium:app: storage:filename=Android-My..., appium:automationName: UiAutomator2, appium:deviceName: Android GoogleAPI Emulator, appium:platformVersion: 12.0, platformName: ANDROID, sauce:options: Capabilities {accessKey: bb...}]}]
Capabilities {appium:app: storage:filename=Android-My..., appium:automationName: UiAutomator2, appium:deviceName: Android GoogleAPI Emulator, appium:platformVersion: 12.0, platformName: ANDROID, sauce:options: Capabilities {accessKey: bb...}
	at org.openqa.selenium.remote.ProtocolHandshake.createSession(ProtocolHandshake.java:139)
	at org.openqa.selenium.remote.ProtocolHandshake.createSession(ProtocolHandshake.java:95)
	at org.openqa.selenium.remote.ProtocolHandshake.createSession(ProtocolHandshake.java:67)
	at io.appium.java_client.remote.AppiumCommandExecutor.createSession(AppiumCommandExecutor.java:176)
	at io.appium.java_client.remote.AppiumCommandExecutor.execute(AppiumCommandExecutor.java:237)
	at org.openqa.selenium.remote.RemoteWebDriver.execute(RemoteWebDriver.java:519)
	at io.appium.java_client.AppiumDriver.startSession(AppiumDriver.java:270)
	at org.openqa.selenium.remote.RemoteWebDriver.<init>(RemoteWebDriver.java:162)
	at io.appium.java_client.AppiumDriver.<init>(AppiumDriver.java:91)
	at io.appium.java_client.AppiumDriver.<init>(AppiumDriver.java:103)
	at io.appium.java_client.android.AndroidDriver.<init>(AndroidDriver.java:109)
	at com.automation.executor.DriverManager.createDriver(DriverManager.java:86)
	... 24 more
]]></failure>
    <system-out><![CDATA[â�­ï¸� Test skipped: executeTestFlow
ðŸ“Š [afterInvocation] Method: executeTestFlow, isTestMethod: true, status: 2, hasFailure: false
]]></system-out>
    <system-err><![CDATA[Failed to initialize WebDriver: Could not start a new session. Response code 400. Message: Job not started. Your organization has reached its concurrent session limit. Contact your administrator or sales@saucelabs.com to upgrade. 
Host info: host: 'DESKTOP-2CPQ0LA', ip: '192.168.1.79'
Build info: version: '4.18.1', revision: 'b1d3319b48'
System info: os.name: 'Windows 11', os.arch: 'amd64', os.version: '10.0', java.version: '17.0.12'
Driver info: io.appium.java_client.android.AndroidDriver
Command: [null, newSession {capabilities=[Capabilities {appium:app: storage:filename=Android-My..., appium:automationName: UiAutomator2, appium:deviceName: Android GoogleAPI Emulator, appium:platformVersion: 12.0, platformName: ANDROID, sauce:options: Capabilities {accessKey: bb...}]}]
Capabilities {appium:app: storage:filename=Android-My..., appium:automationName: UiAutomator2, appium:deviceName: Android GoogleAPI Emulator, appium:platformVersion: 12.0, platformName: ANDROID, sauce:options: Capabilities {accessKey: bb...}
❌ Failed to initialize WebDriver: org.openqa.selenium.SessionNotCreatedException: Could not start a new session. Response code 400. Message: Job not started. Your organization has reached its concurrent session limit. Contact your administrator or sales@saucelabs.com to upgrade. 
Host info: host: 'DESKTOP-2CPQ0LA', ip: '192.168.1.79'
Build info: version: '4.18.1', revision: 'b1d3319b48'
System info: os.name: 'Windows 11', os.arch: 'amd64', os.version: '10.0', java.version: '17.0.12'
Driver info: io.appium.java_client.android.AndroidDriver
Command: [null, newSession {capabilities=[Capabilities {appium:app: storage:filename=Android-My..., appium:automationName: UiAutomator2, appium:deviceName: Android GoogleAPI Emulator, appium:platformVersion: 12.0, platformName: ANDROID, sauce:options: Capabilities {accessKey: bb...}]}]
Capabilities {appium:app: storage:filename=Android-My..., appium:automationName: UiAutomator2, appium:deviceName: Android GoogleAPI Emulator, appium:platformVersion: 12.0, platformName: ANDROID, sauce:options: Capabilities {accessKey: bb...}

❌ Test failed: XSP-3
Error: WebDriver initialization failed

]]></system-err>
  </testcase>
  <testcase name="executeTestFlow[XSP-3, @regression, sauce android, XSP-62](5)" classname="com.automation.tests.TestRunner" time="0">
    <skipped message="WebDriver initialization failed"/>
    <system-out><![CDATA[
========================================
â�Œ FAILED XSP-3
========================================
Reason: WebDriver initialization failed
========================================

[2026-06-08 21:27:47] [TestNG-PoolService-4] [ERROR] io.qameta.allure.AllureLifecycle - Could not start step: no test case running
[2026-06-08 21:27:47] [TestNG-PoolService-4] [ERROR] io.qameta.allure.AllureLifecycle - Could not stop step: step with uuid 86ae94fe-673a-49eb-944d-3bc171ed33d2 not found
ðŸ”Ž Trying Xray exact-schema payload: {"testExecutionKey":"XSP-62","tests":[{"start":"2026-06-08T21:27:48.384304400-04:00","finish":"2026-06-08T21:27:48.384304400-04:00","comment":"Automated execution result","testKey":"XSP-3","status":"SKIPPED"}],"info":{"summary":"Execution of automated tests for run","description":"Automated import from test run","finishDate":"2026-06-08T21:27:48.383311600-04:00","startDate":"2026-06-08T21:27:48.382303500-04:00"}}
ðŸ”Ž Trying Xray exact-schema payload: {"testExecutionKey":"XSP-62","tests":[{"start":"2026-06-08T21:27:48.519808400-04:00","finish":"2026-06-08T21:27:48.519808400-04:00","comment":"Automated execution result","testKey":"XSP-3","status":"FAILED"}],"info":{"summary":"Execution of automated tests for run","description":"Automated import from test run","finishDate":"2026-06-08T21:27:48.519808400-04:00","startDate":"2026-06-08T21:27:48.519808400-04:00"}}
ðŸ”Ž Trying Xray exact-schema payload: {"testExecutionKey":"XSP-62","tests":[{"start":"2026-06-08T21:27:48.663619200-04:00","finish":"2026-06-08T21:27:48.663619200-04:00","comment":"Automated execution result","testKey":"XSP-3","status":"SKIPPED"}],"info":{"summary":"Execution of automated tests for run","description":"Automated import from test run","finishDate":"2026-06-08T21:27:48.663619200-04:00","startDate":"2026-06-08T21:27:48.663619200-04:00"}}
ðŸ”Ž Trying Xray exact-schema payload: {"testExecutionKey":"XSP-62","tests":[{"start":"2026-06-08T21:27:48.808415400-04:00","finish":"2026-06-08T21:27:48.808415400-04:00","comment":"Automated execution result","testKey":"XSP-3","status":"SKIPPED"}],"info":{"summary":"Execution of automated tests for run","description":"Automated import from test run","finishDate":"2026-06-08T21:27:48.808415400-04:00","startDate":"2026-06-08T21:27:48.807418200-04:00"}}
â�Œ Xray rejected payload: {"error":"Error updating Test Execution - Update issue XSP-62 failed! - customfield_10043: Field 'customfield_10043' cannot be set. It is not on the appropriate screen, or unknown., customfield_10044: Field 'customfield_10044' cannot be set. It is not on the appropriate screen, or unknown."}
ðŸ”Ž Trying Xray payload variant: {"tests":[{"testKey":"XSP-3","status":"SKIPPED"}],"testExecution":{"key":"XSP-62"}}
â�Œ Xray rejected payload: {"error":"Error updating Test Execution - Update issue XSP-62 failed! - customfield_10043: Field 'customfield_10043' cannot be set. It is not on the appropriate screen, or unknown., customfield_10044: Field 'customfield_10044' cannot be set. It is not on the appropriate screen, or unknown."}
ðŸ”Ž Trying Xray payload variant: {"tests":[{"testKey":"XSP-3","status":"FAILED"}],"testExecution":{"key":"XSP-62"}}
â�Œ Xray rejected payload: {"error":"Error updating Test Execution - Update issue XSP-62 failed! - customfield_10043: Field 'customfield_10043' cannot be set. It is not on the appropriate screen, or unknown., customfield_10044: Field 'customfield_10044' cannot be set. It is not on the appropriate screen, or unknown."}
ðŸ”Ž Trying Xray payload variant: {"tests":[{"testKey":"XSP-3","status":"SKIPPED"}],"testExecution":{"key":"XSP-62"}}
â�Œ Xray rejected payload: {"error":"Error updating Test Execution - Update issue XSP-62 failed! - customfield_10043: Field 'customfield_10043' cannot be set. It is not on the appropriate screen, or unknown., customfield_10044: Field 'customfield_10044' cannot be set. It is not on the appropriate screen, or unknown."}
ðŸ”Ž Trying Xray payload variant: {"tests":[{"testKey":"XSP-3","status":"SKIPPED"}],"testExecution":{"key":"XSP-62"}}
â�Œ Xray rejected payload: {"error":"Result is not valid Xray Format"}
ðŸ”Ž Trying Xray payload variant: {"testExecutionKey":"XSP-62","tests":[{"testKey":"XSP-3","status":"FAILED"}]}
â�Œ Xray rejected payload: {"error":"Result is not valid Xray Format"}
ðŸ”Ž Trying Xray payload variant: {"testExecutionKey":"XSP-62","tests":[{"testKey":"XSP-3","status":"SKIPPED"}]}
â�Œ Xray rejected payload: {"error":"Result is not valid Xray Format"}
ðŸ”Ž Trying Xray payload variant: {"testExecutionKey":"XSP-62","tests":[{"testKey":"XSP-3","status":"SKIPPED"}]}
â�Œ Xray rejected payload: {"error":"Result is not valid Xray Format"}
ðŸ”Ž Trying Xray payload variant: {"testExecutionKey":"XSP-62","tests":[{"testKey":"XSP-3","status":"SKIPPED"}]}
âœ… Xray accepted payload. Response: {"id":"10065","key":"XSP-62","self":"https://arborskiran9978.atlassian.net/rest/api/2/issue/10065"}
âš ï¸� [tearDown] Test already marked as failed
ðŸ§¹ Cleaning up WebDriver
ðŸ“Š [afterInvocation] Method: tearDown, isTestMethod: false, status: 1, hasFailure: false
âœ… Found file at: C:\Users\tutru\Downloads\JiraTest\SeleniumJavaAllureHybrid-main\src\test\java\com\automation\tests\BusinessFlow.xlsx
âœ… Xray accepted payload. Response: {"id":"10065","key":"XSP-62","self":"https://arborskiran9978.atlassian.net/rest/api/2/issue/10065"}
âš ï¸� [tearDown] Test already marked as failed
ðŸ§¹ Cleaning up WebDriver
ðŸ“Š [afterInvocation] Method: tearDown, isTestMethod: false, status: 1, hasFailure: false
ðŸ”§ Base test setup started. WebDriver will be initialized for each test case.
ðŸ“Š [afterInvocation] Method: setUp, isTestMethod: false, status: 1, hasFailure: false
âœ… Test started: XSP-3

========================================
ðŸš€ Starting Test: XSP-3
Tags: @regression
Browser: sauce android
========================================

ðŸ”§ Initializing WebDriver for browser: sauce android
âœ… Xray accepted payload. Response: {"id":"10065","key":"XSP-62","self":"https://arborskiran9978.atlassian.net/rest/api/2/issue/10065"}
âš ï¸� [tearDown] Test already marked as failed
ðŸ§¹ Cleaning up WebDriver
ðŸ“Š [afterInvocation] Method: tearDown, isTestMethod: false, status: 1, hasFailure: false
âœ… Found file at: C:\Users\tutru\Downloads\JiraTest\SeleniumJavaAllureHybrid-main\src\test\java\com\automation\tests\BusinessFlow.xlsx
ðŸ”§ Base test setup started. WebDriver will be initialized for each test case.
ðŸ“Š [afterInvocation] Method: setUp, isTestMethod: false, status: 1, hasFailure: false
âœ… Test started: XSP-3

========================================
ðŸš€ Starting Test: XSP-3
Tags: @regression
Browser: sauce android
========================================

ðŸ”§ Initializing WebDriver for browser: sauce android
âœ… Xray accepted payload. Response: {"id":"10065","key":"XSP-62","self":"https://arborskiran9978.atlassian.net/rest/api/2/issue/10065"}
âš ï¸� [tearDown] Test already marked as failed
ðŸ§¹ Cleaning up WebDriver
ðŸ“Š [afterInvocation] Method: tearDown, isTestMethod: false, status: 1, hasFailure: false
âœ… Found file at: C:\Users\tutru\Downloads\JiraTest\SeleniumJavaAllureHybrid-main\src\test\java\com\automation\tests\BusinessFlow.xlsx
ðŸ“Š [afterInvocation] Method: executeTestFlow, isTestMethod: true, status: 2, hasFailure: false

ðŸ”„ Retrying test: executeTestFlow | Attempt: 2/3
]]></system-out>
    <system-err><![CDATA[Failed to initialize WebDriver: Could not start a new session. Response code 400. Message: Job not started. Your organization has reached its concurrent session limit. Contact your administrator or sales@saucelabs.com to upgrade. 
Host info: host: 'DESKTOP-2CPQ0LA', ip: '192.168.1.79'
Build info: version: '4.18.1', revision: 'b1d3319b48'
System info: os.name: 'Windows 11', os.arch: 'amd64', os.version: '10.0', java.version: '17.0.12'
Driver info: io.appium.java_client.android.AndroidDriver
Command: [null, newSession {capabilities=[Capabilities {appium:app: storage:filename=Android-My..., appium:automationName: UiAutomator2, appium:deviceName: Android GoogleAPI Emulator, appium:platformVersion: 12.0, platformName: ANDROID, sauce:options: Capabilities {accessKey: bb...}]}]
Capabilities {appium:app: storage:filename=Android-My..., appium:automationName: UiAutomator2, appium:deviceName: Android GoogleAPI Emulator, appium:platformVersion: 12.0, platformName: ANDROID, sauce:options: Capabilities {accessKey: bb...}
❌ Failed to initialize WebDriver: org.openqa.selenium.SessionNotCreatedException: Could not start a new session. Response code 400. Message: Job not started. Your organization has reached its concurrent session limit. Contact your administrator or sales@saucelabs.com to upgrade. 
Host info: host: 'DESKTOP-2CPQ0LA', ip: '192.168.1.79'
Build info: version: '4.18.1', revision: 'b1d3319b48'
System info: os.name: 'Windows 11', os.arch: 'amd64', os.version: '10.0', java.version: '17.0.12'
Driver info: io.appium.java_client.android.AndroidDriver
Command: [null, newSession {capabilities=[Capabilities {appium:app: storage:filename=Android-My..., appium:automationName: UiAutomator2, appium:deviceName: Android GoogleAPI Emulator, appium:platformVersion: 12.0, platformName: ANDROID, sauce:options: Capabilities {accessKey: bb...}]}]
Capabilities {appium:app: storage:filename=Android-My..., appium:automationName: UiAutomator2, appium:deviceName: Android GoogleAPI Emulator, appium:platformVersion: 12.0, platformName: ANDROID, sauce:options: Capabilities {accessKey: bb...}

❌ Test failed: XSP-3
Error: WebDriver initialization failed

]]></system-err>
  </testcase>
  <testcase name="executeTestFlow[XSP-3, @regression, sauce android, XSP-62](6)" classname="com.automation.tests.TestRunner" time="0">
    <skipped message="WebDriver initialization failed"/>
    <system-out><![CDATA[â�­ï¸� Test skipped: executeTestFlow
ðŸ”Ž Trying Xray exact-schema payload: {"testExecutionKey":"XSP-62","tests":[{"start":"2026-06-08T21:27:56.014208100-04:00","finish":"2026-06-08T21:27:56.014208100-04:00","comment":"Automated execution result","testKey":"XSP-3","status":"SKIPPED"}],"info":{"summary":"Execution of automated tests for run","description":"Automated import from test run","finishDate":"2026-06-08T21:27:56.014208100-04:00","startDate":"2026-06-08T21:27:56.014208100-04:00"}}
ðŸ”§ Base test setup started. WebDriver will be initialized for each test case.
ðŸ“Š [afterInvocation] Method: setUp, isTestMethod: false, status: 1, hasFailure: false
âœ… Test started: XSP-3

========================================
ðŸš€ Starting Test: XSP-3
Tags: @regression
Browser: sauce android
========================================

ðŸ”§ Initializing WebDriver for browser: sauce android
ðŸ“Š [afterInvocation] Method: executeTestFlow, isTestMethod: true, status: 2, hasFailure: false

ðŸ”„ Retrying test: executeTestFlow | Attempt: 2/3
]]></system-out>
    <system-err><![CDATA[Failed to initialize WebDriver: Could not start a new session. Response code 400. Message: Job not started. Your organization has reached its concurrent session limit. Contact your administrator or sales@saucelabs.com to upgrade. 
Host info: host: 'DESKTOP-2CPQ0LA', ip: '192.168.1.79'
Build info: version: '4.18.1', revision: 'b1d3319b48'
System info: os.name: 'Windows 11', os.arch: 'amd64', os.version: '10.0', java.version: '17.0.12'
Driver info: io.appium.java_client.android.AndroidDriver
Command: [null, newSession {capabilities=[Capabilities {appium:app: storage:filename=Android-My..., appium:automationName: UiAutomator2, appium:deviceName: Android GoogleAPI Emulator, appium:platformVersion: 12.0, platformName: ANDROID, sauce:options: Capabilities {accessKey: bb...}]}]
Capabilities {appium:app: storage:filename=Android-My..., appium:automationName: UiAutomator2, appium:deviceName: Android GoogleAPI Emulator, appium:platformVersion: 12.0, platformName: ANDROID, sauce:options: Capabilities {accessKey: bb...}
❌ Failed to initialize WebDriver: org.openqa.selenium.SessionNotCreatedException: Could not start a new session. Response code 400. Message: Job not started. Your organization has reached its concurrent session limit. Contact your administrator or sales@saucelabs.com to upgrade. 
Host info: host: 'DESKTOP-2CPQ0LA', ip: '192.168.1.79'
Build info: version: '4.18.1', revision: 'b1d3319b48'
System info: os.name: 'Windows 11', os.arch: 'amd64', os.version: '10.0', java.version: '17.0.12'
Driver info: io.appium.java_client.android.AndroidDriver
Command: [null, newSession {capabilities=[Capabilities {appium:app: storage:filename=Android-My..., appium:automationName: UiAutomator2, appium:deviceName: Android GoogleAPI Emulator, appium:platformVersion: 12.0, platformName: ANDROID, sauce:options: Capabilities {accessKey: bb...}]}]
Capabilities {appium:app: storage:filename=Android-My..., appium:automationName: UiAutomator2, appium:deviceName: Android GoogleAPI Emulator, appium:platformVersion: 12.0, platformName: ANDROID, sauce:options: Capabilities {accessKey: bb...}

❌ Test failed: XSP-3
Error: WebDriver initialization failed

]]></system-err>
  </testcase>
  <testcase name="executeTestFlow[XSP-3, @regression, sauce android, XSP-62](7)" classname="com.automation.tests.TestRunner" time="0">
    <skipped message="WebDriver initialization failed"/>
    <system-out><![CDATA[â�­ï¸� Test skipped: executeTestFlow
ðŸ”Ž Trying Xray exact-schema payload: {"testExecutionKey":"XSP-62","tests":[{"start":"2026-06-08T21:27:56.614507200-04:00","finish":"2026-06-08T21:27:56.614507200-04:00","comment":"Automated execution result","testKey":"XSP-3","status":"SKIPPED"}],"info":{"summary":"Execution of automated tests for run","description":"Automated import from test run","finishDate":"2026-06-08T21:27:56.614507200-04:00","startDate":"2026-06-08T21:27:56.614507200-04:00"}}
ðŸ“Š [afterInvocation] Method: executeTestFlow, isTestMethod: true, status: 2, hasFailure: false

ðŸ”„ Retrying test: executeTestFlow | Attempt: 3/3
]]></system-out>
    <system-err><![CDATA[Failed to initialize WebDriver: Could not start a new session. Response code 400. Message: Job not started. Your organization has reached its concurrent session limit. Contact your administrator or sales@saucelabs.com to upgrade. 
Host info: host: 'DESKTOP-2CPQ0LA', ip: '192.168.1.79'
Build info: version: '4.18.1', revision: 'b1d3319b48'
System info: os.name: 'Windows 11', os.arch: 'amd64', os.version: '10.0', java.version: '17.0.12'
Driver info: io.appium.java_client.android.AndroidDriver
Command: [null, newSession {capabilities=[Capabilities {appium:app: storage:filename=Android-My..., appium:automationName: UiAutomator2, appium:deviceName: Android GoogleAPI Emulator, appium:platformVersion: 12.0, platformName: ANDROID, sauce:options: Capabilities {accessKey: bb...}]}]
Capabilities {appium:app: storage:filename=Android-My..., appium:automationName: UiAutomator2, appium:deviceName: Android GoogleAPI Emulator, appium:platformVersion: 12.0, platformName: ANDROID, sauce:options: Capabilities {accessKey: bb...}
❌ Failed to initialize WebDriver: org.openqa.selenium.SessionNotCreatedException: Could not start a new session. Response code 400. Message: Job not started. Your organization has reached its concurrent session limit. Contact your administrator or sales@saucelabs.com to upgrade. 
Host info: host: 'DESKTOP-2CPQ0LA', ip: '192.168.1.79'
Build info: version: '4.18.1', revision: 'b1d3319b48'
System info: os.name: 'Windows 11', os.arch: 'amd64', os.version: '10.0', java.version: '17.0.12'
Driver info: io.appium.java_client.android.AndroidDriver
Command: [null, newSession {capabilities=[Capabilities {appium:app: storage:filename=Android-My..., appium:automationName: UiAutomator2, appium:deviceName: Android GoogleAPI Emulator, appium:platformVersion: 12.0, platformName: ANDROID, sauce:options: Capabilities {accessKey: bb...}]}]
Capabilities {appium:app: storage:filename=Android-My..., appium:automationName: UiAutomator2, appium:deviceName: Android GoogleAPI Emulator, appium:platformVersion: 12.0, platformName: ANDROID, sauce:options: Capabilities {accessKey: bb...}

❌ Test failed: XSP-3
Error: WebDriver initialization failed

]]></system-err>
  </testcase>
  <testcase name="executeTestFlow[XSP-3, @regression, sauce android, XSP-62](8)" classname="com.automation.tests.TestRunner" time="0">
    <skipped message="WebDriver initialization failed"/>
    <system-out><![CDATA[â�­ï¸� Test skipped: executeTestFlow
ðŸ”Ž Trying Xray exact-schema payload: {"testExecutionKey":"XSP-62","tests":[{"start":"2026-06-08T21:27:56.704582900-04:00","finish":"2026-06-08T21:27:56.704582900-04:00","comment":"Automated execution result","testKey":"XSP-3","status":"SKIPPED"}],"info":{"summary":"Execution of automated tests for run","description":"Automated import from test run","finishDate":"2026-06-08T21:27:56.704582900-04:00","startDate":"2026-06-08T21:27:56.704582900-04:00"}}
â�Œ Xray rejected payload: {"error":"Error updating Test Execution - Update issue XSP-62 failed! - customfield_10043: Field 'customfield_10043' cannot be set. It is not on the appropriate screen, or unknown., customfield_10044: Field 'customfield_10044' cannot be set. It is not on the appropriate screen, or unknown."}
ðŸ”Ž Trying Xray payload variant: {"tests":[{"testKey":"XSP-3","status":"SKIPPED"}],"testExecution":{"key":"XSP-62"}}
â�Œ Xray rejected payload: {"error":"Error updating Test Execution - Update issue XSP-62 failed! - customfield_10043: Field 'customfield_10043' cannot be set. It is not on the appropriate screen, or unknown., customfield_10044: Field 'customfield_10044' cannot be set. It is not on the appropriate screen, or unknown."}
ðŸ”Ž Trying Xray payload variant: {"tests":[{"testKey":"XSP-3","status":"SKIPPED"}],"testExecution":{"key":"XSP-62"}}
â�Œ Xray rejected payload: {"error":"Error updating Test Execution - Update issue XSP-62 failed! - customfield_10043: Field 'customfield_10043' cannot be set. It is not on the appropriate screen, or unknown., customfield_10044: Field 'customfield_10044' cannot be set. It is not on the appropriate screen, or unknown."}
ðŸ”Ž Trying Xray payload variant: {"tests":[{"testKey":"XSP-3","status":"SKIPPED"}],"testExecution":{"key":"XSP-62"}}
â�Œ Xray rejected payload: {"error":"Result is not valid Xray Format"}
ðŸ”Ž Trying Xray payload variant: {"testExecutionKey":"XSP-62","tests":[{"testKey":"XSP-3","status":"SKIPPED"}]}
â�Œ Xray rejected payload: {"error":"Result is not valid Xray Format"}
ðŸ”Ž Trying Xray payload variant: {"testExecutionKey":"XSP-62","tests":[{"testKey":"XSP-3","status":"SKIPPED"}]}
â�Œ Xray rejected payload: {"error":"Result is not valid Xray Format"}
ðŸ”Ž Trying Xray payload variant: {"testExecutionKey":"XSP-62","tests":[{"testKey":"XSP-3","status":"SKIPPED"}]}
âœ… Xray accepted payload. Response: {"id":"10065","key":"XSP-62","self":"https://arborskiran9978.atlassian.net/rest/api/2/issue/10065"}
âš ï¸� [tearDown] Test already marked as failed
ðŸ§¹ Cleaning up WebDriver
ðŸ“Š [afterInvocation] Method: tearDown, isTestMethod: false, status: 1, hasFailure: false
âœ… Found file at: C:\Users\tutru\Downloads\JiraTest\SeleniumJavaAllureHybrid-main\src\test\java\com\automation\tests\BusinessFlow.xlsx
ðŸ”§ Base test setup started. WebDriver will be initialized for each test case.
ðŸ“Š [afterInvocation] Method: setUp, isTestMethod: false, status: 1, hasFailure: false
âœ… Test started: XSP-3

========================================
ðŸš€ Starting Test: XSP-3
Tags: @regression
Browser: sauce android
========================================

ðŸ”§ Initializing WebDriver for browser: sauce android
ðŸ“Š [afterInvocation] Method: executeTestFlow, isTestMethod: true, status: 2, hasFailure: false

ðŸ”„ Retrying test: executeTestFlow | Attempt: 2/3
]]></system-out>
    <system-err><![CDATA[Failed to initialize WebDriver: Could not start a new session. Response code 400. Message: Job not started. Your organization has reached its concurrent session limit. Contact your administrator or sales@saucelabs.com to upgrade. 
Host info: host: 'DESKTOP-2CPQ0LA', ip: '192.168.1.79'
Build info: version: '4.18.1', revision: 'b1d3319b48'
System info: os.name: 'Windows 11', os.arch: 'amd64', os.version: '10.0', java.version: '17.0.12'
Driver info: io.appium.java_client.android.AndroidDriver
Command: [null, newSession {capabilities=[Capabilities {appium:app: storage:filename=Android-My..., appium:automationName: UiAutomator2, appium:deviceName: Android GoogleAPI Emulator, appium:platformVersion: 12.0, platformName: ANDROID, sauce:options: Capabilities {accessKey: bb...}]}]
Capabilities {appium:app: storage:filename=Android-My..., appium:automationName: UiAutomator2, appium:deviceName: Android GoogleAPI Emulator, appium:platformVersion: 12.0, platformName: ANDROID, sauce:options: Capabilities {accessKey: bb...}
❌ Failed to initialize WebDriver: org.openqa.selenium.SessionNotCreatedException: Could not start a new session. Response code 400. Message: Job not started. Your organization has reached its concurrent session limit. Contact your administrator or sales@saucelabs.com to upgrade. 
Host info: host: 'DESKTOP-2CPQ0LA', ip: '192.168.1.79'
Build info: version: '4.18.1', revision: 'b1d3319b48'
System info: os.name: 'Windows 11', os.arch: 'amd64', os.version: '10.0', java.version: '17.0.12'
Driver info: io.appium.java_client.android.AndroidDriver
Command: [null, newSession {capabilities=[Capabilities {appium:app: storage:filename=Android-My..., appium:automationName: UiAutomator2, appium:deviceName: Android GoogleAPI Emulator, appium:platformVersion: 12.0, platformName: ANDROID, sauce:options: Capabilities {accessKey: bb...}]}]
Capabilities {appium:app: storage:filename=Android-My..., appium:automationName: UiAutomator2, appium:deviceName: Android GoogleAPI Emulator, appium:platformVersion: 12.0, platformName: ANDROID, sauce:options: Capabilities {accessKey: bb...}

❌ Test failed: XSP-3
Error: WebDriver initialization failed

]]></system-err>
  </testcase>
  <testcase name="executeTestFlow[XSP-3, @regression, sauce android, XSP-62](9)" classname="com.automation.tests.TestRunner" time="0">
    <skipped message="WebDriver initialization failed"/>
    <system-out><![CDATA[â�­ï¸� Test skipped: executeTestFlow
ðŸ”Ž Trying Xray exact-schema payload: {"testExecutionKey":"XSP-62","tests":[{"start":"2026-06-08T21:28:03.285462800-04:00","finish":"2026-06-08T21:28:03.285462800-04:00","comment":"Automated execution result","testKey":"XSP-3","status":"SKIPPED"}],"info":{"summary":"Execution of automated tests for run","description":"Automated import from test run","finishDate":"2026-06-08T21:28:03.285462800-04:00","startDate":"2026-06-08T21:28:03.285462800-04:00"}}
âœ… Xray accepted payload. Response: {"id":"10065","key":"XSP-62","self":"https://arborskiran9978.atlassian.net/rest/api/2/issue/10065"}
âš ï¸� [tearDown] Test already marked as failed
ðŸ§¹ Cleaning up WebDriver
ðŸ“Š [afterInvocation] Method: tearDown, isTestMethod: false, status: 1, hasFailure: false
âœ… Found file at: C:\Users\tutru\Downloads\JiraTest\SeleniumJavaAllureHybrid-main\src\test\java\com\automation\tests\BusinessFlow.xlsx
ðŸ”§ Base test setup started. WebDriver will be initialized for each test case.
ðŸ“Š [afterInvocation] Method: setUp, isTestMethod: false, status: 1, hasFailure: false
âœ… Test started: XSP-3

========================================
ðŸš€ Starting Test: XSP-3
Tags: @regression
Browser: sauce android
========================================

ðŸ”§ Initializing WebDriver for browser: sauce android
ðŸ“Š [afterInvocation] Method: executeTestFlow, isTestMethod: true, status: 2, hasFailure: false

ðŸ”„ Retrying test: executeTestFlow | Attempt: 3/3
]]></system-out>
    <system-err><![CDATA[Failed to initialize WebDriver: Could not start a new session. Response code 400. Message: Job not started. Your organization has reached its concurrent session limit. Contact your administrator or sales@saucelabs.com to upgrade. 
Host info: host: 'DESKTOP-2CPQ0LA', ip: '192.168.1.79'
Build info: version: '4.18.1', revision: 'b1d3319b48'
System info: os.name: 'Windows 11', os.arch: 'amd64', os.version: '10.0', java.version: '17.0.12'
Driver info: io.appium.java_client.android.AndroidDriver
Command: [null, newSession {capabilities=[Capabilities {appium:app: storage:filename=Android-My..., appium:automationName: UiAutomator2, appium:deviceName: Android GoogleAPI Emulator, appium:platformVersion: 12.0, platformName: ANDROID, sauce:options: Capabilities {accessKey: bb...}]}]
Capabilities {appium:app: storage:filename=Android-My..., appium:automationName: UiAutomator2, appium:deviceName: Android GoogleAPI Emulator, appium:platformVersion: 12.0, platformName: ANDROID, sauce:options: Capabilities {accessKey: bb...}
❌ Failed to initialize WebDriver: org.openqa.selenium.SessionNotCreatedException: Could not start a new session. Response code 400. Message: Job not started. Your organization has reached its concurrent session limit. Contact your administrator or sales@saucelabs.com to upgrade. 
Host info: host: 'DESKTOP-2CPQ0LA', ip: '192.168.1.79'
Build info: version: '4.18.1', revision: 'b1d3319b48'
System info: os.name: 'Windows 11', os.arch: 'amd64', os.version: '10.0', java.version: '17.0.12'
Driver info: io.appium.java_client.android.AndroidDriver
Command: [null, newSession {capabilities=[Capabilities {appium:app: storage:filename=Android-My..., appium:automationName: UiAutomator2, appium:deviceName: Android GoogleAPI Emulator, appium:platformVersion: 12.0, platformName: ANDROID, sauce:options: Capabilities {accessKey: bb...}]}]
Capabilities {appium:app: storage:filename=Android-My..., appium:automationName: UiAutomator2, appium:deviceName: Android GoogleAPI Emulator, appium:platformVersion: 12.0, platformName: ANDROID, sauce:options: Capabilities {accessKey: bb...}

❌ Test failed: XSP-3
Error: WebDriver initialization failed

]]></system-err>
  </testcase>
  <testcase name="executeTestFlow[XSP-3, @regression, sauce android, XSP-62](10)" classname="com.automation.tests.TestRunner" time="0.478">
    <failure message="WebDriver initialization failed" type="java.lang.RuntimeException"><![CDATA[java.lang.RuntimeException: WebDriver initialization failed
	at com.automation.tests.BaseTest.initializeDriver(BaseTest.java:42)
	at com.automation.tests.TestRunner.lambda$0(TestRunner.java:126)
	at io.qameta.allure.Allure.lambda$step$0(Allure.java:113)
	at io.qameta.allure.Allure.lambda$step$1(Allure.java:127)
	at io.qameta.allure.Allure.step(Allure.java:181)
	at io.qameta.allure.Allure.step(Allure.java:125)
	at io.qameta.allure.Allure.step(Allure.java:112)
	at com.automation.tests.TestRunner.executeTestFlow(TestRunner.java:125)
	at java.base/jdk.internal.reflect.NativeMethodAccessorImpl.invoke0(Native Method)
	at java.base/jdk.internal.reflect.NativeMethodAccessorImpl.invoke(NativeMethodAccessorImpl.java:77)
	at java.base/jdk.internal.reflect.DelegatingMethodAccessorImpl.invoke(DelegatingMethodAccessorImpl.java:43)
	at java.base/java.lang.reflect.Method.invoke(Method.java:568)
	at org.testng.internal.MethodInvocationHelper.invokeMethod(MethodInvocationHelper.java:133)
	at org.testng.internal.TestInvoker.invokeMethod(TestInvoker.java:598)
	at org.testng.internal.TestInvoker.retryFailed(TestInvoker.java:213)
	at org.testng.internal.TestMethodWithDataProviderMethodWorker.call(TestMethodWithDataProviderMethodWorker.java:94)
	at org.testng.internal.TestMethodWithDataProviderMethodWorker.call(TestMethodWithDataProviderMethodWorker.java:15)
	at java.base/java.util.concurrent.FutureTask.run(FutureTask.java:264)
	at java.base/java.util.concurrent.Executors$RunnableAdapter.call(Executors.java:539)
	at java.base/java.util.concurrent.FutureTask.run(FutureTask.java:264)
	at java.base/java.util.concurrent.ThreadPoolExecutor.runWorker(ThreadPoolExecutor.java:1136)
	at java.base/java.util.concurrent.ThreadPoolExecutor$Worker.run(ThreadPoolExecutor.java:635)
	at java.base/java.lang.Thread.run(Thread.java:842)
Caused by: java.lang.RuntimeException: org.openqa.selenium.SessionNotCreatedException: Could not start a new session. Response code 400. Message: Job not started. Your organization has reached its concurrent session limit. Contact your administrator or sales@saucelabs.com to upgrade. 
Host info: host: 'DESKTOP-2CPQ0LA', ip: '192.168.1.79'
Build info: version: '4.18.1', revision: 'b1d3319b48'
System info: os.name: 'Windows 11', os.arch: 'amd64', os.version: '10.0', java.version: '17.0.12'
Driver info: io.appium.java_client.android.AndroidDriver
Command: [null, newSession {capabilities=[Capabilities {appium:app: storage:filename=Android-My..., appium:automationName: UiAutomator2, appium:deviceName: Android GoogleAPI Emulator, appium:platformVersion: 12.0, platformName: ANDROID, sauce:options: Capabilities {accessKey: bb...}]}]
Capabilities {appium:app: storage:filename=Android-My..., appium:automationName: UiAutomator2, appium:deviceName: Android GoogleAPI Emulator, appium:platformVersion: 12.0, platformName: ANDROID, sauce:options: Capabilities {accessKey: bb...}
	at com.automation.executor.DriverManager.createDriver(DriverManager.java:106)
	at com.automation.executor.DriverManager.getDriver(DriverManager.java:29)
	at com.automation.tests.BaseTest.initializeDriver(BaseTest.java:39)
	... 22 more
Caused by: org.openqa.selenium.SessionNotCreatedException: Could not start a new session. Response code 400. Message: Job not started. Your organization has reached its concurrent session limit. Contact your administrator or sales@saucelabs.com to upgrade. 
Host info: host: 'DESKTOP-2CPQ0LA', ip: '192.168.1.79'
Build info: version: '4.18.1', revision: 'b1d3319b48'
System info: os.name: 'Windows 11', os.arch: 'amd64', os.version: '10.0', java.version: '17.0.12'
Driver info: io.appium.java_client.android.AndroidDriver
Command: [null, newSession {capabilities=[Capabilities {appium:app: storage:filename=Android-My..., appium:automationName: UiAutomator2, appium:deviceName: Android GoogleAPI Emulator, appium:platformVersion: 12.0, platformName: ANDROID, sauce:options: Capabilities {accessKey: bb...}]}]
Capabilities {appium:app: storage:filename=Android-My..., appium:automationName: UiAutomator2, appium:deviceName: Android GoogleAPI Emulator, appium:platformVersion: 12.0, platformName: ANDROID, sauce:options: Capabilities {accessKey: bb...}
	at org.openqa.selenium.remote.ProtocolHandshake.createSession(ProtocolHandshake.java:139)
	at org.openqa.selenium.remote.ProtocolHandshake.createSession(ProtocolHandshake.java:95)
	at org.openqa.selenium.remote.ProtocolHandshake.createSession(ProtocolHandshake.java:67)
	at io.appium.java_client.remote.AppiumCommandExecutor.createSession(AppiumCommandExecutor.java:176)
	at io.appium.java_client.remote.AppiumCommandExecutor.execute(AppiumCommandExecutor.java:237)
	at org.openqa.selenium.remote.RemoteWebDriver.execute(RemoteWebDriver.java:519)
	at io.appium.java_client.AppiumDriver.startSession(AppiumDriver.java:270)
	at org.openqa.selenium.remote.RemoteWebDriver.<init>(RemoteWebDriver.java:162)
	at io.appium.java_client.AppiumDriver.<init>(AppiumDriver.java:91)
	at io.appium.java_client.AppiumDriver.<init>(AppiumDriver.java:103)
	at io.appium.java_client.android.AndroidDriver.<init>(AndroidDriver.java:109)
	at com.automation.executor.DriverManager.createDriver(DriverManager.java:86)
	... 24 more
]]></failure>
    <system-out><![CDATA[â�­ï¸� Test skipped: executeTestFlow
ðŸ”Ž Trying Xray exact-schema payload: {"testExecutionKey":"XSP-62","tests":[{"start":"2026-06-08T21:28:04.162439600-04:00","finish":"2026-06-08T21:28:04.162439600-04:00","comment":"Automated execution result","testKey":"XSP-3","status":"SKIPPED"}],"info":{"summary":"Execution of automated tests for run","description":"Automated import from test run","finishDate":"2026-06-08T21:28:04.162439600-04:00","startDate":"2026-06-08T21:28:04.162439600-04:00"}}
âœ… Xray accepted payload. Response: {"id":"10065","key":"XSP-62","self":"https://arborskiran9978.atlassian.net/rest/api/2/issue/10065"}
âš ï¸� [tearDown] Test already marked as failed
ðŸ§¹ Cleaning up WebDriver
ðŸ“Š [afterInvocation] Method: tearDown, isTestMethod: false, status: 1, hasFailure: false
âœ… Found file at: C:\Users\tutru\Downloads\JiraTest\SeleniumJavaAllureHybrid-main\src\test\java\com\automation\tests\BusinessFlow.xlsx
ðŸ”§ Base test setup started. WebDriver will be initialized for each test case.
ðŸ“Š [afterInvocation] Method: setUp, isTestMethod: false, status: 1, hasFailure: false
âœ… Test started: XSP-3

========================================
ðŸš€ Starting Test: XSP-3
Tags: @regression
Browser: sauce android
========================================

ðŸ”§ Initializing WebDriver for browser: sauce android
ðŸ“Š [afterInvocation] Method: executeTestFlow, isTestMethod: true, status: 2, hasFailure: false
]]></system-out>
    <system-err><![CDATA[Failed to initialize WebDriver: Could not start a new session. Response code 400. Message: Job not started. Your organization has reached its concurrent session limit. Contact your administrator or sales@saucelabs.com to upgrade. 
Host info: host: 'DESKTOP-2CPQ0LA', ip: '192.168.1.79'
Build info: version: '4.18.1', revision: 'b1d3319b48'
System info: os.name: 'Windows 11', os.arch: 'amd64', os.version: '10.0', java.version: '17.0.12'
Driver info: io.appium.java_client.android.AndroidDriver
Command: [null, newSession {capabilities=[Capabilities {appium:app: storage:filename=Android-My..., appium:automationName: UiAutomator2, appium:deviceName: Android GoogleAPI Emulator, appium:platformVersion: 12.0, platformName: ANDROID, sauce:options: Capabilities {accessKey: bb...}]}]
Capabilities {appium:app: storage:filename=Android-My..., appium:automationName: UiAutomator2, appium:deviceName: Android GoogleAPI Emulator, appium:platformVersion: 12.0, platformName: ANDROID, sauce:options: Capabilities {accessKey: bb...}
❌ Failed to initialize WebDriver: org.openqa.selenium.SessionNotCreatedException: Could not start a new session. Response code 400. Message: Job not started. Your organization has reached its concurrent session limit. Contact your administrator or sales@saucelabs.com to upgrade. 
Host info: host: 'DESKTOP-2CPQ0LA', ip: '192.168.1.79'
Build info: version: '4.18.1', revision: 'b1d3319b48'
System info: os.name: 'Windows 11', os.arch: 'amd64', os.version: '10.0', java.version: '17.0.12'
Driver info: io.appium.java_client.android.AndroidDriver
Command: [null, newSession {capabilities=[Capabilities {appium:app: storage:filename=Android-My..., appium:automationName: UiAutomator2, appium:deviceName: Android GoogleAPI Emulator, appium:platformVersion: 12.0, platformName: ANDROID, sauce:options: Capabilities {accessKey: bb...}]}]
Capabilities {appium:app: storage:filename=Android-My..., appium:automationName: UiAutomator2, appium:deviceName: Android GoogleAPI Emulator, appium:platformVersion: 12.0, platformName: ANDROID, sauce:options: Capabilities {accessKey: bb...}

❌ Test failed: XSP-3
Error: WebDriver initialization failed

]]></system-err>
  </testcase>
  <testcase name="executeTestFlow[XSP-3, @regression, sauce android, XSP-62](11)" classname="com.automation.tests.TestRunner" time="0">
    <skipped message="WebDriver initialization failed"/>
    <system-out><![CDATA[
========================================
â�Œ FAILED XSP-3
========================================
Reason: WebDriver initialization failed
========================================

[2026-06-08 21:28:05] [TestNG-PoolService-2] [ERROR] io.qameta.allure.AllureLifecycle - Could not start step: no test case running
[2026-06-08 21:28:05] [TestNG-PoolService-2] [ERROR] io.qameta.allure.AllureLifecycle - Could not stop step: step with uuid cfa6765b-a38c-4f02-b049-f4fd8503bdc1 not found
ðŸ”Ž Trying Xray exact-schema payload: {"testExecutionKey":"XSP-62","tests":[{"start":"2026-06-08T21:28:05.504108700-04:00","finish":"2026-06-08T21:28:05.504108700-04:00","comment":"Automated execution result","testKey":"XSP-3","status":"FAILED"}],"info":{"summary":"Execution of automated tests for run","description":"Automated import from test run","finishDate":"2026-06-08T21:28:05.504108700-04:00","startDate":"2026-06-08T21:28:05.504108700-04:00"}}
â�Œ Xray rejected payload: {"error":"Error updating Test Execution - Update issue XSP-62 failed! - customfield_10043: Field 'customfield_10043' cannot be set. It is not on the appropriate screen, or unknown., customfield_10044: Field 'customfield_10044' cannot be set. It is not on the appropriate screen, or unknown."}
ðŸ”Ž Trying Xray payload variant: {"tests":[{"testKey":"XSP-3","status":"SKIPPED"}],"testExecution":{"key":"XSP-62"}}
â�Œ Xray rejected payload: {"error":"Error updating Test Execution - Update issue XSP-62 failed! - customfield_10043: Field 'customfield_10043' cannot be set. It is not on the appropriate screen, or unknown., customfield_10044: Field 'customfield_10044' cannot be set. It is not on the appropriate screen, or unknown."}
ðŸ”Ž Trying Xray payload variant: {"tests":[{"testKey":"XSP-3","status":"SKIPPED"}],"testExecution":{"key":"XSP-62"}}
â�Œ Xray rejected payload: {"error":"Result is not valid Xray Format"}
ðŸ”Ž Trying Xray payload variant: {"testExecutionKey":"XSP-62","tests":[{"testKey":"XSP-3","status":"SKIPPED"}]}
â�Œ Xray rejected payload: {"error":"Error updating Test Execution - Update issue XSP-62 failed! - customfield_10043: Field 'customfield_10043' cannot be set. It is not on the appropriate screen, or unknown., customfield_10044: Field 'customfield_10044' cannot be set. It is not on the appropriate screen, or unknown."}
ðŸ”Ž Trying Xray payload variant: {"tests":[{"testKey":"XSP-3","status":"FAILED"}],"testExecution":{"key":"XSP-62"}}
â�Œ Xray rejected payload: {"error":"Result is not valid Xray Format"}
ðŸ”Ž Trying Xray payload variant: {"testExecutionKey":"XSP-62","tests":[{"testKey":"XSP-3","status":"SKIPPED"}]}
â�Œ Xray rejected payload: {"error":"Result is not valid Xray Format"}
ðŸ”Ž Trying Xray payload variant: {"testExecutionKey":"XSP-62","tests":[{"testKey":"XSP-3","status":"FAILED"}]}
âœ… Xray accepted payload. Response: {"id":"10065","key":"XSP-62","self":"https://arborskiran9978.atlassian.net/rest/api/2/issue/10065"}
âš ï¸� [tearDown] Test already marked as failed
ðŸ§¹ Cleaning up WebDriver
ðŸ“Š [afterInvocation] Method: tearDown, isTestMethod: false, status: 1, hasFailure: false
âœ… Found file at: C:\Users\tutru\Downloads\JiraTest\SeleniumJavaAllureHybrid-main\src\test\java\com\automation\tests\BusinessFlow.xlsx
ðŸ”§ Base test setup started. WebDriver will be initialized for each test case.
ðŸ“Š [afterInvocation] Method: setUp, isTestMethod: false, status: 1, hasFailure: false
âœ… Test started: XSP-3

========================================
ðŸš€ Starting Test: XSP-3
Tags: @regression
Browser: sauce android
========================================

ðŸ”§ Initializing WebDriver for browser: sauce android
ðŸ“Š [afterInvocation] Method: executeTestFlow, isTestMethod: true, status: 2, hasFailure: false

ðŸ”„ Retrying test: executeTestFlow | Attempt: 3/3
]]></system-out>
    <system-err><![CDATA[Failed to initialize WebDriver: Could not start a new session. Response code 400. Message: Job not started. Your organization has reached its concurrent session limit. Contact your administrator or sales@saucelabs.com to upgrade. 
Host info: host: 'DESKTOP-2CPQ0LA', ip: '192.168.1.79'
Build info: version: '4.18.1', revision: 'b1d3319b48'
System info: os.name: 'Windows 11', os.arch: 'amd64', os.version: '10.0', java.version: '17.0.12'
Driver info: io.appium.java_client.android.AndroidDriver
Command: [null, newSession {capabilities=[Capabilities {appium:app: storage:filename=Android-My..., appium:automationName: UiAutomator2, appium:deviceName: Android GoogleAPI Emulator, appium:platformVersion: 12.0, platformName: ANDROID, sauce:options: Capabilities {accessKey: bb...}]}]
Capabilities {appium:app: storage:filename=Android-My..., appium:automationName: UiAutomator2, appium:deviceName: Android GoogleAPI Emulator, appium:platformVersion: 12.0, platformName: ANDROID, sauce:options: Capabilities {accessKey: bb...}
❌ Failed to initialize WebDriver: org.openqa.selenium.SessionNotCreatedException: Could not start a new session. Response code 400. Message: Job not started. Your organization has reached its concurrent session limit. Contact your administrator or sales@saucelabs.com to upgrade. 
Host info: host: 'DESKTOP-2CPQ0LA', ip: '192.168.1.79'
Build info: version: '4.18.1', revision: 'b1d3319b48'
System info: os.name: 'Windows 11', os.arch: 'amd64', os.version: '10.0', java.version: '17.0.12'
Driver info: io.appium.java_client.android.AndroidDriver
Command: [null, newSession {capabilities=[Capabilities {appium:app: storage:filename=Android-My..., appium:automationName: UiAutomator2, appium:deviceName: Android GoogleAPI Emulator, appium:platformVersion: 12.0, platformName: ANDROID, sauce:options: Capabilities {accessKey: bb...}]}]
Capabilities {appium:app: storage:filename=Android-My..., appium:automationName: UiAutomator2, appium:deviceName: Android GoogleAPI Emulator, appium:platformVersion: 12.0, platformName: ANDROID, sauce:options: Capabilities {accessKey: bb...}

❌ Test failed: XSP-3
Error: WebDriver initialization failed

]]></system-err>
  </testcase>
  <testcase name="executeTestFlow[XSP-3, @regression, sauce android, XSP-62](12)" classname="com.automation.tests.TestRunner" time="0.543">
    <failure message="WebDriver initialization failed" type="java.lang.RuntimeException"><![CDATA[java.lang.RuntimeException: WebDriver initialization failed
	at com.automation.tests.BaseTest.initializeDriver(BaseTest.java:42)
	at com.automation.tests.TestRunner.lambda$0(TestRunner.java:126)
	at io.qameta.allure.Allure.lambda$step$0(Allure.java:113)
	at io.qameta.allure.Allure.lambda$step$1(Allure.java:127)
	at io.qameta.allure.Allure.step(Allure.java:181)
	at io.qameta.allure.Allure.step(Allure.java:125)
	at io.qameta.allure.Allure.step(Allure.java:112)
	at com.automation.tests.TestRunner.executeTestFlow(TestRunner.java:125)
	at java.base/jdk.internal.reflect.NativeMethodAccessorImpl.invoke0(Native Method)
	at java.base/jdk.internal.reflect.NativeMethodAccessorImpl.invoke(NativeMethodAccessorImpl.java:77)
	at java.base/jdk.internal.reflect.DelegatingMethodAccessorImpl.invoke(DelegatingMethodAccessorImpl.java:43)
	at java.base/java.lang.reflect.Method.invoke(Method.java:568)
	at org.testng.internal.MethodInvocationHelper.invokeMethod(MethodInvocationHelper.java:133)
	at org.testng.internal.TestInvoker.invokeMethod(TestInvoker.java:598)
	at org.testng.internal.TestInvoker.retryFailed(TestInvoker.java:213)
	at org.testng.internal.TestMethodWithDataProviderMethodWorker.call(TestMethodWithDataProviderMethodWorker.java:94)
	at org.testng.internal.TestMethodWithDataProviderMethodWorker.call(TestMethodWithDataProviderMethodWorker.java:15)
	at java.base/java.util.concurrent.FutureTask.run(FutureTask.java:264)
	at java.base/java.util.concurrent.Executors$RunnableAdapter.call(Executors.java:539)
	at java.base/java.util.concurrent.FutureTask.run(FutureTask.java:264)
	at java.base/java.util.concurrent.ThreadPoolExecutor.runWorker(ThreadPoolExecutor.java:1136)
	at java.base/java.util.concurrent.ThreadPoolExecutor$Worker.run(ThreadPoolExecutor.java:635)
	at java.base/java.lang.Thread.run(Thread.java:842)
Caused by: java.lang.RuntimeException: org.openqa.selenium.SessionNotCreatedException: Could not start a new session. Response code 400. Message: Job not started. Your organization has reached its concurrent session limit. Contact your administrator or sales@saucelabs.com to upgrade. 
Host info: host: 'DESKTOP-2CPQ0LA', ip: '192.168.1.79'
Build info: version: '4.18.1', revision: 'b1d3319b48'
System info: os.name: 'Windows 11', os.arch: 'amd64', os.version: '10.0', java.version: '17.0.12'
Driver info: io.appium.java_client.android.AndroidDriver
Command: [null, newSession {capabilities=[Capabilities {appium:app: storage:filename=Android-My..., appium:automationName: UiAutomator2, appium:deviceName: Android GoogleAPI Emulator, appium:platformVersion: 12.0, platformName: ANDROID, sauce:options: Capabilities {accessKey: bb...}]}]
Capabilities {appium:app: storage:filename=Android-My..., appium:automationName: UiAutomator2, appium:deviceName: Android GoogleAPI Emulator, appium:platformVersion: 12.0, platformName: ANDROID, sauce:options: Capabilities {accessKey: bb...}
	at com.automation.executor.DriverManager.createDriver(DriverManager.java:106)
	at com.automation.executor.DriverManager.getDriver(DriverManager.java:29)
	at com.automation.tests.BaseTest.initializeDriver(BaseTest.java:39)
	... 22 more
Caused by: org.openqa.selenium.SessionNotCreatedException: Could not start a new session. Response code 400. Message: Job not started. Your organization has reached its concurrent session limit. Contact your administrator or sales@saucelabs.com to upgrade. 
Host info: host: 'DESKTOP-2CPQ0LA', ip: '192.168.1.79'
Build info: version: '4.18.1', revision: 'b1d3319b48'
System info: os.name: 'Windows 11', os.arch: 'amd64', os.version: '10.0', java.version: '17.0.12'
Driver info: io.appium.java_client.android.AndroidDriver
Command: [null, newSession {capabilities=[Capabilities {appium:app: storage:filename=Android-My..., appium:automationName: UiAutomator2, appium:deviceName: Android GoogleAPI Emulator, appium:platformVersion: 12.0, platformName: ANDROID, sauce:options: Capabilities {accessKey: bb...}]}]
Capabilities {appium:app: storage:filename=Android-My..., appium:automationName: UiAutomator2, appium:deviceName: Android GoogleAPI Emulator, appium:platformVersion: 12.0, platformName: ANDROID, sauce:options: Capabilities {accessKey: bb...}
	at org.openqa.selenium.remote.ProtocolHandshake.createSession(ProtocolHandshake.java:139)
	at org.openqa.selenium.remote.ProtocolHandshake.createSession(ProtocolHandshake.java:95)
	at org.openqa.selenium.remote.ProtocolHandshake.createSession(ProtocolHandshake.java:67)
	at io.appium.java_client.remote.AppiumCommandExecutor.createSession(AppiumCommandExecutor.java:176)
	at io.appium.java_client.remote.AppiumCommandExecutor.execute(AppiumCommandExecutor.java:237)
	at org.openqa.selenium.remote.RemoteWebDriver.execute(RemoteWebDriver.java:519)
	at io.appium.java_client.AppiumDriver.startSession(AppiumDriver.java:270)
	at org.openqa.selenium.remote.RemoteWebDriver.<init>(RemoteWebDriver.java:162)
	at io.appium.java_client.AppiumDriver.<init>(AppiumDriver.java:91)
	at io.appium.java_client.AppiumDriver.<init>(AppiumDriver.java:103)
	at io.appium.java_client.android.AndroidDriver.<init>(AndroidDriver.java:109)
	at com.automation.executor.DriverManager.createDriver(DriverManager.java:86)
	... 24 more
]]></failure>
    <system-out><![CDATA[â�­ï¸� Test skipped: executeTestFlow
ðŸ”Ž Trying Xray exact-schema payload: {"testExecutionKey":"XSP-62","tests":[{"start":"2026-06-08T21:28:10.559074600-04:00","finish":"2026-06-08T21:28:10.559074600-04:00","comment":"Automated execution result","testKey":"XSP-3","status":"SKIPPED"}],"info":{"summary":"Execution of automated tests for run","description":"Automated import from test run","finishDate":"2026-06-08T21:28:10.559074600-04:00","startDate":"2026-06-08T21:28:10.559074600-04:00"}}
âœ… Xray accepted payload. Response: {"id":"10065","key":"XSP-62","self":"https://arborskiran9978.atlassian.net/rest/api/2/issue/10065"}
âš ï¸� [tearDown] Test already marked as failed
ðŸ§¹ Cleaning up WebDriver
ðŸ“Š [afterInvocation] Method: tearDown, isTestMethod: false, status: 1, hasFailure: false
âœ… Found file at: C:\Users\tutru\Downloads\JiraTest\SeleniumJavaAllureHybrid-main\src\test\java\com\automation\tests\BusinessFlow.xlsx
ðŸ”§ Base test setup started. WebDriver will be initialized for each test case.
ðŸ“Š [afterInvocation] Method: setUp, isTestMethod: false, status: 1, hasFailure: false
âœ… Test started: XSP-3

========================================
ðŸš€ Starting Test: XSP-3
Tags: @regression
Browser: sauce android
========================================

ðŸ”§ Initializing WebDriver for browser: sauce android
ðŸ“Š [afterInvocation] Method: executeTestFlow, isTestMethod: true, status: 2, hasFailure: false
]]></system-out>
    <system-err><![CDATA[Failed to initialize WebDriver: Could not start a new session. Response code 400. Message: Job not started. Your organization has reached its concurrent session limit. Contact your administrator or sales@saucelabs.com to upgrade. 
Host info: host: 'DESKTOP-2CPQ0LA', ip: '192.168.1.79'
Build info: version: '4.18.1', revision: 'b1d3319b48'
System info: os.name: 'Windows 11', os.arch: 'amd64', os.version: '10.0', java.version: '17.0.12'
Driver info: io.appium.java_client.android.AndroidDriver
Command: [null, newSession {capabilities=[Capabilities {appium:app: storage:filename=Android-My..., appium:automationName: UiAutomator2, appium:deviceName: Android GoogleAPI Emulator, appium:platformVersion: 12.0, platformName: ANDROID, sauce:options: Capabilities {accessKey: bb...}]}]
Capabilities {appium:app: storage:filename=Android-My..., appium:automationName: UiAutomator2, appium:deviceName: Android GoogleAPI Emulator, appium:platformVersion: 12.0, platformName: ANDROID, sauce:options: Capabilities {accessKey: bb...}
❌ Failed to initialize WebDriver: org.openqa.selenium.SessionNotCreatedException: Could not start a new session. Response code 400. Message: Job not started. Your organization has reached its concurrent session limit. Contact your administrator or sales@saucelabs.com to upgrade. 
Host info: host: 'DESKTOP-2CPQ0LA', ip: '192.168.1.79'
Build info: version: '4.18.1', revision: 'b1d3319b48'
System info: os.name: 'Windows 11', os.arch: 'amd64', os.version: '10.0', java.version: '17.0.12'
Driver info: io.appium.java_client.android.AndroidDriver
Command: [null, newSession {capabilities=[Capabilities {appium:app: storage:filename=Android-My..., appium:automationName: UiAutomator2, appium:deviceName: Android GoogleAPI Emulator, appium:platformVersion: 12.0, platformName: ANDROID, sauce:options: Capabilities {accessKey: bb...}]}]
Capabilities {appium:app: storage:filename=Android-My..., appium:automationName: UiAutomator2, appium:deviceName: Android GoogleAPI Emulator, appium:platformVersion: 12.0, platformName: ANDROID, sauce:options: Capabilities {accessKey: bb...}

❌ Test failed: XSP-3
Error: WebDriver initialization failed

]]></system-err>
  </testcase>
  <testcase name="executeTestFlow[XSP-3, @regression, sauce android, XSP-62](13)" classname="com.automation.tests.TestRunner" time="0.454">
    <failure message="WebDriver initialization failed" type="java.lang.RuntimeException"><![CDATA[java.lang.RuntimeException: WebDriver initialization failed
	at com.automation.tests.BaseTest.initializeDriver(BaseTest.java:42)
	at com.automation.tests.TestRunner.lambda$0(TestRunner.java:126)
	at io.qameta.allure.Allure.lambda$step$0(Allure.java:113)
	at io.qameta.allure.Allure.lambda$step$1(Allure.java:127)
	at io.qameta.allure.Allure.step(Allure.java:181)
	at io.qameta.allure.Allure.step(Allure.java:125)
	at io.qameta.allure.Allure.step(Allure.java:112)
	at com.automation.tests.TestRunner.executeTestFlow(TestRunner.java:125)
	at java.base/jdk.internal.reflect.NativeMethodAccessorImpl.invoke0(Native Method)
	at java.base/jdk.internal.reflect.NativeMethodAccessorImpl.invoke(NativeMethodAccessorImpl.java:77)
	at java.base/jdk.internal.reflect.DelegatingMethodAccessorImpl.invoke(DelegatingMethodAccessorImpl.java:43)
	at java.base/java.lang.reflect.Method.invoke(Method.java:568)
	at org.testng.internal.MethodInvocationHelper.invokeMethod(MethodInvocationHelper.java:133)
	at org.testng.internal.TestInvoker.invokeMethod(TestInvoker.java:598)
	at org.testng.internal.TestInvoker.retryFailed(TestInvoker.java:213)
	at org.testng.internal.TestMethodWithDataProviderMethodWorker.call(TestMethodWithDataProviderMethodWorker.java:94)
	at org.testng.internal.TestMethodWithDataProviderMethodWorker.call(TestMethodWithDataProviderMethodWorker.java:15)
	at java.base/java.util.concurrent.FutureTask.run(FutureTask.java:264)
	at java.base/java.util.concurrent.Executors$RunnableAdapter.call(Executors.java:539)
	at java.base/java.util.concurrent.FutureTask.run(FutureTask.java:264)
	at java.base/java.util.concurrent.ThreadPoolExecutor.runWorker(ThreadPoolExecutor.java:1136)
	at java.base/java.util.concurrent.ThreadPoolExecutor$Worker.run(ThreadPoolExecutor.java:635)
	at java.base/java.lang.Thread.run(Thread.java:842)
Caused by: java.lang.RuntimeException: org.openqa.selenium.SessionNotCreatedException: Could not start a new session. Response code 400. Message: Job not started. Your organization has reached its concurrent session limit. Contact your administrator or sales@saucelabs.com to upgrade. 
Host info: host: 'DESKTOP-2CPQ0LA', ip: '192.168.1.79'
Build info: version: '4.18.1', revision: 'b1d3319b48'
System info: os.name: 'Windows 11', os.arch: 'amd64', os.version: '10.0', java.version: '17.0.12'
Driver info: io.appium.java_client.android.AndroidDriver
Command: [null, newSession {capabilities=[Capabilities {appium:app: storage:filename=Android-My..., appium:automationName: UiAutomator2, appium:deviceName: Android GoogleAPI Emulator, appium:platformVersion: 12.0, platformName: ANDROID, sauce:options: Capabilities {accessKey: bb...}]}]
Capabilities {appium:app: storage:filename=Android-My..., appium:automationName: UiAutomator2, appium:deviceName: Android GoogleAPI Emulator, appium:platformVersion: 12.0, platformName: ANDROID, sauce:options: Capabilities {accessKey: bb...}
	at com.automation.executor.DriverManager.createDriver(DriverManager.java:106)
	at com.automation.executor.DriverManager.getDriver(DriverManager.java:29)
	at com.automation.tests.BaseTest.initializeDriver(BaseTest.java:39)
	... 22 more
Caused by: org.openqa.selenium.SessionNotCreatedException: Could not start a new session. Response code 400. Message: Job not started. Your organization has reached its concurrent session limit. Contact your administrator or sales@saucelabs.com to upgrade. 
Host info: host: 'DESKTOP-2CPQ0LA', ip: '192.168.1.79'
Build info: version: '4.18.1', revision: 'b1d3319b48'
System info: os.name: 'Windows 11', os.arch: 'amd64', os.version: '10.0', java.version: '17.0.12'
Driver info: io.appium.java_client.android.AndroidDriver
Command: [null, newSession {capabilities=[Capabilities {appium:app: storage:filename=Android-My..., appium:automationName: UiAutomator2, appium:deviceName: Android GoogleAPI Emulator, appium:platformVersion: 12.0, platformName: ANDROID, sauce:options: Capabilities {accessKey: bb...}]}]
Capabilities {appium:app: storage:filename=Android-My..., appium:automationName: UiAutomator2, appium:deviceName: Android GoogleAPI Emulator, appium:platformVersion: 12.0, platformName: ANDROID, sauce:options: Capabilities {accessKey: bb...}
	at org.openqa.selenium.remote.ProtocolHandshake.createSession(ProtocolHandshake.java:139)
	at org.openqa.selenium.remote.ProtocolHandshake.createSession(ProtocolHandshake.java:95)
	at org.openqa.selenium.remote.ProtocolHandshake.createSession(ProtocolHandshake.java:67)
	at io.appium.java_client.remote.AppiumCommandExecutor.createSession(AppiumCommandExecutor.java:176)
	at io.appium.java_client.remote.AppiumCommandExecutor.execute(AppiumCommandExecutor.java:237)
	at org.openqa.selenium.remote.RemoteWebDriver.execute(RemoteWebDriver.java:519)
	at io.appium.java_client.AppiumDriver.startSession(AppiumDriver.java:270)
	at org.openqa.selenium.remote.RemoteWebDriver.<init>(RemoteWebDriver.java:162)
	at io.appium.java_client.AppiumDriver.<init>(AppiumDriver.java:91)
	at io.appium.java_client.AppiumDriver.<init>(AppiumDriver.java:103)
	at io.appium.java_client.android.AndroidDriver.<init>(AndroidDriver.java:109)
	at com.automation.executor.DriverManager.createDriver(DriverManager.java:86)
	... 24 more
]]></failure>
    <system-out><![CDATA[
========================================
â�Œ FAILED XSP-3
========================================
Reason: WebDriver initialization failed
========================================

[2026-06-08 21:28:11] [TestNG-PoolService-1] [ERROR] io.qameta.allure.AllureLifecycle - Could not start step: no test case running
[2026-06-08 21:28:11] [TestNG-PoolService-1] [ERROR] io.qameta.allure.AllureLifecycle - Could not stop step: step with uuid 6023d9ec-ad57-454d-ae9e-5c01fb819977 not found
ðŸ”Ž Trying Xray exact-schema payload: {"testExecutionKey":"XSP-62","tests":[{"start":"2026-06-08T21:28:11.533020800-04:00","finish":"2026-06-08T21:28:11.533020800-04:00","comment":"Automated execution result","testKey":"XSP-3","status":"FAILED"}],"info":{"summary":"Execution of automated tests for run","description":"Automated import from test run","finishDate":"2026-06-08T21:28:11.533020800-04:00","startDate":"2026-06-08T21:28:11.533020800-04:00"}}
âœ… Xray accepted payload. Response: {"id":"10065","key":"XSP-62","self":"https://arborskiran9978.atlassian.net/rest/api/2/issue/10065"}
âš ï¸� [tearDown] Test already marked as failed
ðŸ§¹ Cleaning up WebDriver
ðŸ“Š [afterInvocation] Method: tearDown, isTestMethod: false, status: 1, hasFailure: false
â�Œ Xray rejected payload: {"error":"Error updating Test Execution - Update issue XSP-62 failed! - customfield_10043: Field 'customfield_10043' cannot be set. It is not on the appropriate screen, or unknown., customfield_10044: Field 'customfield_10044' cannot be set. It is not on the appropriate screen, or unknown."}
ðŸ”Ž Trying Xray payload variant: {"tests":[{"testKey":"XSP-3","status":"SKIPPED"}],"testExecution":{"key":"XSP-62"}}
â�Œ Xray rejected payload: {"error":"Error updating Test Execution - Update issue XSP-62 failed! - customfield_10043: Field 'customfield_10043' cannot be set. It is not on the appropriate screen, or unknown., customfield_10044: Field 'customfield_10044' cannot be set. It is not on the appropriate screen, or unknown."}
ðŸ”Ž Trying Xray payload variant: {"tests":[{"testKey":"XSP-3","status":"FAILED"}],"testExecution":{"key":"XSP-62"}}
â�Œ Xray rejected payload: {"error":"Result is not valid Xray Format"}
ðŸ”Ž Trying Xray payload variant: {"testExecutionKey":"XSP-62","tests":[{"testKey":"XSP-3","status":"SKIPPED"}]}
â�Œ Xray rejected payload: {"error":"Result is not valid Xray Format"}
ðŸ”Ž Trying Xray payload variant: {"testExecutionKey":"XSP-62","tests":[{"testKey":"XSP-3","status":"FAILED"}]}
âœ… Xray accepted payload. Response: {"id":"10065","key":"XSP-62","self":"https://arborskiran9978.atlassian.net/rest/api/2/issue/10065"}
âš ï¸� [tearDown] Test already marked as failed
ðŸ§¹ Cleaning up WebDriver
ðŸ“Š [afterInvocation] Method: tearDown, isTestMethod: false, status: 1, hasFailure: false
âœ… Found file at: C:\Users\tutru\Downloads\JiraTest\SeleniumJavaAllureHybrid-main\src\test\java\com\automation\tests\BusinessFlow.xlsx
ðŸ”§ Base test setup started. WebDriver will be initialized for each test case.
ðŸ“Š [afterInvocation] Method: setUp, isTestMethod: false, status: 1, hasFailure: false
âœ… Test started: XSP-3

========================================
ðŸš€ Starting Test: XSP-3
Tags: @regression
Browser: sauce android
========================================

ðŸ”§ Initializing WebDriver for browser: sauce android
âœ… Xray accepted payload. Response: {"id":"10065","key":"XSP-62","self":"https://arborskiran9978.atlassian.net/rest/api/2/issue/10065"}
âš ï¸� [tearDown] Test already marked as failed
ðŸ§¹ Cleaning up WebDriver
ðŸ“Š [afterInvocation] Method: tearDown, isTestMethod: false, status: 1, hasFailure: false
ðŸ“Š [afterInvocation] Method: executeTestFlow, isTestMethod: true, status: 2, hasFailure: false
]]></system-out>
    <system-err><![CDATA[Failed to initialize WebDriver: Could not start a new session. Response code 400. Message: Job not started. Your organization has reached its concurrent session limit. Contact your administrator or sales@saucelabs.com to upgrade. 
Host info: host: 'DESKTOP-2CPQ0LA', ip: '192.168.1.79'
Build info: version: '4.18.1', revision: 'b1d3319b48'
System info: os.name: 'Windows 11', os.arch: 'amd64', os.version: '10.0', java.version: '17.0.12'
Driver info: io.appium.java_client.android.AndroidDriver
Command: [null, newSession {capabilities=[Capabilities {appium:app: storage:filename=Android-My..., appium:automationName: UiAutomator2, appium:deviceName: Android GoogleAPI Emulator, appium:platformVersion: 12.0, platformName: ANDROID, sauce:options: Capabilities {accessKey: bb...}]}]
Capabilities {appium:app: storage:filename=Android-My..., appium:automationName: UiAutomator2, appium:deviceName: Android GoogleAPI Emulator, appium:platformVersion: 12.0, platformName: ANDROID, sauce:options: Capabilities {accessKey: bb...}
❌ Failed to initialize WebDriver: org.openqa.selenium.SessionNotCreatedException: Could not start a new session. Response code 400. Message: Job not started. Your organization has reached its concurrent session limit. Contact your administrator or sales@saucelabs.com to upgrade. 
Host info: host: 'DESKTOP-2CPQ0LA', ip: '192.168.1.79'
Build info: version: '4.18.1', revision: 'b1d3319b48'
System info: os.name: 'Windows 11', os.arch: 'amd64', os.version: '10.0', java.version: '17.0.12'
Driver info: io.appium.java_client.android.AndroidDriver
Command: [null, newSession {capabilities=[Capabilities {appium:app: storage:filename=Android-My..., appium:automationName: UiAutomator2, appium:deviceName: Android GoogleAPI Emulator, appium:platformVersion: 12.0, platformName: ANDROID, sauce:options: Capabilities {accessKey: bb...}]}]
Capabilities {appium:app: storage:filename=Android-My..., appium:automationName: UiAutomator2, appium:deviceName: Android GoogleAPI Emulator, appium:platformVersion: 12.0, platformName: ANDROID, sauce:options: Capabilities {accessKey: bb...}

❌ Test failed: XSP-3
Error: WebDriver initialization failed

]]></system-err>
  </testcase>
  <testcase name="executeTestFlow[XSP-3, @regression, sauce android, XSP-62](14)" classname="com.automation.tests.TestRunner" time="34.096">
    <failure message="Flow execution failed" type="java.lang.RuntimeException"><![CDATA[java.lang.RuntimeException: Flow execution failed
	at com.automation.executor.Driver.executeFlow(Driver.java:80)
	at com.automation.tests.TestRunner.lambda$0(TestRunner.java:129)
	at io.qameta.allure.Allure.lambda$step$0(Allure.java:113)
	at io.qameta.allure.Allure.lambda$step$1(Allure.java:127)
	at io.qameta.allure.Allure.step(Allure.java:181)
	at io.qameta.allure.Allure.step(Allure.java:125)
	at io.qameta.allure.Allure.step(Allure.java:112)
	at com.automation.tests.TestRunner.executeTestFlow(TestRunner.java:125)
	at java.base/jdk.internal.reflect.NativeMethodAccessorImpl.invoke0(Native Method)
	at java.base/jdk.internal.reflect.NativeMethodAccessorImpl.invoke(NativeMethodAccessorImpl.java:77)
	at java.base/jdk.internal.reflect.DelegatingMethodAccessorImpl.invoke(DelegatingMethodAccessorImpl.java:43)
	at java.base/java.lang.reflect.Method.invoke(Method.java:568)
	at org.testng.internal.MethodInvocationHelper.invokeMethod(MethodInvocationHelper.java:133)
	at org.testng.internal.TestInvoker.invokeMethod(TestInvoker.java:598)
	at org.testng.internal.TestInvoker.invokeTestMethod(TestInvoker.java:173)
	at org.testng.internal.TestMethodWithDataProviderMethodWorker.call(TestMethodWithDataProviderMethodWorker.java:77)
	at org.testng.internal.TestMethodWithDataProviderMethodWorker.call(TestMethodWithDataProviderMethodWorker.java:15)
	at java.base/java.util.concurrent.FutureTask.run(FutureTask.java:264)
	at java.base/java.util.concurrent.Executors$RunnableAdapter.call(Executors.java:539)
	at java.base/java.util.concurrent.FutureTask.run(FutureTask.java:264)
	at java.base/java.util.concurrent.ThreadPoolExecutor.runWorker(ThreadPoolExecutor.java:1136)
	at java.base/java.util.concurrent.ThreadPoolExecutor$Worker.run(ThreadPoolExecutor.java:635)
	at java.base/java.lang.Thread.run(Thread.java:842)
Caused by: java.lang.RuntimeException: Keyword execution failed: executeMobileTest
	at com.automation.executor.Driver.executeKeyword(Driver.java:124)
	at com.automation.executor.Driver.executeFlow(Driver.java:51)
	... 22 more
Caused by: java.lang.reflect.InvocationTargetException
	at java.base/jdk.internal.reflect.NativeMethodAccessorImpl.invoke0(Native Method)
	at java.base/jdk.internal.reflect.NativeMethodAccessorImpl.invoke(NativeMethodAccessorImpl.java:77)
	at java.base/jdk.internal.reflect.DelegatingMethodAccessorImpl.invoke(DelegatingMethodAccessorImpl.java:43)
	at java.base/java.lang.reflect.Method.invoke(Method.java:568)
	at com.automation.executor.Driver.executeKeyword(Driver.java:116)
	... 23 more
Caused by: java.lang.RuntimeException: Mobile test execution failed
	at com.automation.businesscomponents.executeMobileTest.executeMobileTest(executeMobileTest.java:32)
	... 28 more
Caused by: java.lang.RuntimeException: ❌ Mobile click failed on Submit Button: An element could not be located on the page using the given search parameters.
For documentation on this error, please visit: https://www.selenium.dev/documentation/webdriver/troubleshooting/errors#no-such-element-exception
Build info: version: '4.18.1', revision: 'b1d3319b48'
System info: os.name: 'Windows 11', os.arch: 'amd64', os.version: '10.0', java.version: '17.0.12'
Driver info: io.appium.java_client.android.AndroidDriver
Command: [f1ca752ea69f487294a7c4952dccfdf7, findElement {using=xpath, value=//button[@text='Submit']}]
Capabilities {appium:adbExecTimeout: 90000, appium:app: /tmp/tmpSItko6/Android-MyDe..., appium:appPackage: com.saucelabs.mydemoapp.rn, appium:appWaitDuration: 90000, appium:automationName: UiAutomator2, appium:chromeOptions: {args: [--disable-fre, --disable-popup-blocking, --enable-automation, --enable-remote-debugging, --ignore-certificate-errors, --metrics-recording-only, --no-first-run, --disable-startup-promos-fo..., --ignore-certificate-errors...]}, appium:databaseEnabled: false, appium:desired: {adbExecTimeout: 90000, app: /tmp/tmpSItko6/Android-MyDe..., appWaitDuration: 90000, automationName: UiAutomator2, chromeOptions: {args: [--disable-fre, --disable-popup-blocking, --enable-automation, --enable-remote-debugging, --ignore-certificate-errors, --metrics-recording-only, --no-first-run, --disable-startup-promos-fo..., --ignore-certificate-errors...]}, deviceName: Android GoogleAPI Emulator, eventTimings: true, maxTypingFrequency: 8, newCommandTimeout: 0, noReset: true, noSign:noSign: true, orientation: PORTRAIT, platformName: ANDROID, platformVersion: 12.0, proxy: {proxyAutoconfigUrl: http://127.0.0.1:19876/pac.js, proxyType: pac}, sauce:options: {}, selenium:webdriver.remote.quietExceptions: false, udid: emulator-5554, uiautomator2ServerInstallTimeout: 90000}, appium:deviceApiLevel: 32, appium:deviceManufacturer: Google, appium:deviceModel: sdk_gphone64_x86_64, appium:deviceName: emulator-5554, appium:deviceScreenDensity: 320, appium:deviceScreenSize: 768x1280, appium:deviceUDID: emulator-5554, appium:eventTimings: true, appium:javascriptEnabled: true, appium:locationContextEnabled: false, appium:maxTypingFrequency: 8, appium:networkConnectionEnabled: true, appium:newCommandTimeout: 0, appium:noReset: true, appium:orientation: PORTRAIT, appium:pixelRatio: 2, appium:platformVersion: 12, appium:statBarHeight: 48, appium:takesScreenshot: true, appium:udid: emulator-5554, appium:uiautomator2ServerInstallTimeout: 90000, appium:viewportRect: {height: 1200, left: 0, top: 48, width: 768}, appium:warnings: {}, appium:webStorageEnabled: false, noSign:noSign: true, platformName: ANDROID, proxy: Proxy(pac: http://127.0.0.1..., sauce:options: {}, selenium:webdriver.remote.quietExceptions: false}
Session ID: f1ca752ea69f487294a7c4952dccfdf7
	at com.automation.utilities.CommonFunctions.clickMobileElement(CommonFunctions.java:276)
	at com.automation.businesscomponents.executeMobileTest.executeMobileTest(executeMobileTest.java:25)
	... 28 more
]]></failure>
    <system-out><![CDATA[
========================================
â�Œ FAILED XSP-3
========================================
Reason: WebDriver initialization failed
========================================

[2026-06-08 21:28:18] [TestNG-PoolService-3] [ERROR] io.qameta.allure.AllureLifecycle - Could not start step: no test case running
[2026-06-08 21:28:18] [TestNG-PoolService-3] [ERROR] io.qameta.allure.AllureLifecycle - Could not stop step: step with uuid beff8c64-2730-4e7f-a39e-2fc5bdef98dc not found
ðŸ”Ž Trying Xray exact-schema payload: {"testExecutionKey":"XSP-62","tests":[{"start":"2026-06-08T21:28:18.677716300-04:00","finish":"2026-06-08T21:28:18.677716300-04:00","comment":"Automated execution result","testKey":"XSP-3","status":"FAILED"}],"info":{"summary":"Execution of automated tests for run","description":"Automated import from test run","finishDate":"2026-06-08T21:28:18.677716300-04:00","startDate":"2026-06-08T21:28:18.677716300-04:00"}}
â�Œ Xray rejected payload: {"error":"Error updating Test Execution - Update issue XSP-62 failed! - customfield_10043: Field 'customfield_10043' cannot be set. It is not on the appropriate screen, or unknown., customfield_10044: Field 'customfield_10044' cannot be set. It is not on the appropriate screen, or unknown."}
ðŸ”Ž Trying Xray payload variant: {"tests":[{"testKey":"XSP-3","status":"FAILED"}],"testExecution":{"key":"XSP-62"}}
â�Œ Xray rejected payload: {"error":"Result is not valid Xray Format"}
ðŸ”Ž Trying Xray payload variant: {"testExecutionKey":"XSP-62","tests":[{"testKey":"XSP-3","status":"FAILED"}]}
âœ… Xray accepted payload. Response: {"id":"10065","key":"XSP-62","self":"https://arborskiran9978.atlassian.net/rest/api/2/issue/10065"}
âš ï¸� [tearDown] Test already marked as failed
ðŸ§¹ Cleaning up WebDriver
ðŸ“Š [afterInvocation] Method: tearDown, isTestMethod: false, status: 1, hasFailure: false
ðŸš€ Starting execution for Test Case: XSP-3
âœ… Found file at: C:\Users\tutru\Downloads\JiraTest\SeleniumJavaAllureHybrid-main\src\test\java\com\automation\tests\BusinessFlow.xlsx
âž¡ï¸� Executing keyword: executeMobileTest
ðŸš€ Executing mobile test: XSP-3
ðŸ–±ï¸� Clicking mobile element: Submit Button
ðŸ“¸ Screenshot saved: screenshots/2026-06-08_21-28-52_MobileClick_Failed_Submit Button.png
ðŸ“Š [afterInvocation] Method: executeTestFlow, isTestMethod: true, status: 2, hasFailure: false
]]></system-out>
    <system-err><![CDATA[❌ Mobile test failed: ❌ Mobile click failed on Submit Button: An element could not be located on the page using the given search parameters.
For documentation on this error, please visit: https://www.selenium.dev/documentation/webdriver/troubleshooting/errors#no-such-element-exception
Build info: version: '4.18.1', revision: 'b1d3319b48'
System info: os.name: 'Windows 11', os.arch: 'amd64', os.version: '10.0', java.version: '17.0.12'
Driver info: io.appium.java_client.android.AndroidDriver
Command: [f1ca752ea69f487294a7c4952dccfdf7, findElement {using=xpath, value=//button[@text='Submit']}]
Capabilities {appium:adbExecTimeout: 90000, appium:app: /tmp/tmpSItko6/Android-MyDe..., appium:appPackage: com.saucelabs.mydemoapp.rn, appium:appWaitDuration: 90000, appium:automationName: UiAutomator2, appium:chromeOptions: {args: [--disable-fre, --disable-popup-blocking, --enable-automation, --enable-remote-debugging, --ignore-certificate-errors, --metrics-recording-only, --no-first-run, --disable-startup-promos-fo..., --ignore-certificate-errors...]}, appium:databaseEnabled: false, appium:desired: {adbExecTimeout: 90000, app: /tmp/tmpSItko6/Android-MyDe..., appWaitDuration: 90000, automationName: UiAutomator2, chromeOptions: {args: [--disable-fre, --disable-popup-blocking, --enable-automation, --enable-remote-debugging, --ignore-certificate-errors, --metrics-recording-only, --no-first-run, --disable-startup-promos-fo..., --ignore-certificate-errors...]}, deviceName: Android GoogleAPI Emulator, eventTimings: true, maxTypingFrequency: 8, newCommandTimeout: 0, noReset: true, noSign:noSign: true, orientation: PORTRAIT, platformName: ANDROID, platformVersion: 12.0, proxy: {proxyAutoconfigUrl: http://127.0.0.1:19876/pac.js, proxyType: pac}, sauce:options: {}, selenium:webdriver.remote.quietExceptions: false, udid: emulator-5554, uiautomator2ServerInstallTimeout: 90000}, appium:deviceApiLevel: 32, appium:deviceManufacturer: Google, appium:deviceModel: sdk_gphone64_x86_64, appium:deviceName: emulator-5554, appium:deviceScreenDensity: 320, appium:deviceScreenSize: 768x1280, appium:deviceUDID: emulator-5554, appium:eventTimings: true, appium:javascriptEnabled: true, appium:locationContextEnabled: false, appium:maxTypingFrequency: 8, appium:networkConnectionEnabled: true, appium:newCommandTimeout: 0, appium:noReset: true, appium:orientation: PORTRAIT, appium:pixelRatio: 2, appium:platformVersion: 12, appium:statBarHeight: 48, appium:takesScreenshot: true, appium:udid: emulator-5554, appium:uiautomator2ServerInstallTimeout: 90000, appium:viewportRect: {height: 1200, left: 0, top: 48, width: 768}, appium:warnings: {}, appium:webStorageEnabled: false, noSign:noSign: true, platformName: ANDROID, proxy: Proxy(pac: http://127.0.0.1..., sauce:options: {}, selenium:webdriver.remote.quietExceptions: false}
Session ID: f1ca752ea69f487294a7c4952dccfdf7
❌ Failed to execute keyword: executeMobileTest
❌ Failed to execute flow: Keyword execution failed: executeMobileTest

❌ Test failed: XSP-3
Error: Flow execution failed

]]></system-err>
  </testcase>
</testsuite>