<?xml version="1.0" encoding="UTF-8"?>
<testsuite xmlns:xsi="http://www.w3.org/2001/XMLSchema-instance" xsi:noNamespaceSchemaLocation="https://maven.apache.org/surefire/maven-surefire-plugin/xsd/surefire-test-report-3.0.xsd" version="3.0" name="TestSuite" time="67.873" tests="10" errors="0" skipped="5" failures="5">
  <properties>
[...]
</properties>
  <testcase name="executeTestFlow[TC002, @regression, sauce mobile](2)" classname="com.automation.tests.TestRunner" time="0">
    <skipped message="WebDriver initialization failed"/>
    <system-out><![CDATA[...
... TestNG 7.4.0 by Cédric Beust (cedric@beust.com)
...


========== Test Suite Started: Test ==========
Total Tests: 1
Passed: 0
Failed: 0
Skipped: 0

âœ… Found file at: C:\Users\tutru\Downloads\JiraTest\SeleniumJavaAllureHybrid-main\src\test\java\com\automation\tests\BusinessFlow.xlsx
ðŸ”§ Base test setup started. WebDriver will be initialized for each test case.
ðŸ”§ Base test setup started. WebDriver will be initialized for each test case.
ðŸ”§ Base test setup started. WebDriver will be initialized for each test case.
ðŸ”§ Base test setup started. WebDriver will be initialized for each test case.
ðŸ”§ Base test setup started. WebDriver will be initialized for each test case.
ðŸ“Š [afterInvocation] Method: setUp, isTestMethod: false, status: 1, hasFailure: false
ðŸ“Š [afterInvocation] Method: setUp, isTestMethod: false, status: 1, hasFailure: false
ðŸ“Š [afterInvocation] Method: setUp, isTestMethod: false, status: 1, hasFailure: false
ðŸ“Š [afterInvocation] Method: setUp, isTestMethod: false, status: 1, hasFailure: false
ðŸ“Š [afterInvocation] Method: setUp, isTestMethod: false, status: 1, hasFailure: false
âœ… Test started: TC005
âœ… Test started: TC004
âœ… Test started: TC003
âœ… Test started: TC001
âœ… Test started: TC002

========================================

========================================

========================================

========================================

========================================
ðŸš€ Starting Test: TC001
ðŸš€ Starting Test: TC002
ðŸš€ Starting Test: TC004
Tags: @regression
Browser: sauce android
========================================

ðŸš€ Starting Test: TC003
Tags: @regression
Browser: sauce android
========================================

ðŸš€ Starting Test: TC005
Tags: @regression
Browser: sauce android
========================================

Tags: @regression
Browser: sauce mobile
========================================

Tags: @regression
Browser: sauce android
========================================

ðŸ”§ Initializing WebDriver for browser: sauce android
ðŸ”§ Initializing WebDriver for browser: sauce android
ðŸ”§ Initializing WebDriver for browser: sauce android
ðŸ”§ Initializing WebDriver for browser: sauce android
ðŸ”§ Initializing WebDriver for browser: sauce mobile
ðŸ“Š [afterInvocation] Method: executeTestFlow, isTestMethod: true, status: 2, hasFailure: false
ðŸ“Š [afterInvocation] Method: executeTestFlow, isTestMethod: true, status: 2, hasFailure: false

ðŸ”„ Retrying test: executeTestFlow | Attempt: 2/3

ðŸ”„ Retrying test: executeTestFlow | Attempt: 2/3
]]></system-out>
    <system-err><![CDATA[Failed to initialize WebDriver: Could not start a new session. Response code 400. Message: Job not started. Your organization has reached its concurrent session limit. Contact your administrator or sales@saucelabs.com to upgrade. 
Host info: host: 'DESKTOP-2CPQ0LA', ip: '192.168.1.79'
Build info: version: '4.18.1', revision: 'b1d3319b48'
System info: os.name: 'Windows 11', os.arch: 'amd64', os.version: '10.0', java.version: '17.0.12'
Driver info: io.appium.java_client.android.AndroidDriver
Command: [null, newSession {capabilities=[Capabilities {appium:app: storage:filename=Android-My..., appium:automationName: UiAutomator2, appium:deviceName: Android GoogleAPI Emulator, appium:platformVersion: 12.0, platformName: ANDROID, sauce:options: Capabilities {accessKey: bb...}]}]
Capabilities {appium:app: storage:filename=Android-My..., appium:automationName: UiAutomator2, appium:deviceName: Android GoogleAPI Emulator, appium:platformVersion: 12.0, platformName: ANDROID, sauce:options: Capabilities {accessKey: bb...}
Failed to initialize WebDriver: Could not start a new session. Response code 400. Message: Job not started. Your organization has reached its concurrent session limit. Contact your administrator or sales@saucelabs.com to upgrade. 
Host info: host: 'DESKTOP-2CPQ0LA', ip: '192.168.1.79'
Build info: version: '4.18.1', revision: 'b1d3319b48'
System info: os.name: 'Windows 11', os.arch: 'amd64', os.version: '10.0', java.version: '17.0.12'
Driver info: io.appium.java_client.android.AndroidDriver
Command: [null, newSession {capabilities=[Capabilities {appium:app: storage:filename=Android-My..., appium:automationName: UiAutomator2, appium:deviceName: Android GoogleAPI Emulator, appium:platformVersion: 12.0, platformName: ANDROID, sauce:options: Capabilities {accessKey: bb...}]}]
Capabilities {appium:app: storage:filename=Android-My..., appium:automationName: UiAutomator2, appium:deviceName: Android GoogleAPI Emulator, appium:platformVersion: 12.0, platformName: ANDROID, sauce:options: Capabilities {accessKey: bb...}
❌ Failed to initialize WebDriver: org.openqa.selenium.SessionNotCreatedException: Could not start a new session. Response code 400. Message: Job not started. Your organization has reached its concurrent session limit. Contact your administrator or sales@saucelabs.com to upgrade. 
Host info: host: 'DESKTOP-2CPQ0LA', ip: '192.168.1.79'
Build info: version: '4.18.1', revision: 'b1d3319b48'
System info: os.name: 'Windows 11', os.arch: 'amd64', os.version: '10.0', java.version: '17.0.12'
Driver info: io.appium.java_client.android.AndroidDriver
Command: [null, newSession {capabilities=[Capabilities {appium:app: storage:filename=Android-My..., appium:automationName: UiAutomator2, appium:deviceName: Android GoogleAPI Emulator, appium:platformVersion: 12.0, platformName: ANDROID, sauce:options: Capabilities {accessKey: bb...}]}]
Capabilities {appium:app: storage:filename=Android-My..., appium:automationName: UiAutomator2, appium:deviceName: Android GoogleAPI Emulator, appium:platformVersion: 12.0, platformName: ANDROID, sauce:options: Capabilities {accessKey: bb...}
❌ Failed to initialize WebDriver: org.openqa.selenium.SessionNotCreatedException: Could not start a new session. Response code 400. Message: Job not started. Your organization has reached its concurrent session limit. Contact your administrator or sales@saucelabs.com to upgrade. 
Host info: host: 'DESKTOP-2CPQ0LA', ip: '192.168.1.79'
Build info: version: '4.18.1', revision: 'b1d3319b48'
System info: os.name: 'Windows 11', os.arch: 'amd64', os.version: '10.0', java.version: '17.0.12'
Driver info: io.appium.java_client.android.AndroidDriver
Command: [null, newSession {capabilities=[Capabilities {appium:app: storage:filename=Android-My..., appium:automationName: UiAutomator2, appium:deviceName: Android GoogleAPI Emulator, appium:platformVersion: 12.0, platformName: ANDROID, sauce:options: Capabilities {accessKey: bb...}]}]
Capabilities {appium:app: storage:filename=Android-My..., appium:automationName: UiAutomator2, appium:deviceName: Android GoogleAPI Emulator, appium:platformVersion: 12.0, platformName: ANDROID, sauce:options: Capabilities {accessKey: bb...}

❌ Test failed: TC003

❌ Test failed: TC002
Error: WebDriver initialization failed

Error: WebDriver initialization failed

]]></system-err>
  </testcase>
  <testcase name="executeTestFlow[TC003, @regression, sauce android](2)" classname="com.automation.tests.TestRunner" time="0">
    <skipped message="WebDriver initialization failed"/>
  </testcase>
  <testcase name="executeTestFlow[TC005, @regression, sauce android](4)" classname="com.automation.tests.TestRunner" time="0">
    <skipped message="WebDriver initialization failed"/>
    <system-out><![CDATA[â�­ï¸� Test skipped: executeTestFlow
â�­ï¸� Test skipped: executeTestFlow
ðŸ“Š [afterInvocation] Method: executeTestFlow, isTestMethod: true, status: 2, hasFailure: false
ðŸ“Š [afterInvocation] Method: executeTestFlow, isTestMethod: true, status: 2, hasFailure: false

ðŸ”„ Retrying test: executeTestFlow | Attempt: 3/3
]]></system-out>
    <system-err><![CDATA[Failed to initialize WebDriver: Could not start a new session. Response code 400. Message: Job not started. Your organization has reached its concurrent session limit. Contact your administrator or sales@saucelabs.com to upgrade. 
Host info: host: 'DESKTOP-2CPQ0LA', ip: '192.168.1.79'
Build info: version: '4.18.1', revision: 'b1d3319b48'
System info: os.name: 'Windows 11', os.arch: 'amd64', os.version: '10.0', java.version: '17.0.12'
Driver info: io.appium.java_client.android.AndroidDriver
Command: [null, newSession {capabilities=[Capabilities {appium:app: storage:filename=Android-My..., appium:automationName: UiAutomator2, appium:deviceName: Android GoogleAPI Emulator, appium:platformVersion: 12.0, platformName: ANDROID, sauce:options: Capabilities {accessKey: bb...}]}]
Capabilities {appium:app: storage:filename=Android-My..., appium:automationName: UiAutomator2, appium:deviceName: Android GoogleAPI Emulator, appium:platformVersion: 12.0, platformName: ANDROID, sauce:options: Capabilities {accessKey: bb...}
Failed to initialize WebDriver: Could not start a new session. Response code 400. Message: Job not started. Your organization has reached its concurrent session limit. Contact your administrator or sales@saucelabs.com to upgrade. 
Host info: host: 'DESKTOP-2CPQ0LA', ip: '192.168.1.79'
Build info: version: '4.18.1', revision: 'b1d3319b48'
System info: os.name: 'Windows 11', os.arch: 'amd64', os.version: '10.0', java.version: '17.0.12'
Driver info: io.appium.java_client.android.AndroidDriver
Command: [null, newSession {capabilities=[Capabilities {appium:app: storage:filename=Android-My..., appium:automationName: UiAutomator2, appium:deviceName: Android GoogleAPI Emulator, appium:platformVersion: 12.0, platformName: ANDROID, sauce:options: Capabilities {accessKey: bb...}]}]
Capabilities {appium:app: storage:filename=Android-My..., appium:automationName: UiAutomator2, appium:deviceName: Android GoogleAPI Emulator, appium:platformVersion: 12.0, platformName: ANDROID, sauce:options: Capabilities {accessKey: bb...}
❌ Failed to initialize WebDriver: org.openqa.selenium.SessionNotCreatedException: Could not start a new session. Response code 400. Message: Job not started. Your organization has reached its concurrent session limit. Contact your administrator or sales@saucelabs.com to upgrade. 
Host info: host: 'DESKTOP-2CPQ0LA', ip: '192.168.1.79'
Build info: version: '4.18.1', revision: 'b1d3319b48'
System info: os.name: 'Windows 11', os.arch: 'amd64', os.version: '10.0', java.version: '17.0.12'
Driver info: io.appium.java_client.android.AndroidDriver
Command: [null, newSession {capabilities=[Capabilities {appium:app: storage:filename=Android-My..., appium:automationName: UiAutomator2, appium:deviceName: Android GoogleAPI Emulator, appium:platformVersion: 12.0, platformName: ANDROID, sauce:options: Capabilities {accessKey: bb...}]}]
Capabilities {appium:app: storage:filename=Android-My..., appium:automationName: UiAutomator2, appium:deviceName: Android GoogleAPI Emulator, appium:platformVersion: 12.0, platformName: ANDROID, sauce:options: Capabilities {accessKey: bb...}
❌ Failed to initialize WebDriver: org.openqa.selenium.SessionNotCreatedException: Could not start a new session. Response code 400. Message: Job not started. Your organization has reached its concurrent session limit. Contact your administrator or sales@saucelabs.com to upgrade. 
Host info: host: 'DESKTOP-2CPQ0LA', ip: '192.168.1.79'
Build info: version: '4.18.1', revision: 'b1d3319b48'
System info: os.name: 'Windows 11', os.arch: 'amd64', os.version: '10.0', java.version: '17.0.12'
Driver info: io.appium.java_client.android.AndroidDriver
Command: [null, newSession {capabilities=[Capabilities {appium:app: storage:filename=Android-My..., appium:automationName: UiAutomator2, appium:deviceName: Android GoogleAPI Emulator, appium:platformVersion: 12.0, platformName: ANDROID, sauce:options: Capabilities {accessKey: bb...}]}]
Capabilities {appium:app: storage:filename=Android-My..., appium:automationName: UiAutomator2, appium:deviceName: Android GoogleAPI Emulator, appium:platformVersion: 12.0, platformName: ANDROID, sauce:options: Capabilities {accessKey: bb...}

❌ Test failed: TC005

❌ Test failed: TC001
Error: WebDriver initialization failed

Error: WebDriver initialization failed

]]></system-err>
  </testcase>
  <testcase name="executeTestFlow[TC001, @regression, sauce android](4)" classname="com.automation.tests.TestRunner" time="2.621">
    <failure message="WebDriver initialization failed" type="java.lang.RuntimeException"><![CDATA[java.lang.RuntimeException: WebDriver initialization failed
	at com.automation.tests.BaseTest.initializeDriver(BaseTest.java:42)
	at com.automation.tests.TestRunner.lambda$0(TestRunner.java:117)
	at io.qameta.allure.Allure.lambda$step$0(Allure.java:113)
	at io.qameta.allure.Allure.lambda$step$1(Allure.java:127)
	at io.qameta.allure.Allure.step(Allure.java:181)
	at io.qameta.allure.Allure.step(Allure.java:125)
	at io.qameta.allure.Allure.step(Allure.java:112)
	at com.automation.tests.TestRunner.executeTestFlow(TestRunner.java:116)
	at java.base/jdk.internal.reflect.NativeMethodAccessorImpl.invoke0(Native Method)
	at java.base/jdk.internal.reflect.NativeMethodAccessorImpl.invoke(NativeMethodAccessorImpl.java:77)
	at java.base/jdk.internal.reflect.DelegatingMethodAccessorImpl.invoke(DelegatingMethodAccessorImpl.java:43)
	at java.base/java.lang.reflect.Method.invoke(Method.java:568)
	at org.testng.internal.MethodInvocationHelper.invokeMethod(MethodInvocationHelper.java:133)
	at org.testng.internal.TestInvoker.invokeMethod(TestInvoker.java:598)
	at org.testng.internal.TestInvoker.invokeTestMethod(TestInvoker.java:173)
	at org.testng.internal.TestMethodWithDataProviderMethodWorker.call(TestMethodWithDataProviderMethodWorker.java:77)
	at org.testng.internal.TestMethodWithDataProviderMethodWorker.call(TestMethodWithDataProviderMethodWorker.java:15)
	at java.base/java.util.concurrent.FutureTask.run(FutureTask.java:264)
	at java.base/java.util.concurrent.Executors$RunnableAdapter.call(Executors.java:539)
	at java.base/java.util.concurrent.FutureTask.run(FutureTask.java:264)
	at java.base/java.util.concurrent.ThreadPoolExecutor.runWorker(ThreadPoolExecutor.java:1136)
	at java.base/java.util.concurrent.ThreadPoolExecutor$Worker.run(ThreadPoolExecutor.java:635)
	at java.base/java.lang.Thread.run(Thread.java:842)
Caused by: java.lang.RuntimeException: org.openqa.selenium.SessionNotCreatedException: Could not start a new session. Response code 400. Message: Job not started. Your organization has reached its concurrent session limit. Contact your administrator or sales@saucelabs.com to upgrade. 
Host info: host: 'DESKTOP-2CPQ0LA', ip: '192.168.1.79'
Build info: version: '4.18.1', revision: 'b1d3319b48'
System info: os.name: 'Windows 11', os.arch: 'amd64', os.version: '10.0', java.version: '17.0.12'
Driver info: io.appium.java_client.android.AndroidDriver
Command: [null, newSession {capabilities=[Capabilities {appium:app: storage:filename=Android-My..., appium:automationName: UiAutomator2, appium:deviceName: Android GoogleAPI Emulator, appium:platformVersion: 12.0, platformName: ANDROID, sauce:options: Capabilities {accessKey: bb...}]}]
Capabilities {appium:app: storage:filename=Android-My..., appium:automationName: UiAutomator2, appium:deviceName: Android GoogleAPI Emulator, appium:platformVersion: 12.0, platformName: ANDROID, sauce:options: Capabilities {accessKey: bb...}
	at com.automation.executor.DriverManager.createDriver(DriverManager.java:106)
	at com.automation.executor.DriverManager.getDriver(DriverManager.java:29)
	at com.automation.tests.BaseTest.initializeDriver(BaseTest.java:39)
	... 22 more
Caused by: org.openqa.selenium.SessionNotCreatedException: Could not start a new session. Response code 400. Message: Job not started. Your organization has reached its concurrent session limit. Contact your administrator or sales@saucelabs.com to upgrade. 
Host info: host: 'DESKTOP-2CPQ0LA', ip: '192.168.1.79'
Build info: version: '4.18.1', revision: 'b1d3319b48'
System info: os.name: 'Windows 11', os.arch: 'amd64', os.version: '10.0', java.version: '17.0.12'
Driver info: io.appium.java_client.android.AndroidDriver
Command: [null, newSession {capabilities=[Capabilities {appium:app: storage:filename=Android-My..., appium:automationName: UiAutomator2, appium:deviceName: Android GoogleAPI Emulator, appium:platformVersion: 12.0, platformName: ANDROID, sauce:options: Capabilities {accessKey: bb...}]}]
Capabilities {appium:app: storage:filename=Android-My..., appium:automationName: UiAutomator2, appium:deviceName: Android GoogleAPI Emulator, appium:platformVersion: 12.0, platformName: ANDROID, sauce:options: Capabilities {accessKey: bb...}
	at org.openqa.selenium.remote.ProtocolHandshake.createSession(ProtocolHandshake.java:139)
	at org.openqa.selenium.remote.ProtocolHandshake.createSession(ProtocolHandshake.java:95)
	at org.openqa.selenium.remote.ProtocolHandshake.createSession(ProtocolHandshake.java:67)
	at io.appium.java_client.remote.AppiumCommandExecutor.createSession(AppiumCommandExecutor.java:176)
	at io.appium.java_client.remote.AppiumCommandExecutor.execute(AppiumCommandExecutor.java:237)
	at org.openqa.selenium.remote.RemoteWebDriver.execute(RemoteWebDriver.java:519)
	at io.appium.java_client.AppiumDriver.startSession(AppiumDriver.java:270)
	at org.openqa.selenium.remote.RemoteWebDriver.<init>(RemoteWebDriver.java:162)
	at io.appium.java_client.AppiumDriver.<init>(AppiumDriver.java:91)
	at io.appium.java_client.AppiumDriver.<init>(AppiumDriver.java:103)
	at io.appium.java_client.android.AndroidDriver.<init>(AndroidDriver.java:109)
	at com.automation.executor.DriverManager.createDriver(DriverManager.java:86)
	... 24 more
]]></failure>
    <system-out><![CDATA[â�­ï¸� Test skipped: executeTestFlow
]]></system-out>
  </testcase>
  <testcase name="executeTestFlow[TC005, @regression, sauce android](5)" classname="com.automation.tests.TestRunner" time="0">
    <skipped message="WebDriver initialization failed"/>
    <system-out><![CDATA[
========================================
â�Œ FAILED TC001
========================================
Reason: WebDriver initialization failed
========================================

[2026-06-08 18:30:40] [TestNG-PoolService-0] [ERROR] io.qameta.allure.AllureLifecycle - Could not start step: no test case running
[2026-06-08 18:30:40] [TestNG-PoolService-0] [ERROR] io.qameta.allure.AllureLifecycle - Could not stop step: step with uuid a0f8cdc3-1899-42b0-8f19-503902d40334 not found
â�Œ Xray authentication failed: {"error":"Authentication failed. Invalid client credentials!"}
âš ï¸� [tearDown] Test already marked as failed
ðŸ§¹ Cleaning up WebDriver
ðŸ“Š [afterInvocation] Method: tearDown, isTestMethod: false, status: 1, hasFailure: false
âœ… Found file at: C:\Users\tutru\Downloads\JiraTest\SeleniumJavaAllureHybrid-main\src\test\java\com\automation\tests\BusinessFlow.xlsx
â�Œ Xray authentication failed: {"error":"Authentication failed. Invalid client credentials!"}
âš ï¸� [tearDown] Test already marked as failed
ðŸ§¹ Cleaning up WebDriver
ðŸ“Š [afterInvocation] Method: tearDown, isTestMethod: false, status: 1, hasFailure: false
â�Œ Xray authentication failed: {"error":"Authentication failed. Invalid client credentials!"}
âš ï¸� [tearDown] Test already marked as failed
ðŸ§¹ Cleaning up WebDriver
ðŸ“Š [afterInvocation] Method: tearDown, isTestMethod: false, status: 1, hasFailure: false
âœ… Found file at: C:\Users\tutru\Downloads\JiraTest\SeleniumJavaAllureHybrid-main\src\test\java\com\automation\tests\BusinessFlow.xlsx
ðŸ”§ Base test setup started. WebDriver will be initialized for each test case.
ðŸ“Š [afterInvocation] Method: setUp, isTestMethod: false, status: 1, hasFailure: false
âœ… Test started: TC005

========================================
ðŸš€ Starting Test: TC005
Tags: @regression
Browser: sauce android
========================================

ðŸ”§ Initializing WebDriver for browser: sauce android
ðŸ”§ Base test setup started. WebDriver will be initialized for each test case.
ðŸ“Š [afterInvocation] Method: setUp, isTestMethod: false, status: 1, hasFailure: false
âœ… Test started: TC003

========================================
ðŸš€ Starting Test: TC003
Tags: @regression
Browser: sauce android
========================================

ðŸ”§ Initializing WebDriver for browser: sauce android
ðŸ“Š [afterInvocation] Method: executeTestFlow, isTestMethod: true, status: 2, hasFailure: false

ðŸ”„ Retrying test: executeTestFlow | Attempt: 2/3
]]></system-out>
    <system-err><![CDATA[Failed to initialize WebDriver: Could not start a new session. Response code 400. Message: Job not started. Your organization has reached its concurrent session limit. Contact your administrator or sales@saucelabs.com to upgrade. 
Host info: host: 'DESKTOP-2CPQ0LA', ip: '192.168.1.79'
Build info: version: '4.18.1', revision: 'b1d3319b48'
System info: os.name: 'Windows 11', os.arch: 'amd64', os.version: '10.0', java.version: '17.0.12'
Driver info: io.appium.java_client.android.AndroidDriver
Command: [null, newSession {capabilities=[Capabilities {appium:app: storage:filename=Android-My..., appium:automationName: UiAutomator2, appium:deviceName: Android GoogleAPI Emulator, appium:platformVersion: 12.0, platformName: ANDROID, sauce:options: Capabilities {accessKey: bb...}]}]
Capabilities {appium:app: storage:filename=Android-My..., appium:automationName: UiAutomator2, appium:deviceName: Android GoogleAPI Emulator, appium:platformVersion: 12.0, platformName: ANDROID, sauce:options: Capabilities {accessKey: bb...}
❌ Failed to initialize WebDriver: org.openqa.selenium.SessionNotCreatedException: Could not start a new session. Response code 400. Message: Job not started. Your organization has reached its concurrent session limit. Contact your administrator or sales@saucelabs.com to upgrade. 
Host info: host: 'DESKTOP-2CPQ0LA', ip: '192.168.1.79'
Build info: version: '4.18.1', revision: 'b1d3319b48'
System info: os.name: 'Windows 11', os.arch: 'amd64', os.version: '10.0', java.version: '17.0.12'
Driver info: io.appium.java_client.android.AndroidDriver
Command: [null, newSession {capabilities=[Capabilities {appium:app: storage:filename=Android-My..., appium:automationName: UiAutomator2, appium:deviceName: Android GoogleAPI Emulator, appium:platformVersion: 12.0, platformName: ANDROID, sauce:options: Capabilities {accessKey: bb...}]}]
Capabilities {appium:app: storage:filename=Android-My..., appium:automationName: UiAutomator2, appium:deviceName: Android GoogleAPI Emulator, appium:platformVersion: 12.0, platformName: ANDROID, sauce:options: Capabilities {accessKey: bb...}

❌ Test failed: TC005
Error: WebDriver initialization failed

]]></system-err>
  </testcase>
  <testcase name="executeTestFlow[TC003, @regression, sauce android](6)" classname="com.automation.tests.TestRunner" time="0">
    <skipped message="WebDriver initialization failed"/>
    <system-out><![CDATA[â�­ï¸� Test skipped: executeTestFlow
ðŸ“Š [afterInvocation] Method: executeTestFlow, isTestMethod: true, status: 2, hasFailure: false

ðŸ”„ Retrying test: executeTestFlow | Attempt: 3/3
]]></system-out>
    <system-err><![CDATA[Failed to initialize WebDriver: Could not start a new session. Response code 400. Message: Job not started. Your organization has reached its concurrent session limit. Contact your administrator or sales@saucelabs.com to upgrade. 
Host info: host: 'DESKTOP-2CPQ0LA', ip: '192.168.1.79'
Build info: version: '4.18.1', revision: 'b1d3319b48'
System info: os.name: 'Windows 11', os.arch: 'amd64', os.version: '10.0', java.version: '17.0.12'
Driver info: io.appium.java_client.android.AndroidDriver
Command: [null, newSession {capabilities=[Capabilities {appium:app: storage:filename=Android-My..., appium:automationName: UiAutomator2, appium:deviceName: Android GoogleAPI Emulator, appium:platformVersion: 12.0, platformName: ANDROID, sauce:options: Capabilities {accessKey: bb...}]}]
Capabilities {appium:app: storage:filename=Android-My..., appium:automationName: UiAutomator2, appium:deviceName: Android GoogleAPI Emulator, appium:platformVersion: 12.0, platformName: ANDROID, sauce:options: Capabilities {accessKey: bb...}
❌ Failed to initialize WebDriver: org.openqa.selenium.SessionNotCreatedException: Could not start a new session. Response code 400. Message: Job not started. Your organization has reached its concurrent session limit. Contact your administrator or sales@saucelabs.com to upgrade. 
Host info: host: 'DESKTOP-2CPQ0LA', ip: '192.168.1.79'
Build info: version: '4.18.1', revision: 'b1d3319b48'
System info: os.name: 'Windows 11', os.arch: 'amd64', os.version: '10.0', java.version: '17.0.12'
Driver info: io.appium.java_client.android.AndroidDriver
Command: [null, newSession {capabilities=[Capabilities {appium:app: storage:filename=Android-My..., appium:automationName: UiAutomator2, appium:deviceName: Android GoogleAPI Emulator, appium:platformVersion: 12.0, platformName: ANDROID, sauce:options: Capabilities {accessKey: bb...}]}]
Capabilities {appium:app: storage:filename=Android-My..., appium:automationName: UiAutomator2, appium:deviceName: Android GoogleAPI Emulator, appium:platformVersion: 12.0, platformName: ANDROID, sauce:options: Capabilities {accessKey: bb...}

❌ Test failed: TC003
Error: WebDriver initialization failed

]]></system-err>
  </testcase>
  <testcase name="executeTestFlow[TC003, @regression, sauce android](7)" classname="com.automation.tests.TestRunner" time="0.387">
    <failure message="WebDriver initialization failed" type="java.lang.RuntimeException"><![CDATA[java.lang.RuntimeException: WebDriver initialization failed
	at com.automation.tests.BaseTest.initializeDriver(BaseTest.java:42)
	at com.automation.tests.TestRunner.lambda$0(TestRunner.java:117)
	at io.qameta.allure.Allure.lambda$step$0(Allure.java:113)
	at io.qameta.allure.Allure.lambda$step$1(Allure.java:127)
	at io.qameta.allure.Allure.step(Allure.java:181)
	at io.qameta.allure.Allure.step(Allure.java:125)
	at io.qameta.allure.Allure.step(Allure.java:112)
	at com.automation.tests.TestRunner.executeTestFlow(TestRunner.java:116)
	at java.base/jdk.internal.reflect.NativeMethodAccessorImpl.invoke0(Native Method)
	at java.base/jdk.internal.reflect.NativeMethodAccessorImpl.invoke(NativeMethodAccessorImpl.java:77)
	at java.base/jdk.internal.reflect.DelegatingMethodAccessorImpl.invoke(DelegatingMethodAccessorImpl.java:43)
	at java.base/java.lang.reflect.Method.invoke(Method.java:568)
	at org.testng.internal.MethodInvocationHelper.invokeMethod(MethodInvocationHelper.java:133)
	at org.testng.internal.TestInvoker.invokeMethod(TestInvoker.java:598)
	at org.testng.internal.TestInvoker.retryFailed(TestInvoker.java:213)
	at org.testng.internal.TestMethodWithDataProviderMethodWorker.call(TestMethodWithDataProviderMethodWorker.java:94)
	at org.testng.internal.TestMethodWithDataProviderMethodWorker.call(TestMethodWithDataProviderMethodWorker.java:15)
	at java.base/java.util.concurrent.FutureTask.run(FutureTask.java:264)
	at java.base/java.util.concurrent.Executors$RunnableAdapter.call(Executors.java:539)
	at java.base/java.util.concurrent.FutureTask.run(FutureTask.java:264)
	at java.base/java.util.concurrent.ThreadPoolExecutor.runWorker(ThreadPoolExecutor.java:1136)
	at java.base/java.util.concurrent.ThreadPoolExecutor$Worker.run(ThreadPoolExecutor.java:635)
	at java.base/java.lang.Thread.run(Thread.java:842)
Caused by: java.lang.RuntimeException: org.openqa.selenium.SessionNotCreatedException: Could not start a new session. Response code 400. Message: Job not started. Your organization has reached its concurrent session limit. Contact your administrator or sales@saucelabs.com to upgrade. 
Host info: host: 'DESKTOP-2CPQ0LA', ip: '192.168.1.79'
Build info: version: '4.18.1', revision: 'b1d3319b48'
System info: os.name: 'Windows 11', os.arch: 'amd64', os.version: '10.0', java.version: '17.0.12'
Driver info: io.appium.java_client.android.AndroidDriver
Command: [null, newSession {capabilities=[Capabilities {appium:app: storage:filename=Android-My..., appium:automationName: UiAutomator2, appium:deviceName: Android GoogleAPI Emulator, appium:platformVersion: 12.0, platformName: ANDROID, sauce:options: Capabilities {accessKey: bb...}]}]
Capabilities {appium:app: storage:filename=Android-My..., appium:automationName: UiAutomator2, appium:deviceName: Android GoogleAPI Emulator, appium:platformVersion: 12.0, platformName: ANDROID, sauce:options: Capabilities {accessKey: bb...}
	at com.automation.executor.DriverManager.createDriver(DriverManager.java:106)
	at com.automation.executor.DriverManager.getDriver(DriverManager.java:29)
	at com.automation.tests.BaseTest.initializeDriver(BaseTest.java:39)
	... 22 more
Caused by: org.openqa.selenium.SessionNotCreatedException: Could not start a new session. Response code 400. Message: Job not started. Your organization has reached its concurrent session limit. Contact your administrator or sales@saucelabs.com to upgrade. 
Host info: host: 'DESKTOP-2CPQ0LA', ip: '192.168.1.79'
Build info: version: '4.18.1', revision: 'b1d3319b48'
System info: os.name: 'Windows 11', os.arch: 'amd64', os.version: '10.0', java.version: '17.0.12'
Driver info: io.appium.java_client.android.AndroidDriver
Command: [null, newSession {capabilities=[Capabilities {appium:app: storage:filename=Android-My..., appium:automationName: UiAutomator2, appium:deviceName: Android GoogleAPI Emulator, appium:platformVersion: 12.0, platformName: ANDROID, sauce:options: Capabilities {accessKey: bb...}]}]
Capabilities {appium:app: storage:filename=Android-My..., appium:automationName: UiAutomator2, appium:deviceName: Android GoogleAPI Emulator, appium:platformVersion: 12.0, platformName: ANDROID, sauce:options: Capabilities {accessKey: bb...}
	at org.openqa.selenium.remote.ProtocolHandshake.createSession(ProtocolHandshake.java:139)
	at org.openqa.selenium.remote.ProtocolHandshake.createSession(ProtocolHandshake.java:95)
	at org.openqa.selenium.remote.ProtocolHandshake.createSession(ProtocolHandshake.java:67)
	at io.appium.java_client.remote.AppiumCommandExecutor.createSession(AppiumCommandExecutor.java:176)
	at io.appium.java_client.remote.AppiumCommandExecutor.execute(AppiumCommandExecutor.java:237)
	at org.openqa.selenium.remote.RemoteWebDriver.execute(RemoteWebDriver.java:519)
	at io.appium.java_client.AppiumDriver.startSession(AppiumDriver.java:270)
	at org.openqa.selenium.remote.RemoteWebDriver.<init>(RemoteWebDriver.java:162)
	at io.appium.java_client.AppiumDriver.<init>(AppiumDriver.java:91)
	at io.appium.java_client.AppiumDriver.<init>(AppiumDriver.java:103)
	at io.appium.java_client.android.AndroidDriver.<init>(AndroidDriver.java:109)
	at com.automation.executor.DriverManager.createDriver(DriverManager.java:86)
	... 24 more
]]></failure>
    <system-out><![CDATA[â�­ï¸� Test skipped: executeTestFlow
â�Œ Xray authentication failed: {"error":"Authentication failed. Invalid client credentials!"}
âš ï¸� [tearDown] Test already marked as failed
ðŸ§¹ Cleaning up WebDriver
ðŸ“Š [afterInvocation] Method: tearDown, isTestMethod: false, status: 1, hasFailure: false
âœ… Found file at: C:\Users\tutru\Downloads\JiraTest\SeleniumJavaAllureHybrid-main\src\test\java\com\automation\tests\BusinessFlow.xlsx
â�Œ Xray authentication failed: {"error":"Authentication failed. Invalid client credentials!"}
âš ï¸� [tearDown] Test already marked as failed
ðŸ§¹ Cleaning up WebDriver
ðŸ“Š [afterInvocation] Method: tearDown, isTestMethod: false, status: 1, hasFailure: false
âœ… Found file at: C:\Users\tutru\Downloads\JiraTest\SeleniumJavaAllureHybrid-main\src\test\java\com\automation\tests\BusinessFlow.xlsx
â�Œ Xray authentication failed: {"error":"Authentication failed. Invalid client credentials!"}
âš ï¸� [tearDown] Test already marked as failed
ðŸ§¹ Cleaning up WebDriver
ðŸ“Š [afterInvocation] Method: tearDown, isTestMethod: false, status: 1, hasFailure: false
âœ… Found file at: C:\Users\tutru\Downloads\JiraTest\SeleniumJavaAllureHybrid-main\src\test\java\com\automation\tests\BusinessFlow.xlsx
ðŸ”§ Base test setup started. WebDriver will be initialized for each test case.
ðŸ“Š [afterInvocation] Method: setUp, isTestMethod: false, status: 1, hasFailure: false
âœ… Test started: TC002

========================================
ðŸš€ Starting Test: TC002
Tags: @regression
Browser: sauce mobile
========================================

ðŸ”§ Initializing WebDriver for browser: sauce mobile
ðŸ”§ Base test setup started. WebDriver will be initialized for each test case.
ðŸ“Š [afterInvocation] Method: setUp, isTestMethod: false, status: 1, hasFailure: false
âœ… Test started: TC003

========================================
ðŸš€ Starting Test: TC003
Tags: @regression
Browser: sauce android
========================================

ðŸ”§ Initializing WebDriver for browser: sauce android
ðŸ”§ Base test setup started. WebDriver will be initialized for each test case.
ðŸ“Š [afterInvocation] Method: setUp, isTestMethod: false, status: 1, hasFailure: false
âœ… Test started: TC005

========================================
ðŸš€ Starting Test: TC005
Tags: @regression
Browser: sauce android
========================================

ðŸ”§ Initializing WebDriver for browser: sauce android
ðŸ“Š [afterInvocation] Method: executeTestFlow, isTestMethod: true, status: 2, hasFailure: false
]]></system-out>
    <system-err><![CDATA[Jun 08, 2026 6:30:44 PM org.openqa.selenium.remote.tracing.opentelemetry.OpenTelemetryTracer createTracer
INFO: Using OpenTelemetry for tracing
Failed to initialize WebDriver: Could not start a new session. Response code 400. Message: Job not started. Your organization has reached its concurrent session limit. Contact your administrator or sales@saucelabs.com to upgrade. 
Host info: host: 'DESKTOP-2CPQ0LA', ip: '192.168.1.79'
Build info: version: '4.18.1', revision: 'b1d3319b48'
System info: os.name: 'Windows 11', os.arch: 'amd64', os.version: '10.0', java.version: '17.0.12'
Driver info: io.appium.java_client.android.AndroidDriver
Command: [null, newSession {capabilities=[Capabilities {appium:app: storage:filename=Android-My..., appium:automationName: UiAutomator2, appium:deviceName: Android GoogleAPI Emulator, appium:platformVersion: 12.0, platformName: ANDROID, sauce:options: Capabilities {accessKey: bb...}]}]
Capabilities {appium:app: storage:filename=Android-My..., appium:automationName: UiAutomator2, appium:deviceName: Android GoogleAPI Emulator, appium:platformVersion: 12.0, platformName: ANDROID, sauce:options: Capabilities {accessKey: bb...}
❌ Failed to initialize WebDriver: org.openqa.selenium.SessionNotCreatedException: Could not start a new session. Response code 400. Message: Job not started. Your organization has reached its concurrent session limit. Contact your administrator or sales@saucelabs.com to upgrade. 
Host info: host: 'DESKTOP-2CPQ0LA', ip: '192.168.1.79'
Build info: version: '4.18.1', revision: 'b1d3319b48'
System info: os.name: 'Windows 11', os.arch: 'amd64', os.version: '10.0', java.version: '17.0.12'
Driver info: io.appium.java_client.android.AndroidDriver
Command: [null, newSession {capabilities=[Capabilities {appium:app: storage:filename=Android-My..., appium:automationName: UiAutomator2, appium:deviceName: Android GoogleAPI Emulator, appium:platformVersion: 12.0, platformName: ANDROID, sauce:options: Capabilities {accessKey: bb...}]}]
Capabilities {appium:app: storage:filename=Android-My..., appium:automationName: UiAutomator2, appium:deviceName: Android GoogleAPI Emulator, appium:platformVersion: 12.0, platformName: ANDROID, sauce:options: Capabilities {accessKey: bb...}

❌ Test failed: TC003
Error: WebDriver initialization failed

]]></system-err>
  </testcase>
  <testcase name="executeTestFlow[TC005, @regression, sauce android](8)" classname="com.automation.tests.TestRunner" time="0.558">
    <failure message="WebDriver initialization failed" type="java.lang.RuntimeException"><![CDATA[java.lang.RuntimeException: WebDriver initialization failed
	at com.automation.tests.BaseTest.initializeDriver(BaseTest.java:42)
	at com.automation.tests.TestRunner.lambda$0(TestRunner.java:117)
	at io.qameta.allure.Allure.lambda$step$0(Allure.java:113)
	at io.qameta.allure.Allure.lambda$step$1(Allure.java:127)
	at io.qameta.allure.Allure.step(Allure.java:181)
	at io.qameta.allure.Allure.step(Allure.java:125)
	at io.qameta.allure.Allure.step(Allure.java:112)
	at com.automation.tests.TestRunner.executeTestFlow(TestRunner.java:116)
	at java.base/jdk.internal.reflect.NativeMethodAccessorImpl.invoke0(Native Method)
	at java.base/jdk.internal.reflect.NativeMethodAccessorImpl.invoke(NativeMethodAccessorImpl.java:77)
	at java.base/jdk.internal.reflect.DelegatingMethodAccessorImpl.invoke(DelegatingMethodAccessorImpl.java:43)
	at java.base/java.lang.reflect.Method.invoke(Method.java:568)
	at org.testng.internal.MethodInvocationHelper.invokeMethod(MethodInvocationHelper.java:133)
	at org.testng.internal.TestInvoker.invokeMethod(TestInvoker.java:598)
	at org.testng.internal.TestInvoker.retryFailed(TestInvoker.java:213)
	at org.testng.internal.TestMethodWithDataProviderMethodWorker.call(TestMethodWithDataProviderMethodWorker.java:94)
	at org.testng.internal.TestMethodWithDataProviderMethodWorker.call(TestMethodWithDataProviderMethodWorker.java:15)
	at java.base/java.util.concurrent.FutureTask.run(FutureTask.java:264)
	at java.base/java.util.concurrent.Executors$RunnableAdapter.call(Executors.java:539)
	at java.base/java.util.concurrent.FutureTask.run(FutureTask.java:264)
	at java.base/java.util.concurrent.ThreadPoolExecutor.runWorker(ThreadPoolExecutor.java:1136)
	at java.base/java.util.concurrent.ThreadPoolExecutor$Worker.run(ThreadPoolExecutor.java:635)
	at java.base/java.lang.Thread.run(Thread.java:842)
Caused by: java.lang.RuntimeException: org.openqa.selenium.SessionNotCreatedException: Could not start a new session. Response code 400. Message: Job not started. Your organization has reached its concurrent session limit. Contact your administrator or sales@saucelabs.com to upgrade. 
Host info: host: 'DESKTOP-2CPQ0LA', ip: '192.168.1.79'
Build info: version: '4.18.1', revision: 'b1d3319b48'
System info: os.name: 'Windows 11', os.arch: 'amd64', os.version: '10.0', java.version: '17.0.12'
Driver info: io.appium.java_client.android.AndroidDriver
Command: [null, newSession {capabilities=[Capabilities {appium:app: storage:filename=Android-My..., appium:automationName: UiAutomator2, appium:deviceName: Android GoogleAPI Emulator, appium:platformVersion: 12.0, platformName: ANDROID, sauce:options: Capabilities {accessKey: bb...}]}]
Capabilities {appium:app: storage:filename=Android-My..., appium:automationName: UiAutomator2, appium:deviceName: Android GoogleAPI Emulator, appium:platformVersion: 12.0, platformName: ANDROID, sauce:options: Capabilities {accessKey: bb...}
	at com.automation.executor.DriverManager.createDriver(DriverManager.java:106)
	at com.automation.executor.DriverManager.getDriver(DriverManager.java:29)
	at com.automation.tests.BaseTest.initializeDriver(BaseTest.java:39)
	... 22 more
Caused by: org.openqa.selenium.SessionNotCreatedException: Could not start a new session. Response code 400. Message: Job not started. Your organization has reached its concurrent session limit. Contact your administrator or sales@saucelabs.com to upgrade. 
Host info: host: 'DESKTOP-2CPQ0LA', ip: '192.168.1.79'
Build info: version: '4.18.1', revision: 'b1d3319b48'
System info: os.name: 'Windows 11', os.arch: 'amd64', os.version: '10.0', java.version: '17.0.12'
Driver info: io.appium.java_client.android.AndroidDriver
Command: [null, newSession {capabilities=[Capabilities {appium:app: storage:filename=Android-My..., appium:automationName: UiAutomator2, appium:deviceName: Android GoogleAPI Emulator, appium:platformVersion: 12.0, platformName: ANDROID, sauce:options: Capabilities {accessKey: bb...}]}]
Capabilities {appium:app: storage:filename=Android-My..., appium:automationName: UiAutomator2, appium:deviceName: Android GoogleAPI Emulator, appium:platformVersion: 12.0, platformName: ANDROID, sauce:options: Capabilities {accessKey: bb...}
	at org.openqa.selenium.remote.ProtocolHandshake.createSession(ProtocolHandshake.java:139)
	at org.openqa.selenium.remote.ProtocolHandshake.createSession(ProtocolHandshake.java:95)
	at org.openqa.selenium.remote.ProtocolHandshake.createSession(ProtocolHandshake.java:67)
	at io.appium.java_client.remote.AppiumCommandExecutor.createSession(AppiumCommandExecutor.java:176)
	at io.appium.java_client.remote.AppiumCommandExecutor.execute(AppiumCommandExecutor.java:237)
	at org.openqa.selenium.remote.RemoteWebDriver.execute(RemoteWebDriver.java:519)
	at io.appium.java_client.AppiumDriver.startSession(AppiumDriver.java:270)
	at org.openqa.selenium.remote.RemoteWebDriver.<init>(RemoteWebDriver.java:162)
	at io.appium.java_client.AppiumDriver.<init>(AppiumDriver.java:91)
	at io.appium.java_client.AppiumDriver.<init>(AppiumDriver.java:103)
	at io.appium.java_client.android.AndroidDriver.<init>(AndroidDriver.java:109)
	at com.automation.executor.DriverManager.createDriver(DriverManager.java:86)
	... 24 more
]]></failure>
    <system-out><![CDATA[
========================================
â�Œ FAILED TC003
========================================
Reason: WebDriver initialization failed
========================================

[2026-06-08 18:30:45] [TestNG-PoolService-2] [ERROR] io.qameta.allure.AllureLifecycle - Could not start step: no test case running
[2026-06-08 18:30:45] [TestNG-PoolService-2] [ERROR] io.qameta.allure.AllureLifecycle - Could not stop step: step with uuid e3d01b74-6b45-4f1d-bbcd-ef99a46a1557 not found
ðŸ“Š [afterInvocation] Method: executeTestFlow, isTestMethod: true, status: 2, hasFailure: false
â�Œ Xray authentication failed: {"error":"Authentication failed. Invalid client credentials!"}
âš ï¸� [tearDown] Test already marked as failed
ðŸ§¹ Cleaning up WebDriver
ðŸ“Š [afterInvocation] Method: tearDown, isTestMethod: false, status: 1, hasFailure: false
]]></system-out>
    <system-err><![CDATA[Failed to initialize WebDriver: Could not start a new session. Response code 400. Message: Job not started. Your organization has reached its concurrent session limit. Contact your administrator or sales@saucelabs.com to upgrade. 
Host info: host: 'DESKTOP-2CPQ0LA', ip: '192.168.1.79'
Build info: version: '4.18.1', revision: 'b1d3319b48'
System info: os.name: 'Windows 11', os.arch: 'amd64', os.version: '10.0', java.version: '17.0.12'
Driver info: io.appium.java_client.android.AndroidDriver
Command: [null, newSession {capabilities=[Capabilities {appium:app: storage:filename=Android-My..., appium:automationName: UiAutomator2, appium:deviceName: Android GoogleAPI Emulator, appium:platformVersion: 12.0, platformName: ANDROID, sauce:options: Capabilities {accessKey: bb...}]}]
Capabilities {appium:app: storage:filename=Android-My..., appium:automationName: UiAutomator2, appium:deviceName: Android GoogleAPI Emulator, appium:platformVersion: 12.0, platformName: ANDROID, sauce:options: Capabilities {accessKey: bb...}
❌ Failed to initialize WebDriver: org.openqa.selenium.SessionNotCreatedException: Could not start a new session. Response code 400. Message: Job not started. Your organization has reached its concurrent session limit. Contact your administrator or sales@saucelabs.com to upgrade. 
Host info: host: 'DESKTOP-2CPQ0LA', ip: '192.168.1.79'
Build info: version: '4.18.1', revision: 'b1d3319b48'
System info: os.name: 'Windows 11', os.arch: 'amd64', os.version: '10.0', java.version: '17.0.12'
Driver info: io.appium.java_client.android.AndroidDriver
Command: [null, newSession {capabilities=[Capabilities {appium:app: storage:filename=Android-My..., appium:automationName: UiAutomator2, appium:deviceName: Android GoogleAPI Emulator, appium:platformVersion: 12.0, platformName: ANDROID, sauce:options: Capabilities {accessKey: bb...}]}]
Capabilities {appium:app: storage:filename=Android-My..., appium:automationName: UiAutomator2, appium:deviceName: Android GoogleAPI Emulator, appium:platformVersion: 12.0, platformName: ANDROID, sauce:options: Capabilities {accessKey: bb...}

❌ Test failed: TC005
Error: WebDriver initialization failed

]]></system-err>
  </testcase>
  <testcase name="executeTestFlow[TC002, @regression, sauce mobile](9)" classname="com.automation.tests.TestRunner" time="1.227">
    <failure message="WebDriver initialization failed" type="java.lang.RuntimeException"><![CDATA[java.lang.RuntimeException: WebDriver initialization failed
	at com.automation.tests.BaseTest.initializeDriver(BaseTest.java:42)
	at com.automation.tests.TestRunner.lambda$0(TestRunner.java:117)
	at io.qameta.allure.Allure.lambda$step$0(Allure.java:113)
	at io.qameta.allure.Allure.lambda$step$1(Allure.java:127)
	at io.qameta.allure.Allure.step(Allure.java:181)
	at io.qameta.allure.Allure.step(Allure.java:125)
	at io.qameta.allure.Allure.step(Allure.java:112)
	at com.automation.tests.TestRunner.executeTestFlow(TestRunner.java:116)
	at java.base/jdk.internal.reflect.NativeMethodAccessorImpl.invoke0(Native Method)
	at java.base/jdk.internal.reflect.NativeMethodAccessorImpl.invoke(NativeMethodAccessorImpl.java:77)
	at java.base/jdk.internal.reflect.DelegatingMethodAccessorImpl.invoke(DelegatingMethodAccessorImpl.java:43)
	at java.base/java.lang.reflect.Method.invoke(Method.java:568)
	at org.testng.internal.MethodInvocationHelper.invokeMethod(MethodInvocationHelper.java:133)
	at org.testng.internal.TestInvoker.invokeMethod(TestInvoker.java:598)
	at org.testng.internal.TestInvoker.retryFailed(TestInvoker.java:213)
	at org.testng.internal.TestMethodWithDataProviderMethodWorker.call(TestMethodWithDataProviderMethodWorker.java:94)
	at org.testng.internal.TestMethodWithDataProviderMethodWorker.call(TestMethodWithDataProviderMethodWorker.java:15)
	at java.base/java.util.concurrent.FutureTask.run(FutureTask.java:264)
	at java.base/java.util.concurrent.Executors$RunnableAdapter.call(Executors.java:539)
	at java.base/java.util.concurrent.FutureTask.run(FutureTask.java:264)
	at java.base/java.util.concurrent.ThreadPoolExecutor.runWorker(ThreadPoolExecutor.java:1136)
	at java.base/java.util.concurrent.ThreadPoolExecutor$Worker.run(ThreadPoolExecutor.java:635)
	at java.base/java.lang.Thread.run(Thread.java:842)
Caused by: java.lang.RuntimeException: org.openqa.selenium.SessionNotCreatedException: Could not start a new session. Response code 400. Message: Job not started. Your organization has reached its concurrent session limit. Contact your administrator or sales@saucelabs.com to upgrade. 
Host info: host: 'DESKTOP-2CPQ0LA', ip: '192.168.1.79'
Build info: version: '4.18.1', revision: 'b1d3319b48'
System info: os.name: 'Windows 11', os.arch: 'amd64', os.version: '10.0', java.version: '17.0.12'
Driver info: org.openqa.selenium.remote.RemoteWebDriver
Command: [null, newSession {capabilities=[Capabilities {browserName: chrome, browserVersion: latest, goog:chromeOptions: {args: [], extensions: []}, platformName: Windows 11, sauce:options: {accessKey: bb2cc135-6036-4e2a-9e33-703..., build: selenium-build-GLMJZ, name: mobileautomation test, username: oauth-shilluchimmu-91931}}]}]
Capabilities {browserName: chrome, browserVersion: latest, goog:chromeOptions: {args: [], extensions: []}, platformName: Windows 11, sauce:options: {accessKey: bb2cc135-6036-4e2a-9e33-703..., build: selenium-build-GLMJZ, name: mobileautomation test, username: oauth-shilluchimmu-91931}}
	at com.automation.executor.DriverManager.createDriver(DriverManager.java:106)
	at com.automation.executor.DriverManager.getDriver(DriverManager.java:29)
	at com.automation.tests.BaseTest.initializeDriver(BaseTest.java:39)
	... 22 more
Caused by: org.openqa.selenium.SessionNotCreatedException: Could not start a new session. Response code 400. Message: Job not started. Your organization has reached its concurrent session limit. Contact your administrator or sales@saucelabs.com to upgrade. 
Host info: host: 'DESKTOP-2CPQ0LA', ip: '192.168.1.79'
Build info: version: '4.18.1', revision: 'b1d3319b48'
System info: os.name: 'Windows 11', os.arch: 'amd64', os.version: '10.0', java.version: '17.0.12'
Driver info: org.openqa.selenium.remote.RemoteWebDriver
Command: [null, newSession {capabilities=[Capabilities {browserName: chrome, browserVersion: latest, goog:chromeOptions: {args: [], extensions: []}, platformName: Windows 11, sauce:options: {accessKey: bb2cc135-6036-4e2a-9e33-703..., build: selenium-build-GLMJZ, name: mobileautomation test, username: oauth-shilluchimmu-91931}}]}]
Capabilities {browserName: chrome, browserVersion: latest, goog:chromeOptions: {args: [], extensions: []}, platformName: Windows 11, sauce:options: {accessKey: bb2cc135-6036-4e2a-9e33-703..., build: selenium-build-GLMJZ, name: mobileautomation test, username: oauth-shilluchimmu-91931}}
	at org.openqa.selenium.remote.ProtocolHandshake.createSession(ProtocolHandshake.java:139)
	at org.openqa.selenium.remote.ProtocolHandshake.createSession(ProtocolHandshake.java:95)
	at org.openqa.selenium.remote.ProtocolHandshake.createSession(ProtocolHandshake.java:67)
	at org.openqa.selenium.remote.HttpCommandExecutor.execute(HttpCommandExecutor.java:162)
	at org.openqa.selenium.remote.TracedCommandExecutor.execute(TracedCommandExecutor.java:51)
	at org.openqa.selenium.remote.RemoteWebDriver.execute(RemoteWebDriver.java:519)
	at org.openqa.selenium.remote.RemoteWebDriver.startSession(RemoteWebDriver.java:233)
	at org.openqa.selenium.remote.RemoteWebDriver.<init>(RemoteWebDriver.java:162)
	at org.openqa.selenium.remote.RemoteWebDriver.<init>(RemoteWebDriver.java:142)
	at com.automation.executor.DriverManager.createDriver(DriverManager.java:69)
	... 24 more
]]></failure>
    <system-out><![CDATA[
========================================
â�Œ FAILED TC005
========================================
Reason: WebDriver initialization failed
========================================

[2026-06-08 18:30:45] [TestNG-PoolService-4] [ERROR] io.qameta.allure.AllureLifecycle - Could not start step: no test case running
[2026-06-08 18:30:45] [TestNG-PoolService-4] [ERROR] io.qameta.allure.AllureLifecycle - Could not stop step: step with uuid fa48079b-6dd0-4956-b7f1-e3e50295cf07 not found
â�Œ Xray authentication failed: {"error":"Authentication failed. Invalid client credentials!"}
âš ï¸� [tearDown] Test already marked as failed
ðŸ§¹ Cleaning up WebDriver
ðŸ“Š [afterInvocation] Method: tearDown, isTestMethod: false, status: 1, hasFailure: false
ðŸ“Š [afterInvocation] Method: executeTestFlow, isTestMethod: true, status: 2, hasFailure: false
]]></system-out>
    <system-err><![CDATA[Failed to initialize WebDriver: Could not start a new session. Response code 400. Message: Job not started. Your organization has reached its concurrent session limit. Contact your administrator or sales@saucelabs.com to upgrade. 
Host info: host: 'DESKTOP-2CPQ0LA', ip: '192.168.1.79'
Build info: version: '4.18.1', revision: 'b1d3319b48'
System info: os.name: 'Windows 11', os.arch: 'amd64', os.version: '10.0', java.version: '17.0.12'
Driver info: org.openqa.selenium.remote.RemoteWebDriver
Command: [null, newSession {capabilities=[Capabilities {browserName: chrome, browserVersion: latest, goog:chromeOptions: {args: [], extensions: []}, platformName: Windows 11, sauce:options: {accessKey: bb2cc135-6036-4e2a-9e33-703..., build: selenium-build-GLMJZ, name: mobileautomation test, username: oauth-shilluchimmu-91931}}]}]
Capabilities {browserName: chrome, browserVersion: latest, goog:chromeOptions: {args: [], extensions: []}, platformName: Windows 11, sauce:options: {accessKey: bb2cc135-6036-4e2a-9e33-703..., build: selenium-build-GLMJZ, name: mobileautomation test, username: oauth-shilluchimmu-91931}}
❌ Failed to initialize WebDriver: org.openqa.selenium.SessionNotCreatedException: Could not start a new session. Response code 400. Message: Job not started. Your organization has reached its concurrent session limit. Contact your administrator or sales@saucelabs.com to upgrade. 
Host info: host: 'DESKTOP-2CPQ0LA', ip: '192.168.1.79'
Build info: version: '4.18.1', revision: 'b1d3319b48'
System info: os.name: 'Windows 11', os.arch: 'amd64', os.version: '10.0', java.version: '17.0.12'
Driver info: org.openqa.selenium.remote.RemoteWebDriver
Command: [null, newSession {capabilities=[Capabilities {browserName: chrome, browserVersion: latest, goog:chromeOptions: {args: [], extensions: []}, platformName: Windows 11, sauce:options: {accessKey: bb2cc135-6036-4e2a-9e33-703..., build: selenium-build-GLMJZ, name: mobileautomation test, username: oauth-shilluchimmu-91931}}]}]
Capabilities {browserName: chrome, browserVersion: latest, goog:chromeOptions: {args: [], extensions: []}, platformName: Windows 11, sauce:options: {accessKey: bb2cc135-6036-4e2a-9e33-703..., build: selenium-build-GLMJZ, name: mobileautomation test, username: oauth-shilluchimmu-91931}}

❌ Test failed: TC002
Error: WebDriver initialization failed

]]></system-err>
  </testcase>
  <testcase name="executeTestFlow[TC004, @regression, sauce android](10)" classname="com.automation.tests.TestRunner" time="50.097">
    <failure message="Flow execution failed" type="java.lang.RuntimeException"><![CDATA[java.lang.RuntimeException: Flow execution failed
	at com.automation.executor.Driver.executeFlow(Driver.java:80)
	at com.automation.tests.TestRunner.lambda$0(TestRunner.java:120)
	at io.qameta.allure.Allure.lambda$step$0(Allure.java:113)
	at io.qameta.allure.Allure.lambda$step$1(Allure.java:127)
	at io.qameta.allure.Allure.step(Allure.java:181)
	at io.qameta.allure.Allure.step(Allure.java:125)
	at io.qameta.allure.Allure.step(Allure.java:112)
	at com.automation.tests.TestRunner.executeTestFlow(TestRunner.java:116)
	at java.base/jdk.internal.reflect.NativeMethodAccessorImpl.invoke0(Native Method)
	at java.base/jdk.internal.reflect.NativeMethodAccessorImpl.invoke(NativeMethodAccessorImpl.java:77)
	at java.base/jdk.internal.reflect.DelegatingMethodAccessorImpl.invoke(DelegatingMethodAccessorImpl.java:43)
	at java.base/java.lang.reflect.Method.invoke(Method.java:568)
	at org.testng.internal.MethodInvocationHelper.invokeMethod(MethodInvocationHelper.java:133)
	at org.testng.internal.TestInvoker.invokeMethod(TestInvoker.java:598)
	at org.testng.internal.TestInvoker.invokeTestMethod(TestInvoker.java:173)
	at org.testng.internal.TestMethodWithDataProviderMethodWorker.call(TestMethodWithDataProviderMethodWorker.java:77)
	at org.testng.internal.TestMethodWithDataProviderMethodWorker.call(TestMethodWithDataProviderMethodWorker.java:15)
	at java.base/java.util.concurrent.FutureTask.run(FutureTask.java:264)
	at java.base/java.util.concurrent.Executors$RunnableAdapter.call(Executors.java:539)
	at java.base/java.util.concurrent.FutureTask.run(FutureTask.java:264)
	at java.base/java.util.concurrent.ThreadPoolExecutor.runWorker(ThreadPoolExecutor.java:1136)
	at java.base/java.util.concurrent.ThreadPoolExecutor$Worker.run(ThreadPoolExecutor.java:635)
	at java.base/java.lang.Thread.run(Thread.java:842)
Caused by: java.lang.RuntimeException: Keyword execution failed: executeMobileTest
	at com.automation.executor.Driver.executeKeyword(Driver.java:124)
	at com.automation.executor.Driver.executeFlow(Driver.java:51)
	... 22 more
Caused by: java.lang.reflect.InvocationTargetException
	at java.base/jdk.internal.reflect.NativeMethodAccessorImpl.invoke0(Native Method)
	at java.base/jdk.internal.reflect.NativeMethodAccessorImpl.invoke(NativeMethodAccessorImpl.java:77)
	at java.base/jdk.internal.reflect.DelegatingMethodAccessorImpl.invoke(DelegatingMethodAccessorImpl.java:43)
	at java.base/java.lang.reflect.Method.invoke(Method.java:568)
	at com.automation.executor.Driver.executeKeyword(Driver.java:116)
	... 23 more
Caused by: java.lang.RuntimeException: Mobile test execution failed
	at com.automation.businesscomponents.executeMobileTest.executeMobileTest(executeMobileTest.java:32)
	... 28 more
Caused by: java.lang.RuntimeException: ❌ Mobile click failed on Submit Button: An element could not be located on the page using the given search parameters.
For documentation on this error, please visit: https://www.selenium.dev/documentation/webdriver/troubleshooting/errors#no-such-element-exception
Build info: version: '4.18.1', revision: 'b1d3319b48'
System info: os.name: 'Windows 11', os.arch: 'amd64', os.version: '10.0', java.version: '17.0.12'
Driver info: io.appium.java_client.android.AndroidDriver
Command: [c3b30f3325ad435da842ab25c5650adb, findElement {using=xpath, value=//button[@text='Submit']}]
Capabilities {appium:adbExecTimeout: 90000, appium:app: /tmp/tmpC2_0XG/Android-MyDe..., appium:appPackage: com.saucelabs.mydemoapp.rn, appium:appWaitDuration: 90000, appium:automationName: UiAutomator2, appium:chromeOptions: {args: [--disable-fre, --disable-popup-blocking, --enable-automation, --enable-remote-debugging, --ignore-certificate-errors, --metrics-recording-only, --no-first-run, --disable-startup-promos-fo..., --ignore-certificate-errors...]}, appium:databaseEnabled: false, appium:desired: {adbExecTimeout: 90000, app: /tmp/tmpC2_0XG/Android-MyDe..., appWaitDuration: 90000, automationName: UiAutomator2, chromeOptions: {args: [--disable-fre, --disable-popup-blocking, --enable-automation, --enable-remote-debugging, --ignore-certificate-errors, --metrics-recording-only, --no-first-run, --disable-startup-promos-fo..., --ignore-certificate-errors...]}, deviceName: Android GoogleAPI Emulator, eventTimings: true, maxTypingFrequency: 8, newCommandTimeout: 0, noReset: true, noSign:noSign: true, orientation: PORTRAIT, platformName: ANDROID, platformVersion: 12.0, proxy: {proxyAutoconfigUrl: http://127.0.0.1:19876/pac.js, proxyType: pac}, sauce:options: {}, selenium:webdriver.remote.quietExceptions: false, udid: emulator-5554, uiautomator2ServerInstallTimeout: 90000}, appium:deviceApiLevel: 32, appium:deviceManufacturer: Google, appium:deviceModel: sdk_gphone64_x86_64, appium:deviceName: emulator-5554, appium:deviceScreenDensity: 320, appium:deviceScreenSize: 768x1280, appium:deviceUDID: emulator-5554, appium:eventTimings: true, appium:javascriptEnabled: true, appium:locationContextEnabled: false, appium:maxTypingFrequency: 8, appium:networkConnectionEnabled: true, appium:newCommandTimeout: 0, appium:noReset: true, appium:orientation: PORTRAIT, appium:pixelRatio: 2, appium:platformVersion: 12, appium:statBarHeight: 48, appium:takesScreenshot: true, appium:udid: emulator-5554, appium:uiautomator2ServerInstallTimeout: 90000, appium:viewportRect: {height: 1200, left: 0, top: 48, width: 768}, appium:warnings: {}, appium:webStorageEnabled: false, noSign:noSign: true, platformName: ANDROID, proxy: Proxy(pac: http://127.0.0.1..., sauce:options: {}, selenium:webdriver.remote.quietExceptions: false}
Session ID: c3b30f3325ad435da842ab25c5650adb
	at com.automation.utilities.CommonFunctions.clickMobileElement(CommonFunctions.java:276)
	at com.automation.businesscomponents.executeMobileTest.executeMobileTest(executeMobileTest.java:25)
	... 28 more
]]></failure>
    <system-out><![CDATA[
========================================
â�Œ FAILED TC002
========================================
Reason: WebDriver initialization failed
========================================

[2026-06-08 18:30:46] [TestNG-PoolService-1] [ERROR] io.qameta.allure.AllureLifecycle - Could not start step: no test case running
[2026-06-08 18:30:46] [TestNG-PoolService-1] [ERROR] io.qameta.allure.AllureLifecycle - Could not stop step: step with uuid dcf7968a-95b1-4de6-b5d6-288bf2d1a28b not found
â�Œ Xray authentication failed: {"error":"Authentication failed. Invalid client credentials!"}
âš ï¸� [tearDown] Test already marked as failed
ðŸ§¹ Cleaning up WebDriver
ðŸ“Š [afterInvocation] Method: tearDown, isTestMethod: false, status: 1, hasFailure: false
ðŸš€ Starting execution for Test Case: TC004
âœ… Found file at: C:\Users\tutru\Downloads\JiraTest\SeleniumJavaAllureHybrid-main\src\test\java\com\automation\tests\BusinessFlow.xlsx
âž¡ï¸� Executing keyword: executeMobileTest
ðŸš€ Executing mobile test: TC004
ðŸ–±ï¸� Clicking mobile element: Submit Button
ðŸ“¸ Screenshot saved: screenshots/2026-06-08_18-31-34_MobileClick_Failed_Submit Button.png
ðŸ“Š [afterInvocation] Method: executeTestFlow, isTestMethod: true, status: 2, hasFailure: false
]]></system-out>
    <system-err><![CDATA[❌ Mobile test failed: ❌ Mobile click failed on Submit Button: An element could not be located on the page using the given search parameters.
For documentation on this error, please visit: https://www.selenium.dev/documentation/webdriver/troubleshooting/errors#no-such-element-exception
Build info: version: '4.18.1', revision: 'b1d3319b48'
System info: os.name: 'Windows 11', os.arch: 'amd64', os.version: '10.0', java.version: '17.0.12'
Driver info: io.appium.java_client.android.AndroidDriver
Command: [c3b30f3325ad435da842ab25c5650adb, findElement {using=xpath, value=//button[@text='Submit']}]
Capabilities {appium:adbExecTimeout: 90000, appium:app: /tmp/tmpC2_0XG/Android-MyDe..., appium:appPackage: com.saucelabs.mydemoapp.rn, appium:appWaitDuration: 90000, appium:automationName: UiAutomator2, appium:chromeOptions: {args: [--disable-fre, --disable-popup-blocking, --enable-automation, --enable-remote-debugging, --ignore-certificate-errors, --metrics-recording-only, --no-first-run, --disable-startup-promos-fo..., --ignore-certificate-errors...]}, appium:databaseEnabled: false, appium:desired: {adbExecTimeout: 90000, app: /tmp/tmpC2_0XG/Android-MyDe..., appWaitDuration: 90000, automationName: UiAutomator2, chromeOptions: {args: [--disable-fre, --disable-popup-blocking, --enable-automation, --enable-remote-debugging, --ignore-certificate-errors, --metrics-recording-only, --no-first-run, --disable-startup-promos-fo..., --ignore-certificate-errors...]}, deviceName: Android GoogleAPI Emulator, eventTimings: true, maxTypingFrequency: 8, newCommandTimeout: 0, noReset: true, noSign:noSign: true, orientation: PORTRAIT, platformName: ANDROID, platformVersion: 12.0, proxy: {proxyAutoconfigUrl: http://127.0.0.1:19876/pac.js, proxyType: pac}, sauce:options: {}, selenium:webdriver.remote.quietExceptions: false, udid: emulator-5554, uiautomator2ServerInstallTimeout: 90000}, appium:deviceApiLevel: 32, appium:deviceManufacturer: Google, appium:deviceModel: sdk_gphone64_x86_64, appium:deviceName: emulator-5554, appium:deviceScreenDensity: 320, appium:deviceScreenSize: 768x1280, appium:deviceUDID: emulator-5554, appium:eventTimings: true, appium:javascriptEnabled: true, appium:locationContextEnabled: false, appium:maxTypingFrequency: 8, appium:networkConnectionEnabled: true, appium:newCommandTimeout: 0, appium:noReset: true, appium:orientation: PORTRAIT, appium:pixelRatio: 2, appium:platformVersion: 12, appium:statBarHeight: 48, appium:takesScreenshot: true, appium:udid: emulator-5554, appium:uiautomator2ServerInstallTimeout: 90000, appium:viewportRect: {height: 1200, left: 0, top: 48, width: 768}, appium:warnings: {}, appium:webStorageEnabled: false, noSign:noSign: true, platformName: ANDROID, proxy: Proxy(pac: http://127.0.0.1..., sauce:options: {}, selenium:webdriver.remote.quietExceptions: false}
Session ID: c3b30f3325ad435da842ab25c5650adb
❌ Failed to execute keyword: executeMobileTest
❌ Failed to execute flow: Keyword execution failed: executeMobileTest

❌ Test failed: TC004
Error: Flow execution failed

]]></system-err>
  </testcase>
</testsuite>