<?xml version="1.0" encoding="UTF-8"?>
<testng-results retried="9" ignored="0" total="14" passed="0" failed="5" skipped="0">
  <reporter-output>
  </reporter-output>
  <suite started-at="2026-06-08T21:27:43 EDT" name="Selenium Hybrid Allure Suite" finished-at="2026-06-08T21:29:02 EDT" duration-ms="79274">
    <groups>
      <group name="regression">
        <method signature="TestRunner.executeTestFlow(java.lang.String,java.lang.String,java.lang.String,java.lang.String)[pri:0, instance:com.automation.tests.TestRunner@b967222]" name="executeTestFlow" class="com.automation.tests.TestRunner"/>
      </group> <!-- regression -->
      <group name="smoke">
        <method signature="TestRunner.executeTestFlow(java.lang.String,java.lang.String,java.lang.String,java.lang.String)[pri:0, instance:com.automation.tests.TestRunner@b967222]" name="executeTestFlow" class="com.automation.tests.TestRunner"/>
      </group> <!-- smoke -->
    </groups>
    <test started-at="2026-06-08T21:27:43 EDT" name="Test" finished-at="2026-06-08T21:29:02 EDT" duration-ms="79274">
      <class name="com.automation.tests.TestRunner">
        <test-method is-config="true" signature="setUp()[pri:0, instance:com.automation.tests.TestRunner@b967222]" started-at="2026-06-08T21:27:45 EDT" name="setUp" finished-at="2026-06-08T21:27:45 EDT" duration-ms="42" status="PASS">
          <reporter-output>
          </reporter-output>
        </test-method> <!-- setUp -->
        <test-method is-config="true" signature="setUp()[pri:0, instance:com.automation.tests.TestRunner@b967222]" started-at="2026-06-08T21:27:45 EDT" name="setUp" finished-at="2026-06-08T21:27:45 EDT" duration-ms="42" status="PASS">
          <reporter-output>
          </reporter-output>
        </test-method> <!-- setUp -->
        <test-method is-config="true" signature="setUp()[pri:0, instance:com.automation.tests.TestRunner@b967222]" started-at="2026-06-08T21:27:45 EDT" name="setUp" finished-at="2026-06-08T21:27:45 EDT" duration-ms="42" status="PASS">
          <reporter-output>
          </reporter-output>
        </test-method> <!-- setUp -->
        <test-method is-config="true" signature="setUp()[pri:0, instance:com.automation.tests.TestRunner@b967222]" started-at="2026-06-08T21:27:45 EDT" name="setUp" finished-at="2026-06-08T21:27:45 EDT" duration-ms="41" status="PASS">
          <reporter-output>
          </reporter-output>
        </test-method> <!-- setUp -->
        <test-method is-config="true" signature="setUp()[pri:0, instance:com.automation.tests.TestRunner@b967222]" started-at="2026-06-08T21:27:45 EDT" name="setUp" finished-at="2026-06-08T21:27:45 EDT" duration-ms="42" status="PASS">
          <reporter-output>
          </reporter-output>
        </test-method> <!-- setUp -->
        <test-method retried="true" signature="executeTestFlow(java.lang.String,java.lang.String,java.lang.String,java.lang.String)[pri:0, instance:com.automation.tests.TestRunner@b967222]" started-at="2026-06-08T21:27:45 EDT" name="executeTestFlow" data-provider="testCaseData" finished-at="2026-06-08T21:27:47 EDT" duration-ms="2046" status="SKIP">
          <params>
            <param index="0">
              <value>
                <![CDATA[XSP-3]]>
              </value>
            </param>
            <param index="1">
              <value>
                <![CDATA[@regression]]>
              </value>
            </param>
            <param index="2">
              <value>
                <![CDATA[sauce android]]>
              </value>
            </param>
            <param index="3">
              <value>
                <![CDATA[XSP-62]]>
              </value>
            </param>
          </params>
          <exception class="java.lang.RuntimeException">
            <message>
              <![CDATA[WebDriver initialization failed]]>
            </message>
            <full-stacktrace>
              <![CDATA[java.lang.RuntimeException: WebDriver initialization failed
at com.automation.tests.BaseTest.initializeDriver(BaseTest.java:42)
at com.automation.tests.TestRunner.lambda$0(TestRunner.java:126)
at io.qameta.allure.Allure.lambda$step$0(Allure.java:113)
at io.qameta.allure.Allure.lambda$step$1(Allure.java:127)
at io.qameta.allure.Allure.step(Allure.java:181)
at io.qameta.allure.Allure.step(Allure.java:125)
at io.qameta.allure.Allure.step(Allure.java:112)
at com.automation.tests.TestRunner.executeTestFlow(TestRunner.java:125)
at java.base/jdk.internal.reflect.NativeMethodAccessorImpl.invoke0(Native Method)
at java.base/jdk.internal.reflect.NativeMethodAccessorImpl.invoke(NativeMethodAccessorImpl.java:77)
at java.base/jdk.internal.reflect.DelegatingMethodAccessorImpl.invoke(DelegatingMethodAccessorImpl.java:43)
at java.base/java.lang.reflect.Method.invoke(Method.java:568)
at org.testng.internal.MethodInvocationHelper.invokeMethod(MethodInvocationHelper.java:133)
at org.testng.internal.TestInvoker.invokeMethod(TestInvoker.java:598)
at org.testng.internal.TestInvoker.invokeTestMethod(TestInvoker.java:173)
at org.testng.internal.TestMethodWithDataProviderMethodWorker.call(TestMethodWithDataProviderMethodWorker.java:77)
at org.testng.internal.TestMethodWithDataProviderMethodWorker.call(TestMethodWithDataProviderMethodWorker.java:15)
at java.base/java.util.concurrent.FutureTask.run(FutureTask.java:264)
at java.base/java.util.concurrent.Executors$RunnableAdapter.call(Executors.java:539)
at java.base/java.util.concurrent.FutureTask.run(FutureTask.java:264)
at java.base/java.util.concurrent.ThreadPoolExecutor.runWorker(ThreadPoolExecutor.java:1136)
at java.base/java.util.concurrent.ThreadPoolExecutor$Worker.run(ThreadPoolExecutor.java:635)
at java.base/java.lang.Thread.run(Thread.java:842)
Caused by: java.lang.RuntimeException: org.openqa.selenium.SessionNotCreatedException: Could not start a new session. Response code 400. Message: Job not started. Your organization has reached its concurrent session limit. Contact your administrator or sales@saucelabs.com to upgrade. 
Host info: host: 'DESKTOP-2CPQ0LA', ip: '192.168.1.79'
Build info: version: '4.18.1', revision: 'b1d3319b48'
System info: os.name: 'Windows 11', os.arch: 'amd64', os.version: '10.0', java.version: '17.0.12'
Driver info: io.appium.java_client.android.AndroidDriver
Command: [null, newSession {capabilities=[Capabilities {appium:app: storage:filename=Android-My..., appium:automationName: UiAutomator2, appium:deviceName: Android GoogleAPI Emulator, appium:platformVersion: 12.0, platformName: ANDROID, sauce:options: Capabilities {accessKey: bb...}]}]
Capabilities {appium:app: storage:filename=Android-My..., appium:automationName: UiAutomator2, appium:deviceName: Android GoogleAPI Emulator, appium:platformVersion: 12.0, platformName: ANDROID, sauce:options: Capabilities {accessKey: bb...}
at com.automation.executor.DriverManager.createDriver(DriverManager.java:106)
at com.automation.executor.DriverManager.getDriver(DriverManager.java:29)
at com.automation.tests.BaseTest.initializeDriver(BaseTest.java:39)
... 22 more
Caused by: org.openqa.selenium.SessionNotCreatedException: Could not start a new session. Response code 400. Message: Job not started. Your organization has reached its concurrent session limit. Contact your administrator or sales@saucelabs.com to upgrade. 
Host info: host: 'DESKTOP-2CPQ0LA', ip: '192.168.1.79'
Build info: version: '4.18.1', revision: 'b1d3319b48'
System info: os.name: 'Windows 11', os.arch: 'amd64', os.version: '10.0', java.version: '17.0.12'
Driver info: io.appium.java_client.android.AndroidDriver
Command: [null, newSession {capabilities=[Capabilities {appium:app: storage:filename=Android-My..., appium:automationName: UiAutomator2, appium:deviceName: Android GoogleAPI Emulator, appium:platformVersion: 12.0, platformName: ANDROID, sauce:options: Capabilities {accessKey: bb...}]}]
Capabilities {appium:app: storage:filename=Android-My..., appium:automationName: UiAutomator2, appium:deviceName: Android GoogleAPI Emulator, appium:platformVersion: 12.0, platformName: ANDROID, sauce:options: Capabilities {accessKey: bb...}
at org.openqa.selenium.remote.ProtocolHandshake.createSession(ProtocolHandshake.java:139)
at org.openqa.selenium.remote.ProtocolHandshake.createSession(ProtocolHandshake.java:95)
at org.openqa.selenium.remote.ProtocolHandshake.createSession(ProtocolHandshake.java:67)
at io.appium.java_client.remote.AppiumCommandExecutor.createSession(AppiumCommandExecutor.java:176)
at io.appium.java_client.remote.AppiumCommandExecutor.execute(AppiumCommandExecutor.java:237)
at org.openqa.selenium.remote.RemoteWebDriver.execute(RemoteWebDriver.java:519)
at io.appium.java_client.AppiumDriver.startSession(AppiumDriver.java:270)
at org.openqa.selenium.remote.RemoteWebDriver.<init>(RemoteWebDriver.java:162)
at io.appium.java_client.AppiumDriver.<init>(AppiumDriver.java:91)
at io.appium.java_client.AppiumDriver.<init>(AppiumDriver.java:103)
at io.appium.java_client.android.AndroidDriver.<init>(AndroidDriver.java:109)
at com.automation.executor.DriverManager.createDriver(DriverManager.java:86)
... 24 more
]]>
            </full-stacktrace>
          </exception> <!-- java.lang.RuntimeException -->
          <reporter-output>
          </reporter-output>
        </test-method> <!-- executeTestFlow -->
        <test-method retried="true" signature="executeTestFlow(java.lang.String,java.lang.String,java.lang.String,java.lang.String)[pri:0, instance:com.automation.tests.TestRunner@b967222]" started-at="2026-06-08T21:27:45 EDT" name="executeTestFlow" data-provider="testCaseData" finished-at="2026-06-08T21:27:47 EDT" duration-ms="2036" status="SKIP">
          <params>
            <param index="0">
              <value>
                <![CDATA[XSP-3]]>
              </value>
            </param>
            <param index="1">
              <value>
                <![CDATA[@regression]]>
              </value>
            </param>
            <param index="2">
              <value>
                <![CDATA[sauce android]]>
              </value>
            </param>
            <param index="3">
              <value>
                <![CDATA[XSP-62]]>
              </value>
            </param>
          </params>
          <exception class="java.lang.RuntimeException">
            <message>
              <![CDATA[WebDriver initialization failed]]>
            </message>
            <full-stacktrace>
              <![CDATA[java.lang.RuntimeException: WebDriver initialization failed
at com.automation.tests.BaseTest.initializeDriver(BaseTest.java:42)
at com.automation.tests.TestRunner.lambda$0(TestRunner.java:126)
at io.qameta.allure.Allure.lambda$step$0(Allure.java:113)
at io.qameta.allure.Allure.lambda$step$1(Allure.java:127)
at io.qameta.allure.Allure.step(Allure.java:181)
at io.qameta.allure.Allure.step(Allure.java:125)
at io.qameta.allure.Allure.step(Allure.java:112)
at com.automation.tests.TestRunner.executeTestFlow(TestRunner.java:125)
at java.base/jdk.internal.reflect.NativeMethodAccessorImpl.invoke0(Native Method)
at java.base/jdk.internal.reflect.NativeMethodAccessorImpl.invoke(NativeMethodAccessorImpl.java:77)
at java.base/jdk.internal.reflect.DelegatingMethodAccessorImpl.invoke(DelegatingMethodAccessorImpl.java:43)
at java.base/java.lang.reflect.Method.invoke(Method.java:568)
at org.testng.internal.MethodInvocationHelper.invokeMethod(MethodInvocationHelper.java:133)
at org.testng.internal.TestInvoker.invokeMethod(TestInvoker.java:598)
at org.testng.internal.TestInvoker.invokeTestMethod(TestInvoker.java:173)
at org.testng.internal.TestMethodWithDataProviderMethodWorker.call(TestMethodWithDataProviderMethodWorker.java:77)
at org.testng.internal.TestMethodWithDataProviderMethodWorker.call(TestMethodWithDataProviderMethodWorker.java:15)
at java.base/java.util.concurrent.FutureTask.run(FutureTask.java:264)
at java.base/java.util.concurrent.Executors$RunnableAdapter.call(Executors.java:539)
at java.base/java.util.concurrent.FutureTask.run(FutureTask.java:264)
at java.base/java.util.concurrent.ThreadPoolExecutor.runWorker(ThreadPoolExecutor.java:1136)
at java.base/java.util.concurrent.ThreadPoolExecutor$Worker.run(ThreadPoolExecutor.java:635)
at java.base/java.lang.Thread.run(Thread.java:842)
Caused by: java.lang.RuntimeException: org.openqa.selenium.SessionNotCreatedException: Could not start a new session. Response code 400. Message: Job not started. Your organization has reached its concurrent session limit. Contact your administrator or sales@saucelabs.com to upgrade. 
Host info: host: 'DESKTOP-2CPQ0LA', ip: '192.168.1.79'
Build info: version: '4.18.1', revision: 'b1d3319b48'
System info: os.name: 'Windows 11', os.arch: 'amd64', os.version: '10.0', java.version: '17.0.12'
Driver info: io.appium.java_client.android.AndroidDriver
Command: [null, newSession {capabilities=[Capabilities {appium:app: storage:filename=Android-My..., appium:automationName: UiAutomator2, appium:deviceName: Android GoogleAPI Emulator, appium:platformVersion: 12.0, platformName: ANDROID, sauce:options: Capabilities {accessKey: bb...}]}]
Capabilities {appium:app: storage:filename=Android-My..., appium:automationName: UiAutomator2, appium:deviceName: Android GoogleAPI Emulator, appium:platformVersion: 12.0, platformName: ANDROID, sauce:options: Capabilities {accessKey: bb...}
at com.automation.executor.DriverManager.createDriver(DriverManager.java:106)
at com.automation.executor.DriverManager.getDriver(DriverManager.java:29)
at com.automation.tests.BaseTest.initializeDriver(BaseTest.java:39)
... 22 more
Caused by: org.openqa.selenium.SessionNotCreatedException: Could not start a new session. Response code 400. Message: Job not started. Your organization has reached its concurrent session limit. Contact your administrator or sales@saucelabs.com to upgrade. 
Host info: host: 'DESKTOP-2CPQ0LA', ip: '192.168.1.79'
Build info: version: '4.18.1', revision: 'b1d3319b48'
System info: os.name: 'Windows 11', os.arch: 'amd64', os.version: '10.0', java.version: '17.0.12'
Driver info: io.appium.java_client.android.AndroidDriver
Command: [null, newSession {capabilities=[Capabilities {appium:app: storage:filename=Android-My..., appium:automationName: UiAutomator2, appium:deviceName: Android GoogleAPI Emulator, appium:platformVersion: 12.0, platformName: ANDROID, sauce:options: Capabilities {accessKey: bb...}]}]
Capabilities {appium:app: storage:filename=Android-My..., appium:automationName: UiAutomator2, appium:deviceName: Android GoogleAPI Emulator, appium:platformVersion: 12.0, platformName: ANDROID, sauce:options: Capabilities {accessKey: bb...}
at org.openqa.selenium.remote.ProtocolHandshake.createSession(ProtocolHandshake.java:139)
at org.openqa.selenium.remote.ProtocolHandshake.createSession(ProtocolHandshake.java:95)
at org.openqa.selenium.remote.ProtocolHandshake.createSession(ProtocolHandshake.java:67)
at io.appium.java_client.remote.AppiumCommandExecutor.createSession(AppiumCommandExecutor.java:176)
at io.appium.java_client.remote.AppiumCommandExecutor.execute(AppiumCommandExecutor.java:237)
at org.openqa.selenium.remote.RemoteWebDriver.execute(RemoteWebDriver.java:519)
at io.appium.java_client.AppiumDriver.startSession(AppiumDriver.java:270)
at org.openqa.selenium.remote.RemoteWebDriver.<init>(RemoteWebDriver.java:162)
at io.appium.java_client.AppiumDriver.<init>(AppiumDriver.java:91)
at io.appium.java_client.AppiumDriver.<init>(AppiumDriver.java:103)
at io.appium.java_client.android.AndroidDriver.<init>(AndroidDriver.java:109)
at com.automation.executor.DriverManager.createDriver(DriverManager.java:86)
... 24 more
]]>
            </full-stacktrace>
          </exception> <!-- java.lang.RuntimeException -->
          <reporter-output>
          </reporter-output>
        </test-method> <!-- executeTestFlow -->
        <test-method signature="executeTestFlow(java.lang.String,java.lang.String,java.lang.String,java.lang.String)[pri:0, instance:com.automation.tests.TestRunner@b967222]" started-at="2026-06-08T21:27:45 EDT" name="executeTestFlow" data-provider="testCaseData" finished-at="2026-06-08T21:28:52 EDT" duration-ms="66535" status="FAIL">
          <params>
            <param index="0">
              <value>
                <![CDATA[XSP-3]]>
              </value>
            </param>
            <param index="1">
              <value>
                <![CDATA[@regression]]>
              </value>
            </param>
            <param index="2">
              <value>
                <![CDATA[sauce android]]>
              </value>
            </param>
            <param index="3">
              <value>
                <![CDATA[XSP-62]]>
              </value>
            </param>
          </params>
          <exception class="java.lang.RuntimeException">
            <message>
              <![CDATA[Flow execution failed]]>
            </message>
            <full-stacktrace>
              <![CDATA[java.lang.RuntimeException: Flow execution failed
at com.automation.executor.Driver.executeFlow(Driver.java:80)
at com.automation.tests.TestRunner.lambda$0(TestRunner.java:129)
at io.qameta.allure.Allure.lambda$step$0(Allure.java:113)
at io.qameta.allure.Allure.lambda$step$1(Allure.java:127)
at io.qameta.allure.Allure.step(Allure.java:181)
at io.qameta.allure.Allure.step(Allure.java:125)
at io.qameta.allure.Allure.step(Allure.java:112)
at com.automation.tests.TestRunner.executeTestFlow(TestRunner.java:125)
at java.base/jdk.internal.reflect.NativeMethodAccessorImpl.invoke0(Native Method)
at java.base/jdk.internal.reflect.NativeMethodAccessorImpl.invoke(NativeMethodAccessorImpl.java:77)
at java.base/jdk.internal.reflect.DelegatingMethodAccessorImpl.invoke(DelegatingMethodAccessorImpl.java:43)
at java.base/java.lang.reflect.Method.invoke(Method.java:568)
at org.testng.internal.MethodInvocationHelper.invokeMethod(MethodInvocationHelper.java:133)
at org.testng.internal.TestInvoker.invokeMethod(TestInvoker.java:598)
at org.testng.internal.TestInvoker.invokeTestMethod(TestInvoker.java:173)
at org.testng.internal.TestMethodWithDataProviderMethodWorker.call(TestMethodWithDataProviderMethodWorker.java:77)
at org.testng.internal.TestMethodWithDataProviderMethodWorker.call(TestMethodWithDataProviderMethodWorker.java:15)
at java.base/java.util.concurrent.FutureTask.run(FutureTask.java:264)
at java.base/java.util.concurrent.Executors$RunnableAdapter.call(Executors.java:539)
at java.base/java.util.concurrent.FutureTask.run(FutureTask.java:264)
at java.base/java.util.concurrent.ThreadPoolExecutor.runWorker(ThreadPoolExecutor.java:1136)
at java.base/java.util.concurrent.ThreadPoolExecutor$Worker.run(ThreadPoolExecutor.java:635)
at java.base/java.lang.Thread.run(Thread.java:842)
Caused by: java.lang.RuntimeException: Keyword execution failed: executeMobileTest
at com.automation.executor.Driver.executeKeyword(Driver.java:124)
at com.automation.executor.Driver.executeFlow(Driver.java:51)
... 22 more
Caused by: java.lang.reflect.InvocationTargetException
at java.base/jdk.internal.reflect.NativeMethodAccessorImpl.invoke0(Native Method)
at java.base/jdk.internal.reflect.NativeMethodAccessorImpl.invoke(NativeMethodAccessorImpl.java:77)
at java.base/jdk.internal.reflect.DelegatingMethodAccessorImpl.invoke(DelegatingMethodAccessorImpl.java:43)
at java.base/java.lang.reflect.Method.invoke(Method.java:568)
at com.automation.executor.Driver.executeKeyword(Driver.java:116)
... 23 more
Caused by: java.lang.RuntimeException: Mobile test execution failed
at com.automation.businesscomponents.executeMobileTest.executeMobileTest(executeMobileTest.java:32)
... 28 more
Caused by: java.lang.RuntimeException: ? Mobile click failed on Submit Button: An element could not be located on the page using the given search parameters.
For documentation on this error, please visit: https://www.selenium.dev/documentation/webdriver/troubleshooting/errors#no-such-element-exception
Build info: version: '4.18.1', revision: 'b1d3319b48'
System info: os.name: 'Windows 11', os.arch: 'amd64', os.version: '10.0', java.version: '17.0.12'
Driver info: io.appium.java_client.android.AndroidDriver
Command: [f1ca752ea69f487294a7c4952dccfdf7, findElement {using=xpath, value=//button[@text='Submit']}]
Capabilities {appium:adbExecTimeout: 90000, appium:app: /tmp/tmpSItko6/Android-MyDe..., appium:appPackage: com.saucelabs.mydemoapp.rn, appium:appWaitDuration: 90000, appium:automationName: UiAutomator2, appium:chromeOptions: {args: [--disable-fre, --disable-popup-blocking, --enable-automation, --enable-remote-debugging, --ignore-certificate-errors, --metrics-recording-only, --no-first-run, --disable-startup-promos-fo..., --ignore-certificate-errors...]}, appium:databaseEnabled: false, appium:desired: {adbExecTimeout: 90000, app: /tmp/tmpSItko6/Android-MyDe..., appWaitDuration: 90000, automationName: UiAutomator2, chromeOptions: {args: [--disable-fre, --disable-popup-blocking, --enable-automation, --enable-remote-debugging, --ignore-certificate-errors, --metrics-recording-only, --no-first-run, --disable-startup-promos-fo..., --ignore-certificate-errors...]}, deviceName: Android GoogleAPI Emulator, eventTimings: true, maxTypingFrequency: 8, newCommandTimeout: 0, noReset: true, noSign:noSign: true, orientation: PORTRAIT, platformName: ANDROID, platformVersion: 12.0, proxy: {proxyAutoconfigUrl: http://127.0.0.1:19876/pac.js, proxyType: pac}, sauce:options: {}, selenium:webdriver.remote.quietExceptions: false, udid: emulator-5554, uiautomator2ServerInstallTimeout: 90000}, appium:deviceApiLevel: 32, appium:deviceManufacturer: Google, appium:deviceModel: sdk_gphone64_x86_64, appium:deviceName: emulator-5554, appium:deviceScreenDensity: 320, appium:deviceScreenSize: 768x1280, appium:deviceUDID: emulator-5554, appium:eventTimings: true, appium:javascriptEnabled: true, appium:locationContextEnabled: false, appium:maxTypingFrequency: 8, appium:networkConnectionEnabled: true, appium:newCommandTimeout: 0, appium:noReset: true, appium:orientation: PORTRAIT, appium:pixelRatio: 2, appium:platformVersion: 12, appium:statBarHeight: 48, appium:takesScreenshot: true, appium:udid: emulator-5554, appium:uiautomator2ServerInstallTimeout: 90000, appium:viewportRect: {height: 1200, left: 0, top: 48, width: 768}, appium:warnings: {}, appium:webStorageEnabled: false, noSign:noSign: true, platformName: ANDROID, proxy: Proxy(pac: http://127.0.0.1..., sauce:options: {}, selenium:webdriver.remote.quietExceptions: false}
Session ID: f1ca752ea69f487294a7c4952dccfdf7
at com.automation.utilities.CommonFunctions.clickMobileElement(CommonFunctions.java:276)
at com.automation.businesscomponents.executeMobileTest.executeMobileTest(executeMobileTest.java:25)
... 28 more
]]>
            </full-stacktrace>
          </exception> <!-- java.lang.RuntimeException -->
          <reporter-output>
          </reporter-output>
        </test-method> <!-- executeTestFlow -->
        <test-method signature="executeTestFlow(java.lang.String,java.lang.String,java.lang.String,java.lang.String)[pri:0, instance:com.automation.tests.TestRunner@b967222]" started-at="2026-06-08T21:27:45 EDT" name="executeTestFlow" data-provider="testCaseData" finished-at="2026-06-08T21:27:47 EDT" duration-ms="2097" status="FAIL">
          <params>
            <param index="0">
              <value>
                <![CDATA[XSP-3]]>
              </value>
            </param>
            <param index="1">
              <value>
                <![CDATA[@regression]]>
              </value>
            </param>
            <param index="2">
              <value>
                <![CDATA[sauce android]]>
              </value>
            </param>
            <param index="3">
              <value>
                <![CDATA[XSP-62]]>
              </value>
            </param>
          </params>
          <exception class="java.lang.RuntimeException">
            <message>
              <![CDATA[WebDriver initialization failed]]>
            </message>
            <full-stacktrace>
              <![CDATA[java.lang.RuntimeException: WebDriver initialization failed
at com.automation.tests.BaseTest.initializeDriver(BaseTest.java:42)
at com.automation.tests.TestRunner.lambda$0(TestRunner.java:126)
at io.qameta.allure.Allure.lambda$step$0(Allure.java:113)
at io.qameta.allure.Allure.lambda$step$1(Allure.java:127)
at io.qameta.allure.Allure.step(Allure.java:181)
at io.qameta.allure.Allure.step(Allure.java:125)
at io.qameta.allure.Allure.step(Allure.java:112)
at com.automation.tests.TestRunner.executeTestFlow(TestRunner.java:125)
at java.base/jdk.internal.reflect.NativeMethodAccessorImpl.invoke0(Native Method)
at java.base/jdk.internal.reflect.NativeMethodAccessorImpl.invoke(NativeMethodAccessorImpl.java:77)
at java.base/jdk.internal.reflect.DelegatingMethodAccessorImpl.invoke(DelegatingMethodAccessorImpl.java:43)
at java.base/java.lang.reflect.Method.invoke(Method.java:568)
at org.testng.internal.MethodInvocationHelper.invokeMethod(MethodInvocationHelper.java:133)
at org.testng.internal.TestInvoker.invokeMethod(TestInvoker.java:598)
at org.testng.internal.TestInvoker.invokeTestMethod(TestInvoker.java:173)
at org.testng.internal.TestMethodWithDataProviderMethodWorker.call(TestMethodWithDataProviderMethodWorker.java:77)
at org.testng.internal.TestMethodWithDataProviderMethodWorker.call(TestMethodWithDataProviderMethodWorker.java:15)
at java.base/java.util.concurrent.FutureTask.run(FutureTask.java:264)
at java.base/java.util.concurrent.Executors$RunnableAdapter.call(Executors.java:539)
at java.base/java.util.concurrent.FutureTask.run(FutureTask.java:264)
at java.base/java.util.concurrent.ThreadPoolExecutor.runWorker(ThreadPoolExecutor.java:1136)
at java.base/java.util.concurrent.ThreadPoolExecutor$Worker.run(ThreadPoolExecutor.java:635)
at java.base/java.lang.Thread.run(Thread.java:842)
Caused by: java.lang.RuntimeException: org.openqa.selenium.SessionNotCreatedException: Could not start a new session. Response code 400. Message: Job not started. Your organization has reached its concurrent session limit. Contact your administrator or sales@saucelabs.com to upgrade. 
Host info: host: 'DESKTOP-2CPQ0LA', ip: '192.168.1.79'
Build info: version: '4.18.1', revision: 'b1d3319b48'
System info: os.name: 'Windows 11', os.arch: 'amd64', os.version: '10.0', java.version: '17.0.12'
Driver info: io.appium.java_client.android.AndroidDriver
Command: [null, newSession {capabilities=[Capabilities {appium:app: storage:filename=Android-My..., appium:automationName: UiAutomator2, appium:deviceName: Android GoogleAPI Emulator, appium:platformVersion: 12.0, platformName: ANDROID, sauce:options: Capabilities {accessKey: bb...}]}]
Capabilities {appium:app: storage:filename=Android-My..., appium:automationName: UiAutomator2, appium:deviceName: Android GoogleAPI Emulator, appium:platformVersion: 12.0, platformName: ANDROID, sauce:options: Capabilities {accessKey: bb...}
at com.automation.executor.DriverManager.createDriver(DriverManager.java:106)
at com.automation.executor.DriverManager.getDriver(DriverManager.java:29)
at com.automation.tests.BaseTest.initializeDriver(BaseTest.java:39)
... 22 more
Caused by: org.openqa.selenium.SessionNotCreatedException: Could not start a new session. Response code 400. Message: Job not started. Your organization has reached its concurrent session limit. Contact your administrator or sales@saucelabs.com to upgrade. 
Host info: host: 'DESKTOP-2CPQ0LA', ip: '192.168.1.79'
Build info: version: '4.18.1', revision: 'b1d3319b48'
System info: os.name: 'Windows 11', os.arch: 'amd64', os.version: '10.0', java.version: '17.0.12'
Driver info: io.appium.java_client.android.AndroidDriver
Command: [null, newSession {capabilities=[Capabilities {appium:app: storage:filename=Android-My..., appium:automationName: UiAutomator2, appium:deviceName: Android GoogleAPI Emulator, appium:platformVersion: 12.0, platformName: ANDROID, sauce:options: Capabilities {accessKey: bb...}]}]
Capabilities {appium:app: storage:filename=Android-My..., appium:automationName: UiAutomator2, appium:deviceName: Android GoogleAPI Emulator, appium:platformVersion: 12.0, platformName: ANDROID, sauce:options: Capabilities {accessKey: bb...}
at org.openqa.selenium.remote.ProtocolHandshake.createSession(ProtocolHandshake.java:139)
at org.openqa.selenium.remote.ProtocolHandshake.createSession(ProtocolHandshake.java:95)
at org.openqa.selenium.remote.ProtocolHandshake.createSession(ProtocolHandshake.java:67)
at io.appium.java_client.remote.AppiumCommandExecutor.createSession(AppiumCommandExecutor.java:176)
at io.appium.java_client.remote.AppiumCommandExecutor.execute(AppiumCommandExecutor.java:237)
at org.openqa.selenium.remote.RemoteWebDriver.execute(RemoteWebDriver.java:519)
at io.appium.java_client.AppiumDriver.startSession(AppiumDriver.java:270)
at org.openqa.selenium.remote.RemoteWebDriver.<init>(RemoteWebDriver.java:162)
at io.appium.java_client.AppiumDriver.<init>(AppiumDriver.java:91)
at io.appium.java_client.AppiumDriver.<init>(AppiumDriver.java:103)
at io.appium.java_client.android.AndroidDriver.<init>(AndroidDriver.java:109)
at com.automation.executor.DriverManager.createDriver(DriverManager.java:86)
... 24 more
]]>
            </full-stacktrace>
          </exception> <!-- java.lang.RuntimeException -->
          <reporter-output>
          </reporter-output>
        </test-method> <!-- executeTestFlow -->
        <test-method retried="true" signature="executeTestFlow(java.lang.String,java.lang.String,java.lang.String,java.lang.String)[pri:0, instance:com.automation.tests.TestRunner@b967222]" started-at="2026-06-08T21:27:45 EDT" name="executeTestFlow" data-provider="testCaseData" finished-at="2026-06-08T21:27:47 EDT" duration-ms="2036" status="SKIP">
          <params>
            <param index="0">
              <value>
                <![CDATA[XSP-3]]>
              </value>
            </param>
            <param index="1">
              <value>
                <![CDATA[@regression]]>
              </value>
            </param>
            <param index="2">
              <value>
                <![CDATA[sauce android]]>
              </value>
            </param>
            <param index="3">
              <value>
                <![CDATA[XSP-62]]>
              </value>
            </param>
          </params>
          <exception class="java.lang.RuntimeException">
            <message>
              <![CDATA[WebDriver initialization failed]]>
            </message>
            <full-stacktrace>
              <![CDATA[java.lang.RuntimeException: WebDriver initialization failed
at com.automation.tests.BaseTest.initializeDriver(BaseTest.java:42)
at com.automation.tests.TestRunner.lambda$0(TestRunner.java:126)
at io.qameta.allure.Allure.lambda$step$0(Allure.java:113)
at io.qameta.allure.Allure.lambda$step$1(Allure.java:127)
at io.qameta.allure.Allure.step(Allure.java:181)
at io.qameta.allure.Allure.step(Allure.java:125)
at io.qameta.allure.Allure.step(Allure.java:112)
at com.automation.tests.TestRunner.executeTestFlow(TestRunner.java:125)
at java.base/jdk.internal.reflect.NativeMethodAccessorImpl.invoke0(Native Method)
at java.base/jdk.internal.reflect.NativeMethodAccessorImpl.invoke(NativeMethodAccessorImpl.java:77)
at java.base/jdk.internal.reflect.DelegatingMethodAccessorImpl.invoke(DelegatingMethodAccessorImpl.java:43)
at java.base/java.lang.reflect.Method.invoke(Method.java:568)
at org.testng.internal.MethodInvocationHelper.invokeMethod(MethodInvocationHelper.java:133)
at org.testng.internal.TestInvoker.invokeMethod(TestInvoker.java:598)
at org.testng.internal.TestInvoker.invokeTestMethod(TestInvoker.java:173)
at org.testng.internal.TestMethodWithDataProviderMethodWorker.call(TestMethodWithDataProviderMethodWorker.java:77)
at org.testng.internal.TestMethodWithDataProviderMethodWorker.call(TestMethodWithDataProviderMethodWorker.java:15)
at java.base/java.util.concurrent.FutureTask.run(FutureTask.java:264)
at java.base/java.util.concurrent.Executors$RunnableAdapter.call(Executors.java:539)
at java.base/java.util.concurrent.FutureTask.run(FutureTask.java:264)
at java.base/java.util.concurrent.ThreadPoolExecutor.runWorker(ThreadPoolExecutor.java:1136)
at java.base/java.util.concurrent.ThreadPoolExecutor$Worker.run(ThreadPoolExecutor.java:635)
at java.base/java.lang.Thread.run(Thread.java:842)
Caused by: java.lang.RuntimeException: org.openqa.selenium.SessionNotCreatedException: Could not start a new session. Response code 400. Message: Job not started. Your organization has reached its concurrent session limit. Contact your administrator or sales@saucelabs.com to upgrade. 
Host info: host: 'DESKTOP-2CPQ0LA', ip: '192.168.1.79'
Build info: version: '4.18.1', revision: 'b1d3319b48'
System info: os.name: 'Windows 11', os.arch: 'amd64', os.version: '10.0', java.version: '17.0.12'
Driver info: io.appium.java_client.android.AndroidDriver
Command: [null, newSession {capabilities=[Capabilities {appium:app: storage:filename=Android-My..., appium:automationName: UiAutomator2, appium:deviceName: Android GoogleAPI Emulator, appium:platformVersion: 12.0, platformName: ANDROID, sauce:options: Capabilities {accessKey: bb...}]}]
Capabilities {appium:app: storage:filename=Android-My..., appium:automationName: UiAutomator2, appium:deviceName: Android GoogleAPI Emulator, appium:platformVersion: 12.0, platformName: ANDROID, sauce:options: Capabilities {accessKey: bb...}
at com.automation.executor.DriverManager.createDriver(DriverManager.java:106)
at com.automation.executor.DriverManager.getDriver(DriverManager.java:29)
at com.automation.tests.BaseTest.initializeDriver(BaseTest.java:39)
... 22 more
Caused by: org.openqa.selenium.SessionNotCreatedException: Could not start a new session. Response code 400. Message: Job not started. Your organization has reached its concurrent session limit. Contact your administrator or sales@saucelabs.com to upgrade. 
Host info: host: 'DESKTOP-2CPQ0LA', ip: '192.168.1.79'
Build info: version: '4.18.1', revision: 'b1d3319b48'
System info: os.name: 'Windows 11', os.arch: 'amd64', os.version: '10.0', java.version: '17.0.12'
Driver info: io.appium.java_client.android.AndroidDriver
Command: [null, newSession {capabilities=[Capabilities {appium:app: storage:filename=Android-My..., appium:automationName: UiAutomator2, appium:deviceName: Android GoogleAPI Emulator, appium:platformVersion: 12.0, platformName: ANDROID, sauce:options: Capabilities {accessKey: bb...}]}]
Capabilities {appium:app: storage:filename=Android-My..., appium:automationName: UiAutomator2, appium:deviceName: Android GoogleAPI Emulator, appium:platformVersion: 12.0, platformName: ANDROID, sauce:options: Capabilities {accessKey: bb...}
at org.openqa.selenium.remote.ProtocolHandshake.createSession(ProtocolHandshake.java:139)
at org.openqa.selenium.remote.ProtocolHandshake.createSession(ProtocolHandshake.java:95)
at org.openqa.selenium.remote.ProtocolHandshake.createSession(ProtocolHandshake.java:67)
at io.appium.java_client.remote.AppiumCommandExecutor.createSession(AppiumCommandExecutor.java:176)
at io.appium.java_client.remote.AppiumCommandExecutor.execute(AppiumCommandExecutor.java:237)
at org.openqa.selenium.remote.RemoteWebDriver.execute(RemoteWebDriver.java:519)
at io.appium.java_client.AppiumDriver.startSession(AppiumDriver.java:270)
at org.openqa.selenium.remote.RemoteWebDriver.<init>(RemoteWebDriver.java:162)
at io.appium.java_client.AppiumDriver.<init>(AppiumDriver.java:91)
at io.appium.java_client.AppiumDriver.<init>(AppiumDriver.java:103)
at io.appium.java_client.android.AndroidDriver.<init>(AndroidDriver.java:109)
at com.automation.executor.DriverManager.createDriver(DriverManager.java:86)
... 24 more
]]>
            </full-stacktrace>
          </exception> <!-- java.lang.RuntimeException -->
          <reporter-output>
          </reporter-output>
        </test-method> <!-- executeTestFlow -->
        <test-method is-config="true" signature="tearDown(org.testng.ITestResult)[pri:0, instance:com.automation.tests.TestRunner@b967222]" started-at="2026-06-08T21:27:55 EDT" name="tearDown" finished-at="2026-06-08T21:27:55 EDT" duration-ms="2" status="PASS">
          <params>
            <param index="0">
              <value>
                <![CDATA[[TestResult name=executeTestFlow status=SKIP method=TestRunner.executeTestFlow(java.lang.String,java.lang.String,java.lang.String,java.lang.String)[pri:0, instance:com.automation.tests.TestRunner@b967222] output={null}]]]>
              </value>
            </param>
          </params>
          <reporter-output>
          </reporter-output>
        </test-method> <!-- tearDown -->
        <test-method is-config="true" signature="tearDown(org.testng.ITestResult)[pri:0, instance:com.automation.tests.TestRunner@b967222]" started-at="2026-06-08T21:27:55 EDT" name="tearDown" finished-at="2026-06-08T21:27:55 EDT" duration-ms="0" status="PASS">
          <params>
            <param index="0">
              <value>
                <![CDATA[[TestResult name=executeTestFlow status=FAILURE method=TestRunner.executeTestFlow(java.lang.String,java.lang.String,java.lang.String,java.lang.String)[pri:0, instance:com.automation.tests.TestRunner@b967222] output={null}]]]>
              </value>
            </param>
          </params>
          <reporter-output>
          </reporter-output>
        </test-method> <!-- tearDown -->
        <test-method is-config="true" signature="setUp()[pri:0, instance:com.automation.tests.TestRunner@b967222]" started-at="2026-06-08T21:27:55 EDT" name="setUp" finished-at="2026-06-08T21:27:55 EDT" duration-ms="1" status="PASS">
          <reporter-output>
          </reporter-output>
        </test-method> <!-- setUp -->
        <test-method retried="true" signature="executeTestFlow(java.lang.String,java.lang.String,java.lang.String,java.lang.String)[pri:0, instance:com.automation.tests.TestRunner@b967222]" started-at="2026-06-08T21:27:55 EDT" name="executeTestFlow" data-provider="testCaseData" finished-at="2026-06-08T21:27:56 EDT" duration-ms="463" status="SKIP">
          <params>
            <param index="0">
              <value>
                <![CDATA[XSP-3]]>
              </value>
            </param>
            <param index="1">
              <value>
                <![CDATA[@regression]]>
              </value>
            </param>
            <param index="2">
              <value>
                <![CDATA[sauce android]]>
              </value>
            </param>
            <param index="3">
              <value>
                <![CDATA[XSP-62]]>
              </value>
            </param>
          </params>
          <exception class="java.lang.RuntimeException">
            <message>
              <![CDATA[WebDriver initialization failed]]>
            </message>
            <full-stacktrace>
              <![CDATA[java.lang.RuntimeException: WebDriver initialization failed
at com.automation.tests.BaseTest.initializeDriver(BaseTest.java:42)
at com.automation.tests.TestRunner.lambda$0(TestRunner.java:126)
at io.qameta.allure.Allure.lambda$step$0(Allure.java:113)
at io.qameta.allure.Allure.lambda$step$1(Allure.java:127)
at io.qameta.allure.Allure.step(Allure.java:181)
at io.qameta.allure.Allure.step(Allure.java:125)
at io.qameta.allure.Allure.step(Allure.java:112)
at com.automation.tests.TestRunner.executeTestFlow(TestRunner.java:125)
at java.base/jdk.internal.reflect.NativeMethodAccessorImpl.invoke0(Native Method)
at java.base/jdk.internal.reflect.NativeMethodAccessorImpl.invoke(NativeMethodAccessorImpl.java:77)
at java.base/jdk.internal.reflect.DelegatingMethodAccessorImpl.invoke(DelegatingMethodAccessorImpl.java:43)
at java.base/java.lang.reflect.Method.invoke(Method.java:568)
at org.testng.internal.MethodInvocationHelper.invokeMethod(MethodInvocationHelper.java:133)
at org.testng.internal.TestInvoker.invokeMethod(TestInvoker.java:598)
at org.testng.internal.TestInvoker.retryFailed(TestInvoker.java:213)
at org.testng.internal.TestMethodWithDataProviderMethodWorker.call(TestMethodWithDataProviderMethodWorker.java:94)
at org.testng.internal.TestMethodWithDataProviderMethodWorker.call(TestMethodWithDataProviderMethodWorker.java:15)
at java.base/java.util.concurrent.FutureTask.run(FutureTask.java:264)
at java.base/java.util.concurrent.Executors$RunnableAdapter.call(Executors.java:539)
at java.base/java.util.concurrent.FutureTask.run(FutureTask.java:264)
at java.base/java.util.concurrent.ThreadPoolExecutor.runWorker(ThreadPoolExecutor.java:1136)
at java.base/java.util.concurrent.ThreadPoolExecutor$Worker.run(ThreadPoolExecutor.java:635)
at java.base/java.lang.Thread.run(Thread.java:842)
Caused by: java.lang.RuntimeException: org.openqa.selenium.SessionNotCreatedException: Could not start a new session. Response code 400. Message: Job not started. Your organization has reached its concurrent session limit. Contact your administrator or sales@saucelabs.com to upgrade. 
Host info: host: 'DESKTOP-2CPQ0LA', ip: '192.168.1.79'
Build info: version: '4.18.1', revision: 'b1d3319b48'
System info: os.name: 'Windows 11', os.arch: 'amd64', os.version: '10.0', java.version: '17.0.12'
Driver info: io.appium.java_client.android.AndroidDriver
Command: [null, newSession {capabilities=[Capabilities {appium:app: storage:filename=Android-My..., appium:automationName: UiAutomator2, appium:deviceName: Android GoogleAPI Emulator, appium:platformVersion: 12.0, platformName: ANDROID, sauce:options: Capabilities {accessKey: bb...}]}]
Capabilities {appium:app: storage:filename=Android-My..., appium:automationName: UiAutomator2, appium:deviceName: Android GoogleAPI Emulator, appium:platformVersion: 12.0, platformName: ANDROID, sauce:options: Capabilities {accessKey: bb...}
at com.automation.executor.DriverManager.createDriver(DriverManager.java:106)
at com.automation.executor.DriverManager.getDriver(DriverManager.java:29)
at com.automation.tests.BaseTest.initializeDriver(BaseTest.java:39)
... 22 more
Caused by: org.openqa.selenium.SessionNotCreatedException: Could not start a new session. Response code 400. Message: Job not started. Your organization has reached its concurrent session limit. Contact your administrator or sales@saucelabs.com to upgrade. 
Host info: host: 'DESKTOP-2CPQ0LA', ip: '192.168.1.79'
Build info: version: '4.18.1', revision: 'b1d3319b48'
System info: os.name: 'Windows 11', os.arch: 'amd64', os.version: '10.0', java.version: '17.0.12'
Driver info: io.appium.java_client.android.AndroidDriver
Command: [null, newSession {capabilities=[Capabilities {appium:app: storage:filename=Android-My..., appium:automationName: UiAutomator2, appium:deviceName: Android GoogleAPI Emulator, appium:platformVersion: 12.0, platformName: ANDROID, sauce:options: Capabilities {accessKey: bb...}]}]
Capabilities {appium:app: storage:filename=Android-My..., appium:automationName: UiAutomator2, appium:deviceName: Android GoogleAPI Emulator, appium:platformVersion: 12.0, platformName: ANDROID, sauce:options: Capabilities {accessKey: bb...}
at org.openqa.selenium.remote.ProtocolHandshake.createSession(ProtocolHandshake.java:139)
at org.openqa.selenium.remote.ProtocolHandshake.createSession(ProtocolHandshake.java:95)
at org.openqa.selenium.remote.ProtocolHandshake.createSession(ProtocolHandshake.java:67)
at io.appium.java_client.remote.AppiumCommandExecutor.createSession(AppiumCommandExecutor.java:176)
at io.appium.java_client.remote.AppiumCommandExecutor.execute(AppiumCommandExecutor.java:237)
at org.openqa.selenium.remote.RemoteWebDriver.execute(RemoteWebDriver.java:519)
at io.appium.java_client.AppiumDriver.startSession(AppiumDriver.java:270)
at org.openqa.selenium.remote.RemoteWebDriver.<init>(RemoteWebDriver.java:162)
at io.appium.java_client.AppiumDriver.<init>(AppiumDriver.java:91)
at io.appium.java_client.AppiumDriver.<init>(AppiumDriver.java:103)
at io.appium.java_client.android.AndroidDriver.<init>(AndroidDriver.java:109)
at com.automation.executor.DriverManager.createDriver(DriverManager.java:86)
... 24 more
]]>
            </full-stacktrace>
          </exception> <!-- java.lang.RuntimeException -->
          <reporter-output>
          </reporter-output>
        </test-method> <!-- executeTestFlow -->
        <test-method is-config="true" signature="tearDown(org.testng.ITestResult)[pri:0, instance:com.automation.tests.TestRunner@b967222]" started-at="2026-06-08T21:27:55 EDT" name="tearDown" finished-at="2026-06-08T21:27:55 EDT" duration-ms="1" status="PASS">
          <params>
            <param index="0">
              <value>
                <![CDATA[[TestResult name=executeTestFlow status=SKIP method=TestRunner.executeTestFlow(java.lang.String,java.lang.String,java.lang.String,java.lang.String)[pri:0, instance:com.automation.tests.TestRunner@b967222] output={null}]]]>
              </value>
            </param>
          </params>
          <reporter-output>
          </reporter-output>
        </test-method> <!-- tearDown -->
        <test-method is-config="true" signature="setUp()[pri:0, instance:com.automation.tests.TestRunner@b967222]" started-at="2026-06-08T21:27:55 EDT" name="setUp" finished-at="2026-06-08T21:27:55 EDT" duration-ms="1" status="PASS">
          <reporter-output>
          </reporter-output>
        </test-method> <!-- setUp -->
        <test-method retried="true" signature="executeTestFlow(java.lang.String,java.lang.String,java.lang.String,java.lang.String)[pri:0, instance:com.automation.tests.TestRunner@b967222]" started-at="2026-06-08T21:27:55 EDT" name="executeTestFlow" data-provider="testCaseData" finished-at="2026-06-08T21:27:56 EDT" duration-ms="745" status="SKIP">
          <params>
            <param index="0">
              <value>
                <![CDATA[XSP-3]]>
              </value>
            </param>
            <param index="1">
              <value>
                <![CDATA[@regression]]>
              </value>
            </param>
            <param index="2">
              <value>
                <![CDATA[sauce android]]>
              </value>
            </param>
            <param index="3">
              <value>
                <![CDATA[XSP-62]]>
              </value>
            </param>
          </params>
          <exception class="java.lang.RuntimeException">
            <message>
              <![CDATA[WebDriver initialization failed]]>
            </message>
            <full-stacktrace>
              <![CDATA[java.lang.RuntimeException: WebDriver initialization failed
at com.automation.tests.BaseTest.initializeDriver(BaseTest.java:42)
at com.automation.tests.TestRunner.lambda$0(TestRunner.java:126)
at io.qameta.allure.Allure.lambda$step$0(Allure.java:113)
at io.qameta.allure.Allure.lambda$step$1(Allure.java:127)
at io.qameta.allure.Allure.step(Allure.java:181)
at io.qameta.allure.Allure.step(Allure.java:125)
at io.qameta.allure.Allure.step(Allure.java:112)
at com.automation.tests.TestRunner.executeTestFlow(TestRunner.java:125)
at java.base/jdk.internal.reflect.NativeMethodAccessorImpl.invoke0(Native Method)
at java.base/jdk.internal.reflect.NativeMethodAccessorImpl.invoke(NativeMethodAccessorImpl.java:77)
at java.base/jdk.internal.reflect.DelegatingMethodAccessorImpl.invoke(DelegatingMethodAccessorImpl.java:43)
at java.base/java.lang.reflect.Method.invoke(Method.java:568)
at org.testng.internal.MethodInvocationHelper.invokeMethod(MethodInvocationHelper.java:133)
at org.testng.internal.TestInvoker.invokeMethod(TestInvoker.java:598)
at org.testng.internal.TestInvoker.retryFailed(TestInvoker.java:213)
at org.testng.internal.TestMethodWithDataProviderMethodWorker.call(TestMethodWithDataProviderMethodWorker.java:94)
at org.testng.internal.TestMethodWithDataProviderMethodWorker.call(TestMethodWithDataProviderMethodWorker.java:15)
at java.base/java.util.concurrent.FutureTask.run(FutureTask.java:264)
at java.base/java.util.concurrent.Executors$RunnableAdapter.call(Executors.java:539)
at java.base/java.util.concurrent.FutureTask.run(FutureTask.java:264)
at java.base/java.util.concurrent.ThreadPoolExecutor.runWorker(ThreadPoolExecutor.java:1136)
at java.base/java.util.concurrent.ThreadPoolExecutor$Worker.run(ThreadPoolExecutor.java:635)
at java.base/java.lang.Thread.run(Thread.java:842)
Caused by: java.lang.RuntimeException: org.openqa.selenium.SessionNotCreatedException: Could not start a new session. Response code 400. Message: Job not started. Your organization has reached its concurrent session limit. Contact your administrator or sales@saucelabs.com to upgrade. 
Host info: host: 'DESKTOP-2CPQ0LA', ip: '192.168.1.79'
Build info: version: '4.18.1', revision: 'b1d3319b48'
System info: os.name: 'Windows 11', os.arch: 'amd64', os.version: '10.0', java.version: '17.0.12'
Driver info: io.appium.java_client.android.AndroidDriver
Command: [null, newSession {capabilities=[Capabilities {appium:app: storage:filename=Android-My..., appium:automationName: UiAutomator2, appium:deviceName: Android GoogleAPI Emulator, appium:platformVersion: 12.0, platformName: ANDROID, sauce:options: Capabilities {accessKey: bb...}]}]
Capabilities {appium:app: storage:filename=Android-My..., appium:automationName: UiAutomator2, appium:deviceName: Android GoogleAPI Emulator, appium:platformVersion: 12.0, platformName: ANDROID, sauce:options: Capabilities {accessKey: bb...}
at com.automation.executor.DriverManager.createDriver(DriverManager.java:106)
at com.automation.executor.DriverManager.getDriver(DriverManager.java:29)
at com.automation.tests.BaseTest.initializeDriver(BaseTest.java:39)
... 22 more
Caused by: org.openqa.selenium.SessionNotCreatedException: Could not start a new session. Response code 400. Message: Job not started. Your organization has reached its concurrent session limit. Contact your administrator or sales@saucelabs.com to upgrade. 
Host info: host: 'DESKTOP-2CPQ0LA', ip: '192.168.1.79'
Build info: version: '4.18.1', revision: 'b1d3319b48'
System info: os.name: 'Windows 11', os.arch: 'amd64', os.version: '10.0', java.version: '17.0.12'
Driver info: io.appium.java_client.android.AndroidDriver
Command: [null, newSession {capabilities=[Capabilities {appium:app: storage:filename=Android-My..., appium:automationName: UiAutomator2, appium:deviceName: Android GoogleAPI Emulator, appium:platformVersion: 12.0, platformName: ANDROID, sauce:options: Capabilities {accessKey: bb...}]}]
Capabilities {appium:app: storage:filename=Android-My..., appium:automationName: UiAutomator2, appium:deviceName: Android GoogleAPI Emulator, appium:platformVersion: 12.0, platformName: ANDROID, sauce:options: Capabilities {accessKey: bb...}
at org.openqa.selenium.remote.ProtocolHandshake.createSession(ProtocolHandshake.java:139)
at org.openqa.selenium.remote.ProtocolHandshake.createSession(ProtocolHandshake.java:95)
at org.openqa.selenium.remote.ProtocolHandshake.createSession(ProtocolHandshake.java:67)
at io.appium.java_client.remote.AppiumCommandExecutor.createSession(AppiumCommandExecutor.java:176)
at io.appium.java_client.remote.AppiumCommandExecutor.execute(AppiumCommandExecutor.java:237)
at org.openqa.selenium.remote.RemoteWebDriver.execute(RemoteWebDriver.java:519)
at io.appium.java_client.AppiumDriver.startSession(AppiumDriver.java:270)
at org.openqa.selenium.remote.RemoteWebDriver.<init>(RemoteWebDriver.java:162)
at io.appium.java_client.AppiumDriver.<init>(AppiumDriver.java:91)
at io.appium.java_client.AppiumDriver.<init>(AppiumDriver.java:103)
at io.appium.java_client.android.AndroidDriver.<init>(AndroidDriver.java:109)
at com.automation.executor.DriverManager.createDriver(DriverManager.java:86)
... 24 more
]]>
            </full-stacktrace>
          </exception> <!-- java.lang.RuntimeException -->
          <reporter-output>
          </reporter-output>
        </test-method> <!-- executeTestFlow -->
        <test-method is-config="true" signature="tearDown(org.testng.ITestResult)[pri:0, instance:com.automation.tests.TestRunner@b967222]" started-at="2026-06-08T21:27:55 EDT" name="tearDown" finished-at="2026-06-08T21:27:55 EDT" duration-ms="1" status="PASS">
          <params>
            <param index="0">
              <value>
                <![CDATA[[TestResult name=executeTestFlow status=SKIP method=TestRunner.executeTestFlow(java.lang.String,java.lang.String,java.lang.String,java.lang.String)[pri:0, instance:com.automation.tests.TestRunner@b967222] output={null}]]]>
              </value>
            </param>
          </params>
          <reporter-output>
          </reporter-output>
        </test-method> <!-- tearDown -->
        <test-method is-config="true" signature="setUp()[pri:0, instance:com.automation.tests.TestRunner@b967222]" started-at="2026-06-08T21:27:56 EDT" name="setUp" finished-at="2026-06-08T21:27:56 EDT" duration-ms="0" status="PASS">
          <reporter-output>
          </reporter-output>
        </test-method> <!-- setUp -->
        <test-method retried="true" signature="executeTestFlow(java.lang.String,java.lang.String,java.lang.String,java.lang.String)[pri:0, instance:com.automation.tests.TestRunner@b967222]" started-at="2026-06-08T21:27:56 EDT" name="executeTestFlow" data-provider="testCaseData" finished-at="2026-06-08T21:27:56 EDT" duration-ms="634" status="SKIP">
          <params>
            <param index="0">
              <value>
                <![CDATA[XSP-3]]>
              </value>
            </param>
            <param index="1">
              <value>
                <![CDATA[@regression]]>
              </value>
            </param>
            <param index="2">
              <value>
                <![CDATA[sauce android]]>
              </value>
            </param>
            <param index="3">
              <value>
                <![CDATA[XSP-62]]>
              </value>
            </param>
          </params>
          <exception class="java.lang.RuntimeException">
            <message>
              <![CDATA[WebDriver initialization failed]]>
            </message>
            <full-stacktrace>
              <![CDATA[java.lang.RuntimeException: WebDriver initialization failed
at com.automation.tests.BaseTest.initializeDriver(BaseTest.java:42)
at com.automation.tests.TestRunner.lambda$0(TestRunner.java:126)
at io.qameta.allure.Allure.lambda$step$0(Allure.java:113)
at io.qameta.allure.Allure.lambda$step$1(Allure.java:127)
at io.qameta.allure.Allure.step(Allure.java:181)
at io.qameta.allure.Allure.step(Allure.java:125)
at io.qameta.allure.Allure.step(Allure.java:112)
at com.automation.tests.TestRunner.executeTestFlow(TestRunner.java:125)
at java.base/jdk.internal.reflect.NativeMethodAccessorImpl.invoke0(Native Method)
at java.base/jdk.internal.reflect.NativeMethodAccessorImpl.invoke(NativeMethodAccessorImpl.java:77)
at java.base/jdk.internal.reflect.DelegatingMethodAccessorImpl.invoke(DelegatingMethodAccessorImpl.java:43)
at java.base/java.lang.reflect.Method.invoke(Method.java:568)
at org.testng.internal.MethodInvocationHelper.invokeMethod(MethodInvocationHelper.java:133)
at org.testng.internal.TestInvoker.invokeMethod(TestInvoker.java:598)
at org.testng.internal.TestInvoker.retryFailed(TestInvoker.java:213)
at org.testng.internal.TestMethodWithDataProviderMethodWorker.call(TestMethodWithDataProviderMethodWorker.java:94)
at org.testng.internal.TestMethodWithDataProviderMethodWorker.call(TestMethodWithDataProviderMethodWorker.java:15)
at java.base/java.util.concurrent.FutureTask.run(FutureTask.java:264)
at java.base/java.util.concurrent.Executors$RunnableAdapter.call(Executors.java:539)
at java.base/java.util.concurrent.FutureTask.run(FutureTask.java:264)
at java.base/java.util.concurrent.ThreadPoolExecutor.runWorker(ThreadPoolExecutor.java:1136)
at java.base/java.util.concurrent.ThreadPoolExecutor$Worker.run(ThreadPoolExecutor.java:635)
at java.base/java.lang.Thread.run(Thread.java:842)
Caused by: java.lang.RuntimeException: org.openqa.selenium.SessionNotCreatedException: Could not start a new session. Response code 400. Message: Job not started. Your organization has reached its concurrent session limit. Contact your administrator or sales@saucelabs.com to upgrade. 
Host info: host: 'DESKTOP-2CPQ0LA', ip: '192.168.1.79'
Build info: version: '4.18.1', revision: 'b1d3319b48'
System info: os.name: 'Windows 11', os.arch: 'amd64', os.version: '10.0', java.version: '17.0.12'
Driver info: io.appium.java_client.android.AndroidDriver
Command: [null, newSession {capabilities=[Capabilities {appium:app: storage:filename=Android-My..., appium:automationName: UiAutomator2, appium:deviceName: Android GoogleAPI Emulator, appium:platformVersion: 12.0, platformName: ANDROID, sauce:options: Capabilities {accessKey: bb...}]}]
Capabilities {appium:app: storage:filename=Android-My..., appium:automationName: UiAutomator2, appium:deviceName: Android GoogleAPI Emulator, appium:platformVersion: 12.0, platformName: ANDROID, sauce:options: Capabilities {accessKey: bb...}
at com.automation.executor.DriverManager.createDriver(DriverManager.java:106)
at com.automation.executor.DriverManager.getDriver(DriverManager.java:29)
at com.automation.tests.BaseTest.initializeDriver(BaseTest.java:39)
... 22 more
Caused by: org.openqa.selenium.SessionNotCreatedException: Could not start a new session. Response code 400. Message: Job not started. Your organization has reached its concurrent session limit. Contact your administrator or sales@saucelabs.com to upgrade. 
Host info: host: 'DESKTOP-2CPQ0LA', ip: '192.168.1.79'
Build info: version: '4.18.1', revision: 'b1d3319b48'
System info: os.name: 'Windows 11', os.arch: 'amd64', os.version: '10.0', java.version: '17.0.12'
Driver info: io.appium.java_client.android.AndroidDriver
Command: [null, newSession {capabilities=[Capabilities {appium:app: storage:filename=Android-My..., appium:automationName: UiAutomator2, appium:deviceName: Android GoogleAPI Emulator, appium:platformVersion: 12.0, platformName: ANDROID, sauce:options: Capabilities {accessKey: bb...}]}]
Capabilities {appium:app: storage:filename=Android-My..., appium:automationName: UiAutomator2, appium:deviceName: Android GoogleAPI Emulator, appium:platformVersion: 12.0, platformName: ANDROID, sauce:options: Capabilities {accessKey: bb...}
at org.openqa.selenium.remote.ProtocolHandshake.createSession(ProtocolHandshake.java:139)
at org.openqa.selenium.remote.ProtocolHandshake.createSession(ProtocolHandshake.java:95)
at org.openqa.selenium.remote.ProtocolHandshake.createSession(ProtocolHandshake.java:67)
at io.appium.java_client.remote.AppiumCommandExecutor.createSession(AppiumCommandExecutor.java:176)
at io.appium.java_client.remote.AppiumCommandExecutor.execute(AppiumCommandExecutor.java:237)
at org.openqa.selenium.remote.RemoteWebDriver.execute(RemoteWebDriver.java:519)
at io.appium.java_client.AppiumDriver.startSession(AppiumDriver.java:270)
at org.openqa.selenium.remote.RemoteWebDriver.<init>(RemoteWebDriver.java:162)
at io.appium.java_client.AppiumDriver.<init>(AppiumDriver.java:91)
at io.appium.java_client.AppiumDriver.<init>(AppiumDriver.java:103)
at io.appium.java_client.android.AndroidDriver.<init>(AndroidDriver.java:109)
at com.automation.executor.DriverManager.createDriver(DriverManager.java:86)
... 24 more
]]>
            </full-stacktrace>
          </exception> <!-- java.lang.RuntimeException -->
          <reporter-output>
          </reporter-output>
        </test-method> <!-- executeTestFlow -->
        <test-method is-config="true" signature="tearDown(org.testng.ITestResult)[pri:0, instance:com.automation.tests.TestRunner@b967222]" started-at="2026-06-08T21:28:02 EDT" name="tearDown" finished-at="2026-06-08T21:28:02 EDT" duration-ms="1" status="PASS">
          <params>
            <param index="0">
              <value>
                <![CDATA[[TestResult name=executeTestFlow status=SKIP method=TestRunner.executeTestFlow(java.lang.String,java.lang.String,java.lang.String,java.lang.String)[pri:0, instance:com.automation.tests.TestRunner@b967222] output={null}]]]>
              </value>
            </param>
          </params>
          <reporter-output>
          </reporter-output>
        </test-method> <!-- tearDown -->
        <test-method is-config="true" signature="setUp()[pri:0, instance:com.automation.tests.TestRunner@b967222]" started-at="2026-06-08T21:28:02 EDT" name="setUp" finished-at="2026-06-08T21:28:02 EDT" duration-ms="1" status="PASS">
          <reporter-output>
          </reporter-output>
        </test-method> <!-- setUp -->
        <test-method retried="true" signature="executeTestFlow(java.lang.String,java.lang.String,java.lang.String,java.lang.String)[pri:0, instance:com.automation.tests.TestRunner@b967222]" started-at="2026-06-08T21:28:02 EDT" name="executeTestFlow" data-provider="testCaseData" finished-at="2026-06-08T21:28:03 EDT" duration-ms="420" status="SKIP">
          <params>
            <param index="0">
              <value>
                <![CDATA[XSP-3]]>
              </value>
            </param>
            <param index="1">
              <value>
                <![CDATA[@regression]]>
              </value>
            </param>
            <param index="2">
              <value>
                <![CDATA[sauce android]]>
              </value>
            </param>
            <param index="3">
              <value>
                <![CDATA[XSP-62]]>
              </value>
            </param>
          </params>
          <exception class="java.lang.RuntimeException">
            <message>
              <![CDATA[WebDriver initialization failed]]>
            </message>
            <full-stacktrace>
              <![CDATA[java.lang.RuntimeException: WebDriver initialization failed
at com.automation.tests.BaseTest.initializeDriver(BaseTest.java:42)
at com.automation.tests.TestRunner.lambda$0(TestRunner.java:126)
at io.qameta.allure.Allure.lambda$step$0(Allure.java:113)
at io.qameta.allure.Allure.lambda$step$1(Allure.java:127)
at io.qameta.allure.Allure.step(Allure.java:181)
at io.qameta.allure.Allure.step(Allure.java:125)
at io.qameta.allure.Allure.step(Allure.java:112)
at com.automation.tests.TestRunner.executeTestFlow(TestRunner.java:125)
at java.base/jdk.internal.reflect.NativeMethodAccessorImpl.invoke0(Native Method)
at java.base/jdk.internal.reflect.NativeMethodAccessorImpl.invoke(NativeMethodAccessorImpl.java:77)
at java.base/jdk.internal.reflect.DelegatingMethodAccessorImpl.invoke(DelegatingMethodAccessorImpl.java:43)
at java.base/java.lang.reflect.Method.invoke(Method.java:568)
at org.testng.internal.MethodInvocationHelper.invokeMethod(MethodInvocationHelper.java:133)
at org.testng.internal.TestInvoker.invokeMethod(TestInvoker.java:598)
at org.testng.internal.TestInvoker.retryFailed(TestInvoker.java:213)
at org.testng.internal.TestMethodWithDataProviderMethodWorker.call(TestMethodWithDataProviderMethodWorker.java:94)
at org.testng.internal.TestMethodWithDataProviderMethodWorker.call(TestMethodWithDataProviderMethodWorker.java:15)
at java.base/java.util.concurrent.FutureTask.run(FutureTask.java:264)
at java.base/java.util.concurrent.Executors$RunnableAdapter.call(Executors.java:539)
at java.base/java.util.concurrent.FutureTask.run(FutureTask.java:264)
at java.base/java.util.concurrent.ThreadPoolExecutor.runWorker(ThreadPoolExecutor.java:1136)
at java.base/java.util.concurrent.ThreadPoolExecutor$Worker.run(ThreadPoolExecutor.java:635)
at java.base/java.lang.Thread.run(Thread.java:842)
Caused by: java.lang.RuntimeException: org.openqa.selenium.SessionNotCreatedException: Could not start a new session. Response code 400. Message: Job not started. Your organization has reached its concurrent session limit. Contact your administrator or sales@saucelabs.com to upgrade. 
Host info: host: 'DESKTOP-2CPQ0LA', ip: '192.168.1.79'
Build info: version: '4.18.1', revision: 'b1d3319b48'
System info: os.name: 'Windows 11', os.arch: 'amd64', os.version: '10.0', java.version: '17.0.12'
Driver info: io.appium.java_client.android.AndroidDriver
Command: [null, newSession {capabilities=[Capabilities {appium:app: storage:filename=Android-My..., appium:automationName: UiAutomator2, appium:deviceName: Android GoogleAPI Emulator, appium:platformVersion: 12.0, platformName: ANDROID, sauce:options: Capabilities {accessKey: bb...}]}]
Capabilities {appium:app: storage:filename=Android-My..., appium:automationName: UiAutomator2, appium:deviceName: Android GoogleAPI Emulator, appium:platformVersion: 12.0, platformName: ANDROID, sauce:options: Capabilities {accessKey: bb...}
at com.automation.executor.DriverManager.createDriver(DriverManager.java:106)
at com.automation.executor.DriverManager.getDriver(DriverManager.java:29)
at com.automation.tests.BaseTest.initializeDriver(BaseTest.java:39)
... 22 more
Caused by: org.openqa.selenium.SessionNotCreatedException: Could not start a new session. Response code 400. Message: Job not started. Your organization has reached its concurrent session limit. Contact your administrator or sales@saucelabs.com to upgrade. 
Host info: host: 'DESKTOP-2CPQ0LA', ip: '192.168.1.79'
Build info: version: '4.18.1', revision: 'b1d3319b48'
System info: os.name: 'Windows 11', os.arch: 'amd64', os.version: '10.0', java.version: '17.0.12'
Driver info: io.appium.java_client.android.AndroidDriver
Command: [null, newSession {capabilities=[Capabilities {appium:app: storage:filename=Android-My..., appium:automationName: UiAutomator2, appium:deviceName: Android GoogleAPI Emulator, appium:platformVersion: 12.0, platformName: ANDROID, sauce:options: Capabilities {accessKey: bb...}]}]
Capabilities {appium:app: storage:filename=Android-My..., appium:automationName: UiAutomator2, appium:deviceName: Android GoogleAPI Emulator, appium:platformVersion: 12.0, platformName: ANDROID, sauce:options: Capabilities {accessKey: bb...}
at org.openqa.selenium.remote.ProtocolHandshake.createSession(ProtocolHandshake.java:139)
at org.openqa.selenium.remote.ProtocolHandshake.createSession(ProtocolHandshake.java:95)
at org.openqa.selenium.remote.ProtocolHandshake.createSession(ProtocolHandshake.java:67)
at io.appium.java_client.remote.AppiumCommandExecutor.createSession(AppiumCommandExecutor.java:176)
at io.appium.java_client.remote.AppiumCommandExecutor.execute(AppiumCommandExecutor.java:237)
at org.openqa.selenium.remote.RemoteWebDriver.execute(RemoteWebDriver.java:519)
at io.appium.java_client.AppiumDriver.startSession(AppiumDriver.java:270)
at org.openqa.selenium.remote.RemoteWebDriver.<init>(RemoteWebDriver.java:162)
at io.appium.java_client.AppiumDriver.<init>(AppiumDriver.java:91)
at io.appium.java_client.AppiumDriver.<init>(AppiumDriver.java:103)
at io.appium.java_client.android.AndroidDriver.<init>(AndroidDriver.java:109)
at com.automation.executor.DriverManager.createDriver(DriverManager.java:86)
... 24 more
]]>
            </full-stacktrace>
          </exception> <!-- java.lang.RuntimeException -->
          <reporter-output>
          </reporter-output>
        </test-method> <!-- executeTestFlow -->
        <test-method is-config="true" signature="tearDown(org.testng.ITestResult)[pri:0, instance:com.automation.tests.TestRunner@b967222]" started-at="2026-06-08T21:28:03 EDT" name="tearDown" finished-at="2026-06-08T21:28:03 EDT" duration-ms="0" status="PASS">
          <params>
            <param index="0">
              <value>
                <![CDATA[[TestResult name=executeTestFlow status=SKIP method=TestRunner.executeTestFlow(java.lang.String,java.lang.String,java.lang.String,java.lang.String)[pri:0, instance:com.automation.tests.TestRunner@b967222] output={null}]]]>
              </value>
            </param>
          </params>
          <reporter-output>
          </reporter-output>
        </test-method> <!-- tearDown -->
        <test-method is-config="true" signature="setUp()[pri:0, instance:com.automation.tests.TestRunner@b967222]" started-at="2026-06-08T21:28:03 EDT" name="setUp" finished-at="2026-06-08T21:28:03 EDT" duration-ms="1" status="PASS">
          <reporter-output>
          </reporter-output>
        </test-method> <!-- setUp -->
        <test-method retried="true" signature="executeTestFlow(java.lang.String,java.lang.String,java.lang.String,java.lang.String)[pri:0, instance:com.automation.tests.TestRunner@b967222]" started-at="2026-06-08T21:28:03 EDT" name="executeTestFlow" data-provider="testCaseData" finished-at="2026-06-08T21:28:04 EDT" duration-ms="473" status="SKIP">
          <params>
            <param index="0">
              <value>
                <![CDATA[XSP-3]]>
              </value>
            </param>
            <param index="1">
              <value>
                <![CDATA[@regression]]>
              </value>
            </param>
            <param index="2">
              <value>
                <![CDATA[sauce android]]>
              </value>
            </param>
            <param index="3">
              <value>
                <![CDATA[XSP-62]]>
              </value>
            </param>
          </params>
          <exception class="java.lang.RuntimeException">
            <message>
              <![CDATA[WebDriver initialization failed]]>
            </message>
            <full-stacktrace>
              <![CDATA[java.lang.RuntimeException: WebDriver initialization failed
at com.automation.tests.BaseTest.initializeDriver(BaseTest.java:42)
at com.automation.tests.TestRunner.lambda$0(TestRunner.java:126)
at io.qameta.allure.Allure.lambda$step$0(Allure.java:113)
at io.qameta.allure.Allure.lambda$step$1(Allure.java:127)
at io.qameta.allure.Allure.step(Allure.java:181)
at io.qameta.allure.Allure.step(Allure.java:125)
at io.qameta.allure.Allure.step(Allure.java:112)
at com.automation.tests.TestRunner.executeTestFlow(TestRunner.java:125)
at java.base/jdk.internal.reflect.NativeMethodAccessorImpl.invoke0(Native Method)
at java.base/jdk.internal.reflect.NativeMethodAccessorImpl.invoke(NativeMethodAccessorImpl.java:77)
at java.base/jdk.internal.reflect.DelegatingMethodAccessorImpl.invoke(DelegatingMethodAccessorImpl.java:43)
at java.base/java.lang.reflect.Method.invoke(Method.java:568)
at org.testng.internal.MethodInvocationHelper.invokeMethod(MethodInvocationHelper.java:133)
at org.testng.internal.TestInvoker.invokeMethod(TestInvoker.java:598)
at org.testng.internal.TestInvoker.retryFailed(TestInvoker.java:213)
at org.testng.internal.TestMethodWithDataProviderMethodWorker.call(TestMethodWithDataProviderMethodWorker.java:94)
at org.testng.internal.TestMethodWithDataProviderMethodWorker.call(TestMethodWithDataProviderMethodWorker.java:15)
at java.base/java.util.concurrent.FutureTask.run(FutureTask.java:264)
at java.base/java.util.concurrent.Executors$RunnableAdapter.call(Executors.java:539)
at java.base/java.util.concurrent.FutureTask.run(FutureTask.java:264)
at java.base/java.util.concurrent.ThreadPoolExecutor.runWorker(ThreadPoolExecutor.java:1136)
at java.base/java.util.concurrent.ThreadPoolExecutor$Worker.run(ThreadPoolExecutor.java:635)
at java.base/java.lang.Thread.run(Thread.java:842)
Caused by: java.lang.RuntimeException: org.openqa.selenium.SessionNotCreatedException: Could not start a new session. Response code 400. Message: Job not started. Your organization has reached its concurrent session limit. Contact your administrator or sales@saucelabs.com to upgrade. 
Host info: host: 'DESKTOP-2CPQ0LA', ip: '192.168.1.79'
Build info: version: '4.18.1', revision: 'b1d3319b48'
System info: os.name: 'Windows 11', os.arch: 'amd64', os.version: '10.0', java.version: '17.0.12'
Driver info: io.appium.java_client.android.AndroidDriver
Command: [null, newSession {capabilities=[Capabilities {appium:app: storage:filename=Android-My..., appium:automationName: UiAutomator2, appium:deviceName: Android GoogleAPI Emulator, appium:platformVersion: 12.0, platformName: ANDROID, sauce:options: Capabilities {accessKey: bb...}]}]
Capabilities {appium:app: storage:filename=Android-My..., appium:automationName: UiAutomator2, appium:deviceName: Android GoogleAPI Emulator, appium:platformVersion: 12.0, platformName: ANDROID, sauce:options: Capabilities {accessKey: bb...}
at com.automation.executor.DriverManager.createDriver(DriverManager.java:106)
at com.automation.executor.DriverManager.getDriver(DriverManager.java:29)
at com.automation.tests.BaseTest.initializeDriver(BaseTest.java:39)
... 22 more
Caused by: org.openqa.selenium.SessionNotCreatedException: Could not start a new session. Response code 400. Message: Job not started. Your organization has reached its concurrent session limit. Contact your administrator or sales@saucelabs.com to upgrade. 
Host info: host: 'DESKTOP-2CPQ0LA', ip: '192.168.1.79'
Build info: version: '4.18.1', revision: 'b1d3319b48'
System info: os.name: 'Windows 11', os.arch: 'amd64', os.version: '10.0', java.version: '17.0.12'
Driver info: io.appium.java_client.android.AndroidDriver
Command: [null, newSession {capabilities=[Capabilities {appium:app: storage:filename=Android-My..., appium:automationName: UiAutomator2, appium:deviceName: Android GoogleAPI Emulator, appium:platformVersion: 12.0, platformName: ANDROID, sauce:options: Capabilities {accessKey: bb...}]}]
Capabilities {appium:app: storage:filename=Android-My..., appium:automationName: UiAutomator2, appium:deviceName: Android GoogleAPI Emulator, appium:platformVersion: 12.0, platformName: ANDROID, sauce:options: Capabilities {accessKey: bb...}
at org.openqa.selenium.remote.ProtocolHandshake.createSession(ProtocolHandshake.java:139)
at org.openqa.selenium.remote.ProtocolHandshake.createSession(ProtocolHandshake.java:95)
at org.openqa.selenium.remote.ProtocolHandshake.createSession(ProtocolHandshake.java:67)
at io.appium.java_client.remote.AppiumCommandExecutor.createSession(AppiumCommandExecutor.java:176)
at io.appium.java_client.remote.AppiumCommandExecutor.execute(AppiumCommandExecutor.java:237)
at org.openqa.selenium.remote.RemoteWebDriver.execute(RemoteWebDriver.java:519)
at io.appium.java_client.AppiumDriver.startSession(AppiumDriver.java:270)
at org.openqa.selenium.remote.RemoteWebDriver.<init>(RemoteWebDriver.java:162)
at io.appium.java_client.AppiumDriver.<init>(AppiumDriver.java:91)
at io.appium.java_client.AppiumDriver.<init>(AppiumDriver.java:103)
at io.appium.java_client.android.AndroidDriver.<init>(AndroidDriver.java:109)
at com.automation.executor.DriverManager.createDriver(DriverManager.java:86)
... 24 more
]]>
            </full-stacktrace>
          </exception> <!-- java.lang.RuntimeException -->
          <reporter-output>
          </reporter-output>
        </test-method> <!-- executeTestFlow -->
        <test-method is-config="true" signature="tearDown(org.testng.ITestResult)[pri:0, instance:com.automation.tests.TestRunner@b967222]" started-at="2026-06-08T21:28:04 EDT" name="tearDown" finished-at="2026-06-08T21:28:04 EDT" duration-ms="0" status="PASS">
          <params>
            <param index="0">
              <value>
                <![CDATA[[TestResult name=executeTestFlow status=SKIP method=TestRunner.executeTestFlow(java.lang.String,java.lang.String,java.lang.String,java.lang.String)[pri:0, instance:com.automation.tests.TestRunner@b967222] output={null}]]]>
              </value>
            </param>
          </params>
          <reporter-output>
          </reporter-output>
        </test-method> <!-- tearDown -->
        <test-method is-config="true" signature="setUp()[pri:0, instance:com.automation.tests.TestRunner@b967222]" started-at="2026-06-08T21:28:05 EDT" name="setUp" finished-at="2026-06-08T21:28:05 EDT" duration-ms="0" status="PASS">
          <reporter-output>
          </reporter-output>
        </test-method> <!-- setUp -->
        <test-method signature="executeTestFlow(java.lang.String,java.lang.String,java.lang.String,java.lang.String)[pri:0, instance:com.automation.tests.TestRunner@b967222]" started-at="2026-06-08T21:28:05 EDT" name="executeTestFlow" data-provider="testCaseData" finished-at="2026-06-08T21:28:05 EDT" duration-ms="476" status="FAIL">
          <params>
            <param index="0">
              <value>
                <![CDATA[XSP-3]]>
              </value>
            </param>
            <param index="1">
              <value>
                <![CDATA[@regression]]>
              </value>
            </param>
            <param index="2">
              <value>
                <![CDATA[sauce android]]>
              </value>
            </param>
            <param index="3">
              <value>
                <![CDATA[XSP-62]]>
              </value>
            </param>
          </params>
          <exception class="java.lang.RuntimeException">
            <message>
              <![CDATA[WebDriver initialization failed]]>
            </message>
            <full-stacktrace>
              <![CDATA[java.lang.RuntimeException: WebDriver initialization failed
at com.automation.tests.BaseTest.initializeDriver(BaseTest.java:42)
at com.automation.tests.TestRunner.lambda$0(TestRunner.java:126)
at io.qameta.allure.Allure.lambda$step$0(Allure.java:113)
at io.qameta.allure.Allure.lambda$step$1(Allure.java:127)
at io.qameta.allure.Allure.step(Allure.java:181)
at io.qameta.allure.Allure.step(Allure.java:125)
at io.qameta.allure.Allure.step(Allure.java:112)
at com.automation.tests.TestRunner.executeTestFlow(TestRunner.java:125)
at java.base/jdk.internal.reflect.NativeMethodAccessorImpl.invoke0(Native Method)
at java.base/jdk.internal.reflect.NativeMethodAccessorImpl.invoke(NativeMethodAccessorImpl.java:77)
at java.base/jdk.internal.reflect.DelegatingMethodAccessorImpl.invoke(DelegatingMethodAccessorImpl.java:43)
at java.base/java.lang.reflect.Method.invoke(Method.java:568)
at org.testng.internal.MethodInvocationHelper.invokeMethod(MethodInvocationHelper.java:133)
at org.testng.internal.TestInvoker.invokeMethod(TestInvoker.java:598)
at org.testng.internal.TestInvoker.retryFailed(TestInvoker.java:213)
at org.testng.internal.TestMethodWithDataProviderMethodWorker.call(TestMethodWithDataProviderMethodWorker.java:94)
at org.testng.internal.TestMethodWithDataProviderMethodWorker.call(TestMethodWithDataProviderMethodWorker.java:15)
at java.base/java.util.concurrent.FutureTask.run(FutureTask.java:264)
at java.base/java.util.concurrent.Executors$RunnableAdapter.call(Executors.java:539)
at java.base/java.util.concurrent.FutureTask.run(FutureTask.java:264)
at java.base/java.util.concurrent.ThreadPoolExecutor.runWorker(ThreadPoolExecutor.java:1136)
at java.base/java.util.concurrent.ThreadPoolExecutor$Worker.run(ThreadPoolExecutor.java:635)
at java.base/java.lang.Thread.run(Thread.java:842)
Caused by: java.lang.RuntimeException: org.openqa.selenium.SessionNotCreatedException: Could not start a new session. Response code 400. Message: Job not started. Your organization has reached its concurrent session limit. Contact your administrator or sales@saucelabs.com to upgrade. 
Host info: host: 'DESKTOP-2CPQ0LA', ip: '192.168.1.79'
Build info: version: '4.18.1', revision: 'b1d3319b48'
System info: os.name: 'Windows 11', os.arch: 'amd64', os.version: '10.0', java.version: '17.0.12'
Driver info: io.appium.java_client.android.AndroidDriver
Command: [null, newSession {capabilities=[Capabilities {appium:app: storage:filename=Android-My..., appium:automationName: UiAutomator2, appium:deviceName: Android GoogleAPI Emulator, appium:platformVersion: 12.0, platformName: ANDROID, sauce:options: Capabilities {accessKey: bb...}]}]
Capabilities {appium:app: storage:filename=Android-My..., appium:automationName: UiAutomator2, appium:deviceName: Android GoogleAPI Emulator, appium:platformVersion: 12.0, platformName: ANDROID, sauce:options: Capabilities {accessKey: bb...}
at com.automation.executor.DriverManager.createDriver(DriverManager.java:106)
at com.automation.executor.DriverManager.getDriver(DriverManager.java:29)
at com.automation.tests.BaseTest.initializeDriver(BaseTest.java:39)
... 22 more
[...]
Command: [null, newSession {capabilities=[Capabilities {appium:app: storage:filename=Android-My..., appium:automationName: UiAutomator2, appium:deviceName: Android GoogleAPI Emulator, appium:platformVersion: 12.0, platformName: ANDROID, sauce:options: Capabilities {accessKey: bb...}]}]
Capabilities {appium:app: storage:filename=Android-My..., appium:automationName: UiAutomator2, appium:deviceName: Android GoogleAPI Emulator, appium:platformVersion: 12.0, platformName: ANDROID, sauce:options: Capabilities {accessKey: bb...}
at org.openqa.selenium.remote.ProtocolHandshake.createSession(ProtocolHandshake.java:139)
at org.openqa.selenium.remote.ProtocolHandshake.createSession(ProtocolHandshake.java:95)
at org.openqa.selenium.remote.ProtocolHandshake.createSession(ProtocolHandshake.java:67)
at io.appium.java_client.remote.AppiumCommandExecutor.createSession(AppiumCommandExecutor.java:176)
at io.appium.java_client.remote.AppiumCommandExecutor.execute(AppiumCommandExecutor.java:237)
at org.openqa.selenium.remote.RemoteWebDriver.execute(RemoteWebDriver.java:519)
at io.appium.java_client.AppiumDriver.startSession(AppiumDriver.java:270)
at org.openqa.selenium.remote.RemoteWebDriver.<init>(RemoteWebDriver.java:162)
at io.appium.java_client.AppiumDriver.<init>(AppiumDriver.java:91)
at io.appium.java_client.AppiumDriver.<init>(AppiumDriver.java:103)
at io.appium.java_client.android.AndroidDriver.<init>(AndroidDriver.java:109)
at com.automation.executor.DriverManager.createDriver(DriverManager.java:86)
... 24 more
]]>
            </full-stacktrace>
          </exception> <!-- java.lang.RuntimeException -->
          <reporter-output>
          </reporter-output>
        </test-method> <!-- executeTestFlow -->
        <test-method is-config="true" signature="tearDown(org.testng.ITestResult)[pri:0, instance:com.automation.tests.TestRunner@b967222]" started-at="2026-06-08T21:28:10 EDT" name="tearDown" finished-at="2026-06-08T21:28:10 EDT" duration-ms="1" status="PASS">
          <params>
            <param index="0">
              <value>
                <![CDATA[[TestResult name=executeTestFlow status=SKIP method=TestRunner.executeTestFlow(java.lang.String,java.lang.String,java.lang.String,java.lang.String)[pri:0, instance:com.automation.tests.TestRunner@b967222] output={null}]]]>
              </value>
            </param>
          </params>
          <reporter-output>
          </reporter-output>
        </test-method> <!-- tearDown -->
        <test-method is-config="true" signature="setUp()[pri:0, instance:com.automation.tests.TestRunner@b967222]" started-at="2026-06-08T21:28:10 EDT" name="setUp" finished-at="2026-06-08T21:28:10 EDT" duration-ms="0" status="PASS">
          <reporter-output>
          </reporter-output>
        </test-method> <!-- setUp -->
        <test-method signature="executeTestFlow(java.lang.String,java.lang.String,java.lang.String,java.lang.String)[pri:0, instance:com.automation.tests.TestRunner@b967222]" started-at="2026-06-08T21:28:10 EDT" name="executeTestFlow" data-provider="testCaseData" finished-at="2026-06-08T21:28:11 EDT" duration-ms="542" status="FAIL">
          <params>
            <param index="0">
              <value>
                <![CDATA[XSP-3]]>
              </value>
            </param>
            <param index="1">
              <value>
                <![CDATA[@regression]]>
              </value>
            </param>
            <param index="2">
              <value>
                <![CDATA[sauce android]]>
              </value>
            </param>
            <param index="3">
              <value>
                <![CDATA[XSP-62]]>
              </value>
            </param>
          </params>
          <exception class="java.lang.RuntimeException">
            <message>
              <![CDATA[WebDriver initialization failed]]>
            </message>
            <full-stacktrace>
              <![CDATA[java.lang.RuntimeException: WebDriver initialization failed
at com.automation.tests.BaseTest.initializeDriver(BaseTest.java:42)
at com.automation.tests.TestRunner.lambda$0(TestRunner.java:126)
at io.qameta.allure.Allure.lambda$step$0(Allure.java:113)
at io.qameta.allure.Allure.lambda$step$1(Allure.java:127)
at io.qameta.allure.Allure.step(Allure.java:181)
at io.qameta.allure.Allure.step(Allure.java:125)
at io.qameta.allure.Allure.step(Allure.java:112)
at com.automation.tests.TestRunner.executeTestFlow(TestRunner.java:125)
at java.base/jdk.internal.reflect.NativeMethodAccessorImpl.invoke0(Native Method)
at java.base/jdk.internal.reflect.NativeMethodAccessorImpl.invoke(NativeMethodAccessorImpl.java:77)
at java.base/jdk.internal.reflect.DelegatingMethodAccessorImpl.invoke(DelegatingMethodAccessorImpl.java:43)
at java.base/java.lang.reflect.Method.invoke(Method.java:568)
at org.testng.internal.MethodInvocationHelper.invokeMethod(MethodInvocationHelper.java:133)
at org.testng.internal.TestInvoker.invokeMethod(TestInvoker.java:598)
at org.testng.internal.TestInvoker.retryFailed(TestInvoker.java:213)
at org.testng.internal.TestMethodWithDataProviderMethodWorker.call(TestMethodWithDataProviderMethodWorker.java:94)
at org.testng.internal.TestMethodWithDataProviderMethodWorker.call(TestMethodWithDataProviderMethodWorker.java:15)
at java.base/java.util.concurrent.FutureTask.run(FutureTask.java:264)
at java.base/java.util.concurrent.Executors$RunnableAdapter.call(Executors.java:539)
at java.base/java.util.concurrent.FutureTask.run(FutureTask.java:264)
at java.base/java.util.concurrent.ThreadPoolExecutor.runWorker(ThreadPoolExecutor.java:1136)
at java.base/java.util.concurrent.ThreadPoolExecutor$Worker.run(ThreadPoolExecutor.java:635)
at java.base/java.lang.Thread.run(Thread.java:842)
Caused by: java.lang.RuntimeException: org.openqa.selenium.SessionNotCreatedException: Could not start a new session. Response code 400. Message: Job not started. Your organization has reached its concurrent session limit. Contact your administrator or sales@saucelabs.com to upgrade. 
Host info: host: 'DESKTOP-2CPQ0LA', ip: '192.168.1.79'
Build info: version: '4.18.1', revision: 'b1d3319b48'
System info: os.name: 'Windows 11', os.arch: 'amd64', os.version: '10.0', java.version: '17.0.12'
Driver info: io.appium.java_client.android.AndroidDriver
Command: [null, newSession {capabilities=[Capabilities {appium:app: storage:filename=Android-My..., appium:automationName: UiAutomator2, appium:deviceName: Android GoogleAPI Emulator, appium:platformVersion: 12.0, platformName: ANDROID, sauce:options: Capabilities {accessKey: bb...}]}]
Capabilities {appium:app: storage:filename=Android-My..., appium:automationName: UiAutomator2, appium:deviceName: Android GoogleAPI Emulator, appium:platformVersion: 12.0, platformName: ANDROID, sauce:options: Capabilities {accessKey: bb...}
at com.automation.executor.DriverManager.createDriver(DriverManager.java:106)
at com.automation.executor.DriverManager.getDriver(DriverManager.java:29)
at com.automation.tests.BaseTest.initializeDriver(BaseTest.java:39)
... 22 more
Caused by: org.openqa.selenium.SessionNotCreatedException: Could not start a new session. Response code 400. Message: Job not started. Your organization has reached its concurrent session limit. Contact your administrator or sales@saucelabs.com to upgrade. 
Host info: host: 'DESKTOP-2CPQ0LA', ip: '192.168.1.79'
Build info: version: '4.18.1', revision: 'b1d3319b48'
System info: os.name: 'Windows 11', os.arch: 'amd64', os.version: '10.0', java.version: '17.0.12'
Driver info: io.appium.java_client.android.AndroidDriver
Command: [null, newSession {capabilities=[Capabilities {appium:app: storage:filename=Android-My..., appium:automationName: UiAutomator2, appium:deviceName: Android GoogleAPI Emulator, appium:platformVersion: 12.0, platformName: ANDROID, sauce:options: Capabilities {accessKey: bb...}]}]
Capabilities {appium:app: storage:filename=Android-My..., appium:automationName: UiAutomator2, appium:deviceName: Android GoogleAPI Emulator, appium:platformVersion: 12.0, platformName: ANDROID, sauce:options: Capabilities {accessKey: bb...}
at org.openqa.selenium.remote.ProtocolHandshake.createSession(ProtocolHandshake.java:139)
at org.openqa.selenium.remote.ProtocolHandshake.createSession(ProtocolHandshake.java:95)
at org.openqa.selenium.remote.ProtocolHandshake.createSession(ProtocolHandshake.java:67)
at io.appium.java_client.remote.AppiumCommandExecutor.createSession(AppiumCommandExecutor.java:176)
at io.appium.java_client.remote.AppiumCommandExecutor.execute(AppiumCommandExecutor.java:237)
at org.openqa.selenium.remote.RemoteWebDriver.execute(RemoteWebDriver.java:519)
at io.appium.java_client.AppiumDriver.startSession(AppiumDriver.java:270)
at org.openqa.selenium.remote.RemoteWebDriver.<init>(RemoteWebDriver.java:162)
at io.appium.java_client.AppiumDriver.<init>(AppiumDriver.java:91)
at io.appium.java_client.AppiumDriver.<init>(AppiumDriver.java:103)
at io.appium.java_client.android.AndroidDriver.<init>(AndroidDriver.java:109)
at com.automation.executor.DriverManager.createDriver(DriverManager.java:86)
... 24 more
]]>
            </full-stacktrace>
          </exception> <!-- java.lang.RuntimeException -->
          <reporter-output>
          </reporter-output>
        </test-method> <!-- executeTestFlow -->
        <test-method is-config="true" signature="tearDown(org.testng.ITestResult)[pri:0, instance:com.automation.tests.TestRunner@b967222]" started-at="2026-06-08T21:28:12 EDT" name="tearDown" finished-at="2026-06-08T21:28:12 EDT" duration-ms="0" status="PASS">
          <params>
            <param index="0">
              <value>
                <![CDATA[[TestResult name=executeTestFlow status=FAILURE method=TestRunner.executeTestFlow(java.lang.String,java.lang.String,java.lang.String,java.lang.String)[pri:0, instance:com.automation.tests.TestRunner@b967222] output={null}]]]>
              </value>
            </param>
          </params>
          <reporter-output>
          </reporter-output>
        </test-method> <!-- tearDown -->
        <test-method is-config="true" signature="tearDown(org.testng.ITestResult)[pri:0, instance:com.automation.tests.TestRunner@b967222]" started-at="2026-06-08T21:28:18 EDT" name="tearDown" finished-at="2026-06-08T21:28:18 EDT" duration-ms="0" status="PASS">
          <params>
            <param index="0">
              <value>
                <![CDATA[[TestResult name=executeTestFlow status=SKIP method=TestRunner.executeTestFlow(java.lang.String,java.lang.String,java.lang.String,java.lang.String)[pri:0, instance:com.automation.tests.TestRunner@b967222] output={null}]]]>
              </value>
            </param>
          </params>
          <reporter-output>
          </reporter-output>
        </test-method> <!-- tearDown -->
        <test-method is-config="true" signature="setUp()[pri:0, instance:com.automation.tests.TestRunner@b967222]" started-at="2026-06-08T21:28:18 EDT" name="setUp" finished-at="2026-06-08T21:28:18 EDT" duration-ms="0" status="PASS">
          <reporter-output>
          </reporter-output>
        </test-method> <!-- setUp -->
        <test-method signature="executeTestFlow(java.lang.String,java.lang.String,java.lang.String,java.lang.String)[pri:0, instance:com.automation.tests.TestRunner@b967222]" started-at="2026-06-08T21:28:18 EDT" name="executeTestFlow" data-provider="testCaseData" finished-at="2026-06-08T21:28:18 EDT" duration-ms="454" status="FAIL">
          <params>
            <param index="0">
              <value>
                <![CDATA[XSP-3]]>
              </value>
            </param>
            <param index="1">
              <value>
                <![CDATA[@regression]]>
              </value>
            </param>
            <param index="2">
              <value>
                <![CDATA[sauce android]]>
              </value>
            </param>
            <param index="3">
              <value>
                <![CDATA[XSP-62]]>
              </value>
            </param>
          </params>
          <exception class="java.lang.RuntimeException">
            <message>
              <![CDATA[WebDriver initialization failed]]>
            </message>
            <full-stacktrace>
              <![CDATA[java.lang.RuntimeException: WebDriver initialization failed
at com.automation.tests.BaseTest.initializeDriver(BaseTest.java:42)
at com.automation.tests.TestRunner.lambda$0(TestRunner.java:126)
at io.qameta.allure.Allure.lambda$step$0(Allure.java:113)
at io.qameta.allure.Allure.lambda$step$1(Allure.java:127)
at io.qameta.allure.Allure.step(Allure.java:181)
at io.qameta.allure.Allure.step(Allure.java:125)
at io.qameta.allure.Allure.step(Allure.java:112)
at com.automation.tests.TestRunner.executeTestFlow(TestRunner.java:125)
at java.base/jdk.internal.reflect.NativeMethodAccessorImpl.invoke0(Native Method)
at java.base/jdk.internal.reflect.NativeMethodAccessorImpl.invoke(NativeMethodAccessorImpl.java:77)
at java.base/jdk.internal.reflect.DelegatingMethodAccessorImpl.invoke(DelegatingMethodAccessorImpl.java:43)
at java.base/java.lang.reflect.Method.invoke(Method.java:568)
at org.testng.internal.MethodInvocationHelper.invokeMethod(MethodInvocationHelper.java:133)
at org.testng.internal.TestInvoker.invokeMethod(TestInvoker.java:598)
at org.testng.internal.TestInvoker.retryFailed(TestInvoker.java:213)
at org.testng.internal.TestMethodWithDataProviderMethodWorker.call(TestMethodWithDataProviderMethodWorker.java:94)
at org.testng.internal.TestMethodWithDataProviderMethodWorker.call(TestMethodWithDataProviderMethodWorker.java:15)
at java.base/java.util.concurrent.FutureTask.run(FutureTask.java:264)
at java.base/java.util.concurrent.Executors$RunnableAdapter.call(Executors.java:539)
at java.base/java.util.concurrent.FutureTask.run(FutureTask.java:264)
at java.base/java.util.concurrent.ThreadPoolExecutor.runWorker(ThreadPoolExecutor.java:1136)
at java.base/java.util.concurrent.ThreadPoolExecutor$Worker.run(ThreadPoolExecutor.java:635)
at java.base/java.lang.Thread.run(Thread.java:842)
Caused by: java.lang.RuntimeException: org.openqa.selenium.SessionNotCreatedException: Could not start a new session. Response code 400. Message: Job not started. Your organization has reached its concurrent session limit. Contact your administrator or sales@saucelabs.com to upgrade. 
Host info: host: 'DESKTOP-2CPQ0LA', ip: '192.168.1.79'
Build info: version: '4.18.1', revision: 'b1d3319b48'
System info: os.name: 'Windows 11', os.arch: 'amd64', os.version: '10.0', java.version: '17.0.12'
Driver info: io.appium.java_client.android.AndroidDriver
Command: [null, newSession {capabilities=[Capabilities {appium:app: storage:filename=Android-My..., appium:automationName: UiAutomator2, appium:deviceName: Android GoogleAPI Emulator, appium:platformVersion: 12.0, platformName: ANDROID, sauce:options: Capabilities {accessKey: bb...}]}]
Capabilities {appium:app: storage:filename=Android-My..., appium:automationName: UiAutomator2, appium:deviceName: Android GoogleAPI Emulator, appium:platformVersion: 12.0, platformName: ANDROID, sauce:options: Capabilities {accessKey: bb...}
at com.automation.executor.DriverManager.createDriver(DriverManager.java:106)
at com.automation.executor.DriverManager.getDriver(DriverManager.java:29)
at com.automation.tests.BaseTest.initializeDriver(BaseTest.java:39)
... 22 more
Caused by: org.openqa.selenium.SessionNotCreatedException: Could not start a new session. Response code 400. Message: Job not started. Your organization has reached its concurrent session limit. Contact your administrator or sales@saucelabs.com to upgrade. 
Host info: host: 'DESKTOP-2CPQ0LA', ip: '192.168.1.79'
Build info: version: '4.18.1', revision: 'b1d3319b48'
System info: os.name: 'Windows 11', os.arch: 'amd64', os.version: '10.0', java.version: '17.0.12'
Driver info: io.appium.java_client.android.AndroidDriver
Command: [null, newSession {capabilities=[Capabilities {appium:app: storage:filename=Android-My..., appium:automationName: UiAutomator2, appium:deviceName: Android GoogleAPI Emulator, appium:platformVersion: 12.0, platformName: ANDROID, sauce:options: Capabilities {accessKey: bb...}]}]
Capabilities {appium:app: storage:filename=Android-My..., appium:automationName: UiAutomator2, appium:deviceName: Android GoogleAPI Emulator, appium:platformVersion: 12.0, platformName: ANDROID, sauce:options: Capabilities {accessKey: bb...}
at org.openqa.selenium.remote.ProtocolHandshake.createSession(ProtocolHandshake.java:139)
at org.openqa.selenium.remote.ProtocolHandshake.createSession(ProtocolHandshake.java:95)
at org.openqa.selenium.remote.ProtocolHandshake.createSession(ProtocolHandshake.java:67)
at io.appium.java_client.remote.AppiumCommandExecutor.createSession(AppiumCommandExecutor.java:176)
at io.appium.java_client.remote.AppiumCommandExecutor.execute(AppiumCommandExecutor.java:237)
at org.openqa.selenium.remote.RemoteWebDriver.execute(RemoteWebDriver.java:519)
at io.appium.java_client.AppiumDriver.startSession(AppiumDriver.java:270)
at org.openqa.selenium.remote.RemoteWebDriver.<init>(RemoteWebDriver.java:162)
at io.appium.java_client.AppiumDriver.<init>(AppiumDriver.java:91)
at io.appium.java_client.AppiumDriver.<init>(AppiumDriver.java:103)
at io.appium.java_client.android.AndroidDriver.<init>(AndroidDriver.java:109)
at com.automation.executor.DriverManager.createDriver(DriverManager.java:86)
... 24 more
]]>
            </full-stacktrace>
          </exception> <!-- java.lang.RuntimeException -->
          <reporter-output>
          </reporter-output>
        </test-method> <!-- executeTestFlow -->
        <test-method is-config="true" signature="tearDown(org.testng.ITestResult)[pri:0, instance:com.automation.tests.TestRunner@b967222]" started-at="2026-06-08T21:28:18 EDT" name="tearDown" finished-at="2026-06-08T21:28:18 EDT" duration-ms="1" status="PASS">
          <params>
            <param index="0">
              <value>
                <![CDATA[[TestResult name=executeTestFlow status=FAILURE method=TestRunner.executeTestFlow(java.lang.String,java.lang.String,java.lang.String,java.lang.String)[pri:0, instance:com.automation.tests.TestRunner@b967222] output={null}]]]>
              </value>
            </param>
          </params>
          <reporter-output>
          </reporter-output>
        </test-method> <!-- tearDown -->
        <test-method is-config="true" signature="tearDown(org.testng.ITestResult)[pri:0, instance:com.automation.tests.TestRunner@b967222]" started-at="2026-06-08T21:28:26 EDT" name="tearDown" finished-at="2026-06-08T21:28:26 EDT" duration-ms="0" status="PASS">
          <params>
            <param index="0">
              <value>
                <![CDATA[[TestResult name=executeTestFlow status=FAILURE method=TestRunner.executeTestFlow(java.lang.String,java.lang.String,java.lang.String,java.lang.String)[pri:0, instance:com.automation.tests.TestRunner@b967222] output={null}]]]>
              </value>
            </param>
          </params>
          <reporter-output>
          </reporter-output>
        </test-method> <!-- tearDown -->
        <test-method is-config="true" signature="tearDown(org.testng.ITestResult)[pri:0, instance:com.automation.tests.TestRunner@b967222]" started-at="2026-06-08T21:28:59 EDT" name="tearDown" finished-at="2026-06-08T21:29:02 EDT" duration-ms="3018" status="PASS">
          <params>
            <param index="0">
              <value>
                <![CDATA[[TestResult name=executeTestFlow status=FAILURE method=TestRunner.executeTestFlow(java.lang.String,java.lang.String,java.lang.String,java.lang.String)[pri:0, instance:com.automation.tests.TestRunner@b967222] output={null}]]]>
              </value>
            </param>
          </params>
          <reporter-output>
          </reporter-output>
        </test-method> <!-- tearDown -->
      </class> <!-- com.automation.tests.TestRunner -->
    </test> <!-- Test -->
  </suite> <!-- Selenium Hybrid Allure Suite -->
</testng-results>
