<?xml version="1.0" encoding="UTF-8"?>
<!-- Generated by org.testng.reporters.JUnitReportReporter -->
<testsuite hostname="DESKTOP-2CPQ0LA" failures="0" tests="10" name="com.automation.tests.TestRunner" time="74.761" errors="5" timestamp="2026-06-08T18:31:38 EDT" skipped="5">
  <testcase classname="com.automation.tests.TestRunner" name="executeTestFlow" time="2.773">
    <skipped/>
  </testcase> <!-- executeTestFlow -->
  <system-out/>
  <testcase classname="com.automation.tests.TestRunner" name="executeTestFlow" time="2.858">
    <error message="WebDriver initialization failed" type="java.lang.RuntimeException">
      <![CDATA[java.lang.RuntimeException: WebDriver initialization failed
at com.automation.tests.BaseTest.initializeDriver(BaseTest.java:42)
at com.automation.tests.TestRunner.lambda$0(TestRunner.java:117)
at io.qameta.allure.Allure.lambda$step$0(Allure.java:113)
at io.qameta.allure.Allure.lambda$step$1(Allure.java:127)
at io.qameta.allure.Allure.step(Allure.java:181)
at io.qameta.allure.Allure.step(Allure.java:125)
at io.qameta.allure.Allure.step(Allure.java:112)
at com.automation.tests.TestRunner.executeTestFlow(TestRunner.java:116)
at java.base/jdk.internal.reflect.NativeMethodAccessorImpl.invoke0(Native Method)
at java.base/jdk.internal.reflect.NativeMethodAccessorImpl.invoke(NativeMethodAccessorImpl.java:77)
at java.base/jdk.internal.reflect.DelegatingMethodAccessorImpl.invoke(DelegatingMethodAccessorImpl.java:43)
at java.base/java.lang.reflect.Method.invoke(Method.java:568)
at org.testng.internal.MethodInvocationHelper.invokeMethod(MethodInvocationHelper.java:133)
at org.testng.internal.TestInvoker.invokeMethod(TestInvoker.java:598)
at org.testng.internal.TestInvoker.invokeTestMethod(TestInvoker.java:173)
at org.testng.internal.TestMethodWithDataProviderMethodWorker.call(TestMethodWithDataProviderMethodWorker.java:77)
at org.testng.internal.TestMethodWithDataProviderMethodWorker.call(TestMethodWithDataProviderMethodWorker.java:15)
at java.base/java.util.concurrent.FutureTask.run(FutureTask.java:264)
at java.base/java.util.concurrent.Executors$RunnableAdapter.call(Executors.java:539)
at java.base/java.util.concurrent.FutureTask.run(FutureTask.java:264)
at java.base/java.util.concurrent.ThreadPoolExecutor.runWorker(ThreadPoolExecutor.java:1136)
at java.base/java.util.concurrent.ThreadPoolExecutor$Worker.run(ThreadPoolExecutor.java:635)
at java.base/java.lang.Thread.run(Thread.java:842)
Caused by: java.lang.RuntimeException: org.openqa.selenium.SessionNotCreatedException: Could not start a new session. Response code 400. Message: Job not started. Your organization has reached its concurrent session limit. Contact your administrator or sales@saucelabs.com to upgrade. 
Host info: host: 'DESKTOP-2CPQ0LA', ip: '192.168.1.79'
Build info: version: '4.18.1', revision: 'b1d3319b48'
System info: os.name: 'Windows 11', os.arch: 'amd64', os.version: '10.0', java.version: '17.0.12'
Driver info: io.appium.java_client.android.AndroidDriver
Command: [null, newSession {capabilities=[Capabilities {appium:app: storage:filename=Android-My..., appium:automationName: UiAutomator2, appium:deviceName: Android GoogleAPI Emulator, appium:platformVersion: 12.0, platformName: ANDROID, sauce:options: Capabilities {accessKey: bb...}]}]
Capabilities {appium:app: storage:filename=Android-My..., appium:automationName: UiAutomator2, appium:deviceName: Android GoogleAPI Emulator, appium:platformVersion: 12.0, platformName: ANDROID, sauce:options: Capabilities {accessKey: bb...}
at com.automation.executor.DriverManager.createDriver(DriverManager.java:106)
at com.automation.executor.DriverManager.getDriver(DriverManager.java:29)
at com.automation.tests.BaseTest.initializeDriver(BaseTest.java:39)
... 22 more
Caused by: org.openqa.selenium.SessionNotCreatedException: Could not start a new session. Response code 400. Message: Job not started. Your organization has reached its concurrent session limit. Contact your administrator or sales@saucelabs.com to upgrade. 
Host info: host: 'DESKTOP-2CPQ0LA', ip: '192.168.1.79'
Build info: version: '4.18.1', revision: 'b1d3319b48'
System info: os.name: 'Windows 11', os.arch: 'amd64', os.version: '10.0', java.version: '17.0.12'
Driver info: io.appium.java_client.android.AndroidDriver
Command: [null, newSession {capabilities=[Capabilities {appium:app: storage:filename=Android-My..., appium:automationName: UiAutomator2, appium:deviceName: Android GoogleAPI Emulator, appium:platformVersion: 12.0, platformName: ANDROID, sauce:options: Capabilities {accessKey: bb...}]}]
Capabilities {appium:app: storage:filename=Android-My..., appium:automationName: UiAutomator2, appium:deviceName: Android GoogleAPI Emulator, appium:platformVersion: 12.0, platformName: ANDROID, sauce:options: Capabilities {accessKey: bb...}
at org.openqa.selenium.remote.ProtocolHandshake.createSession(ProtocolHandshake.java:139)
at org.openqa.selenium.remote.ProtocolHandshake.createSession(ProtocolHandshake.java:95)
at org.openqa.selenium.remote.ProtocolHandshake.createSession(ProtocolHandshake.java:67)
at io.appium.java_client.remote.AppiumCommandExecutor.createSession(AppiumCommandExecutor.java:176)
at io.appium.java_client.remote.AppiumCommandExecutor.execute(AppiumCommandExecutor.java:237)
at org.openqa.selenium.remote.RemoteWebDriver.execute(RemoteWebDriver.java:519)
at io.appium.java_client.AppiumDriver.startSession(AppiumDriver.java:270)
at org.openqa.selenium.remote.RemoteWebDriver.<init>(RemoteWebDriver.java:162)
at io.appium.java_client.AppiumDriver.<init>(AppiumDriver.java:91)
at io.appium.java_client.AppiumDriver.<init>(AppiumDriver.java:103)
at io.appium.java_client.android.AndroidDriver.<init>(AndroidDriver.java:109)
at com.automation.executor.DriverManager.createDriver(DriverManager.java:86)
... 24 more
]]>
    </error>
  </testcase> <!-- executeTestFlow -->
  <system-out/>
  <testcase classname="com.automation.tests.TestRunner" name="executeTestFlow" time="56.955">
    <error message="Flow execution failed" type="java.lang.RuntimeException">
      <![CDATA[java.lang.RuntimeException: Flow execution failed
at com.automation.executor.Driver.executeFlow(Driver.java:80)
at com.automation.tests.TestRunner.lambda$0(TestRunner.java:120)
at io.qameta.allure.Allure.lambda$step$0(Allure.java:113)
at io.qameta.allure.Allure.lambda$step$1(Allure.java:127)
at io.qameta.allure.Allure.step(Allure.java:181)
at io.qameta.allure.Allure.step(Allure.java:125)
at io.qameta.allure.Allure.step(Allure.java:112)
at com.automation.tests.TestRunner.executeTestFlow(TestRunner.java:116)
at java.base/jdk.internal.reflect.NativeMethodAccessorImpl.invoke0(Native Method)
at java.base/jdk.internal.reflect.NativeMethodAccessorImpl.invoke(NativeMethodAccessorImpl.java:77)
at java.base/jdk.internal.reflect.DelegatingMethodAccessorImpl.invoke(DelegatingMethodAccessorImpl.java:43)
at java.base/java.lang.reflect.Method.invoke(Method.java:568)
at org.testng.internal.MethodInvocationHelper.invokeMethod(MethodInvocationHelper.java:133)
at org.testng.internal.TestInvoker.invokeMethod(TestInvoker.java:598)
at org.testng.internal.TestInvoker.invokeTestMethod(TestInvoker.java:173)
at org.testng.internal.TestMethodWithDataProviderMethodWorker.call(TestMethodWithDataProviderMethodWorker.java:77)
at org.testng.internal.TestMethodWithDataProviderMethodWorker.call(TestMethodWithDataProviderMethodWorker.java:15)
at java.base/java.util.concurrent.FutureTask.run(FutureTask.java:264)
at java.base/java.util.concurrent.Executors$RunnableAdapter.call(Executors.java:539)
at java.base/java.util.concurrent.FutureTask.run(FutureTask.java:264)
at java.base/java.util.concurrent.ThreadPoolExecutor.runWorker(ThreadPoolExecutor.java:1136)
at java.base/java.util.concurrent.ThreadPoolExecutor$Worker.run(ThreadPoolExecutor.java:635)
at java.base/java.lang.Thread.run(Thread.java:842)
Caused by: java.lang.RuntimeException: Keyword execution failed: executeMobileTest
at com.automation.executor.Driver.executeKeyword(Driver.java:124)
at com.automation.executor.Driver.executeFlow(Driver.java:51)
... 22 more
Caused by: java.lang.reflect.InvocationTargetException
at java.base/jdk.internal.reflect.NativeMethodAccessorImpl.invoke0(Native Method)
at java.base/jdk.internal.reflect.NativeMethodAccessorImpl.invoke(NativeMethodAccessorImpl.java:77)
at java.base/jdk.internal.reflect.DelegatingMethodAccessorImpl.invoke(DelegatingMethodAccessorImpl.java:43)
at java.base/java.lang.reflect.Method.invoke(Method.java:568)
at com.automation.executor.Driver.executeKeyword(Driver.java:116)
... 23 more
Caused by: java.lang.RuntimeException: Mobile test execution failed
at com.automation.businesscomponents.executeMobileTest.executeMobileTest(executeMobileTest.java:32)
... 28 more
Caused by: java.lang.RuntimeException: ❌ Mobile click failed on Submit Button: An element could not be located on the page using the given search parameters.
For documentation on this error, please visit: https://www.selenium.dev/documentation/webdriver/troubleshooting/errors#no-such-element-exception
Build info: version: '4.18.1', revision: 'b1d3319b48'
System info: os.name: 'Windows 11', os.arch: 'amd64', os.version: '10.0', java.version: '17.0.12'
Driver info: io.appium.java_client.android.AndroidDriver
Command: [c3b30f3325ad435da842ab25c5650adb, findElement {using=xpath, value=//button[@text='Submit']}]
Capabilities {appium:adbExecTimeout: 90000, appium:app: /tmp/tmpC2_0XG/Android-MyDe..., appium:appPackage: com.saucelabs.mydemoapp.rn, appium:appWaitDuration: 90000, appium:automationName: UiAutomator2, appium:chromeOptions: {args: [--disable-fre, --disable-popup-blocking, --enable-automation, --enable-remote-debugging, --ignore-certificate-errors, --metrics-recording-only, --no-first-run, --disable-startup-promos-fo..., --ignore-certificate-errors...]}, appium:databaseEnabled: false, appium:desired: {adbExecTimeout: 90000, app: /tmp/tmpC2_0XG/Android-MyDe..., appWaitDuration: 90000, automationName: UiAutomator2, chromeOptions: {args: [--disable-fre, --disable-popup-blocking, --enable-automation, --enable-remote-debugging, --ignore-certificate-errors, --metrics-recording-only, --no-first-run, --disable-startup-promos-fo..., --ignore-certificate-errors...]}, deviceName: Android GoogleAPI Emulator, eventTimings: true, maxTypingFrequency: 8, newCommandTimeout: 0, noReset: true, noSign:noSign: true, orientation: PORTRAIT, platformName: ANDROID, platformVersion: 12.0, proxy: {proxyAutoconfigUrl: http://127.0.0.1:19876/pac.js, proxyType: pac}, sauce:options: {}, selenium:webdriver.remote.quietExceptions: false, udid: emulator-5554, uiautomator2ServerInstallTimeout: 90000}, appium:deviceApiLevel: 32, appium:deviceManufacturer: Google, appium:deviceModel: sdk_gphone64_x86_64, appium:deviceName: emulator-5554, appium:deviceScreenDensity: 320, appium:deviceScreenSize: 768x1280, appium:deviceUDID: emulator-5554, appium:eventTimings: true, appium:javascriptEnabled: true, appium:locationContextEnabled: false, appium:maxTypingFrequency: 8, appium:networkConnectionEnabled: true, appium:newCommandTimeout: 0, appium:noReset: true, appium:orientation: PORTRAIT, appium:pixelRatio: 2, appium:platformVersion: 12, appium:statBarHeight: 48, appium:takesScreenshot: true, appium:udid: emulator-5554, appium:uiautomator2ServerInstallTimeout: 90000, appium:viewportRect: {height: 1200, left: 0, top: 48, width: 768}, appium:warnings: {}, appium:webStorageEnabled: false, noSign:noSign: true, platformName: ANDROID, proxy: Proxy(pac: http://127.0.0.1..., sauce:options: {}, selenium:webdriver.remote.quietExceptions: false}
Session ID: c3b30f3325ad435da842ab25c5650adb
at com.automation.utilities.CommonFunctions.clickMobileElement(CommonFunctions.java:276)
at com.automation.businesscomponents.executeMobileTest.executeMobileTest(executeMobileTest.java:25)
... 28 more
]]>
    </error>
  </testcase> <!-- executeTestFlow -->
  <system-out/>
  <testcase classname="com.automation.tests.TestRunner" name="executeTestFlow" time="0.494">
    <error message="WebDriver initialization failed" type="java.lang.RuntimeException">
      <![CDATA[java.lang.RuntimeException: WebDriver initialization failed
at com.automation.tests.BaseTest.initializeDriver(BaseTest.java:42)
at com.automation.tests.TestRunner.lambda$0(TestRunner.java:117)
at io.qameta.allure.Allure.lambda$step$0(Allure.java:113)
at io.qameta.allure.Allure.lambda$step$1(Allure.java:127)
at io.qameta.allure.Allure.step(Allure.java:181)
at io.qameta.allure.Allure.step(Allure.java:125)
at io.qameta.allure.Allure.step(Allure.java:112)
at com.automation.tests.TestRunner.executeTestFlow(TestRunner.java:116)
at java.base/jdk.internal.reflect.NativeMethodAccessorImpl.invoke0(Native Method)
at java.base/jdk.internal.reflect.NativeMethodAccessorImpl.invoke(NativeMethodAccessorImpl.java:77)
at java.base/jdk.internal.reflect.DelegatingMethodAccessorImpl.invoke(DelegatingMethodAccessorImpl.java:43)
at java.base/java.lang.reflect.Method.invoke(Method.java:568)
at org.testng.internal.MethodInvocationHelper.invokeMethod(MethodInvocationHelper.java:133)
at org.testng.internal.TestInvoker.invokeMethod(TestInvoker.java:598)
at org.testng.internal.TestInvoker.retryFailed(TestInvoker.java:213)
at org.testng.internal.TestMethodWithDataProviderMethodWorker.call(TestMethodWithDataProviderMethodWorker.java:94)
at org.testng.internal.TestMethodWithDataProviderMethodWorker.call(TestMethodWithDataProviderMethodWorker.java:15)
at java.base/java.util.concurrent.FutureTask.run(FutureTask.java:264)
at java.base/java.util.concurrent.Executors$RunnableAdapter.call(Executors.java:539)
at java.base/java.util.concurrent.FutureTask.run(FutureTask.java:264)
at java.base/java.util.concurrent.ThreadPoolExecutor.runWorker(ThreadPoolExecutor.java:1136)
at java.base/java.util.concurrent.ThreadPoolExecutor$Worker.run(ThreadPoolExecutor.java:635)
at java.base/java.lang.Thread.run(Thread.java:842)
Caused by: java.lang.RuntimeException: org.openqa.selenium.SessionNotCreatedException: Could not start a new session. Response code 400. Message: Job not started. Your organization has reached its concurrent session limit. Contact your administrator or sales@saucelabs.com to upgrade. 
Host info: host: 'DESKTOP-2CPQ0LA', ip: '192.168.1.79'
Build info: version: '4.18.1', revision: 'b1d3319b48'
System info: os.name: 'Windows 11', os.arch: 'amd64', os.version: '10.0', java.version: '17.0.12'
Driver info: io.appium.java_client.android.AndroidDriver
Command: [null, newSession {capabilities=[Capabilities {appium:app: storage:filename=Android-My..., appium:automationName: UiAutomator2, appium:deviceName: Android GoogleAPI Emulator, appium:platformVersion: 12.0, platformName: ANDROID, sauce:options: Capabilities {accessKey: bb...}]}]
Capabilities {appium:app: storage:filename=Android-My..., appium:automationName: UiAutomator2, appium:deviceName: Android GoogleAPI Emulator, appium:platformVersion: 12.0, platformName: ANDROID, sauce:options: Capabilities {accessKey: bb...}
at com.automation.executor.DriverManager.createDriver(DriverManager.java:106)
at com.automation.executor.DriverManager.getDriver(DriverManager.java:29)
at com.automation.tests.BaseTest.initializeDriver(BaseTest.java:39)
... 22 more
Caused by: org.openqa.selenium.SessionNotCreatedException: Could not start a new session. Response code 400. Message: Job not started. Your organization has reached its concurrent session limit. Contact your administrator or sales@saucelabs.com to upgrade. 
Host info: host: 'DESKTOP-2CPQ0LA', ip: '192.168.1.79'
Build info: version: '4.18.1', revision: 'b1d3319b48'
System info: os.name: 'Windows 11', os.arch: 'amd64', os.version: '10.0', java.version: '17.0.12'
Driver info: io.appium.java_client.android.AndroidDriver
Command: [null, newSession {capabilities=[Capabilities {appium:app: storage:filename=Android-My..., appium:automationName: UiAutomator2, appium:deviceName: Android GoogleAPI Emulator, appium:platformVersion: 12.0, platformName: ANDROID, sauce:options: Capabilities {accessKey: bb...}]}]
Capabilities {appium:app: storage:filename=Android-My..., appium:automationName: UiAutomator2, appium:deviceName: Android GoogleAPI Emulator, appium:platformVersion: 12.0, platformName: ANDROID, sauce:options: Capabilities {accessKey: bb...}
at org.openqa.selenium.remote.ProtocolHandshake.createSession(ProtocolHandshake.java:139)
at org.openqa.selenium.remote.ProtocolHandshake.createSession(ProtocolHandshake.java:95)
at org.openqa.selenium.remote.ProtocolHandshake.createSession(ProtocolHandshake.java:67)
at io.appium.java_client.remote.AppiumCommandExecutor.createSession(AppiumCommandExecutor.java:176)
at io.appium.java_client.remote.AppiumCommandExecutor.execute(AppiumCommandExecutor.java:237)
at org.openqa.selenium.remote.RemoteWebDriver.execute(RemoteWebDriver.java:519)
at io.appium.java_client.AppiumDriver.startSession(AppiumDriver.java:270)
at org.openqa.selenium.remote.RemoteWebDriver.<init>(RemoteWebDriver.java:162)
at io.appium.java_client.AppiumDriver.<init>(AppiumDriver.java:91)
at io.appium.java_client.AppiumDriver.<init>(AppiumDriver.java:103)
at io.appium.java_client.android.AndroidDriver.<init>(AndroidDriver.java:109)
at com.automation.executor.DriverManager.createDriver(DriverManager.java:86)
... 24 more
]]>
    </error>
  </testcase> <!-- executeTestFlow -->
  <system-out/>
  <testcase classname="com.automation.tests.TestRunner" name="executeTestFlow" time="0.551">
    <skipped/>
  </testcase> <!-- executeTestFlow -->
  <system-out/>
  <testcase classname="com.automation.tests.TestRunner" name="executeTestFlow" time="0.737">
    <skipped/>
  </testcase> <!-- executeTestFlow -->
  <system-out/>
  <testcase classname="com.automation.tests.TestRunner" name="executeTestFlow" time="3.322">
    <error message="WebDriver initialization failed" type="java.lang.RuntimeException">
      <![CDATA[java.lang.RuntimeException: WebDriver initialization failed
at com.automation.tests.BaseTest.initializeDriver(BaseTest.java:42)
at com.automation.tests.TestRunner.lambda$0(TestRunner.java:117)
at io.qameta.allure.Allure.lambda$step$0(Allure.java:113)
at io.qameta.allure.Allure.lambda$step$1(Allure.java:127)
at io.qameta.allure.Allure.step(Allure.java:181)
at io.qameta.allure.Allure.step(Allure.java:125)
at io.qameta.allure.Allure.step(Allure.java:112)
at com.automation.tests.TestRunner.executeTestFlow(TestRunner.java:116)
at java.base/jdk.internal.reflect.NativeMethodAccessorImpl.invoke0(Native Method)
at java.base/jdk.internal.reflect.NativeMethodAccessorImpl.invoke(NativeMethodAccessorImpl.java:77)
at java.base/jdk.internal.reflect.DelegatingMethodAccessorImpl.invoke(DelegatingMethodAccessorImpl.java:43)
at java.base/java.lang.reflect.Method.invoke(Method.java:568)
at org.testng.internal.MethodInvocationHelper.invokeMethod(MethodInvocationHelper.java:133)
at org.testng.internal.TestInvoker.invokeMethod(TestInvoker.java:598)
at org.testng.internal.TestInvoker.retryFailed(TestInvoker.java:213)
at org.testng.internal.TestMethodWithDataProviderMethodWorker.call(TestMethodWithDataProviderMethodWorker.java:94)
at org.testng.internal.TestMethodWithDataProviderMethodWorker.call(TestMethodWithDataProviderMethodWorker.java:15)
at java.base/java.util.concurrent.FutureTask.run(FutureTask.java:264)
at java.base/java.util.concurrent.Executors$RunnableAdapter.call(Executors.java:539)
at java.base/java.util.concurrent.FutureTask.run(FutureTask.java:264)
at java.base/java.util.concurrent.ThreadPoolExecutor.runWorker(ThreadPoolExecutor.java:1136)
at java.base/java.util.concurrent.ThreadPoolExecutor$Worker.run(ThreadPoolExecutor.java:635)
at java.base/java.lang.Thread.run(Thread.java:842)
Caused by: java.lang.RuntimeException: org.openqa.selenium.SessionNotCreatedException: Could not start a new session. Response code 400. Message: Job not started. Your organization has reached its concurrent session limit. Contact your administrator or sales@saucelabs.com to upgrade. 
Host info: host: 'DESKTOP-2CPQ0LA', ip: '192.168.1.79'
Build info: version: '4.18.1', revision: 'b1d3319b48'
System info: os.name: 'Windows 11', os.arch: 'amd64', os.version: '10.0', java.version: '17.0.12'
Driver info: io.appium.java_client.android.AndroidDriver
Command: [null, newSession {capabilities=[Capabilities {appium:app: storage:filename=Android-My..., appium:automationName: UiAutomator2, appium:deviceName: Android GoogleAPI Emulator, appium:platformVersion: 12.0, platformName: ANDROID, sauce:options: Capabilities {accessKey: bb...}]}]
Capabilities {appium:app: storage:filename=Android-My..., appium:automationName: UiAutomator2, appium:deviceName: Android GoogleAPI Emulator, appium:platformVersion: 12.0, platformName: ANDROID, sauce:options: Capabilities {accessKey: bb...}
at com.automation.executor.DriverManager.createDriver(DriverManager.java:106)
at com.automation.executor.DriverManager.getDriver(DriverManager.java:29)
at com.automation.tests.BaseTest.initializeDriver(BaseTest.java:39)
... 22 more
Caused by: org.openqa.selenium.SessionNotCreatedException: Could not start a new session. Response code 400. Message: Job not started. Your organization has reached its concurrent session limit. Contact your administrator or sales@saucelabs.com to upgrade. 
Host info: host: 'DESKTOP-2CPQ0LA', ip: '192.168.1.79'
Build info: version: '4.18.1', revision: 'b1d3319b48'
System info: os.name: 'Windows 11', os.arch: 'amd64', os.version: '10.0', java.version: '17.0.12'
Driver info: io.appium.java_client.android.AndroidDriver
Command: [null, newSession {capabilities=[Capabilities {appium:app: storage:filename=Android-My..., appium:automationName: UiAutomator2, appium:deviceName: Android GoogleAPI Emulator, appium:platformVersion: 12.0, platformName: ANDROID, sauce:options: Capabilities {accessKey: bb...}]}]
Capabilities {appium:app: storage:filename=Android-My..., appium:automationName: UiAutomator2, appium:deviceName: Android GoogleAPI Emulator, appium:platformVersion: 12.0, platformName: ANDROID, sauce:options: Capabilities {accessKey: bb...}
at org.openqa.selenium.remote.ProtocolHandshake.createSession(ProtocolHandshake.java:139)
at org.openqa.selenium.remote.ProtocolHandshake.createSession(ProtocolHandshake.java:95)
at org.openqa.selenium.remote.ProtocolHandshake.createSession(ProtocolHandshake.java:67)
at io.appium.java_client.remote.AppiumCommandExecutor.createSession(AppiumCommandExecutor.java:176)
at io.appium.java_client.remote.AppiumCommandExecutor.execute(AppiumCommandExecutor.java:237)
at org.openqa.selenium.remote.RemoteWebDriver.execute(RemoteWebDriver.java:519)
at io.appium.java_client.AppiumDriver.startSession(AppiumDriver.java:270)
at org.openqa.selenium.remote.RemoteWebDriver.<init>(RemoteWebDriver.java:162)
at io.appium.java_client.AppiumDriver.<init>(AppiumDriver.java:91)
at io.appium.java_client.AppiumDriver.<init>(AppiumDriver.java:103)
at io.appium.java_client.android.AndroidDriver.<init>(AndroidDriver.java:109)
at com.automation.executor.DriverManager.createDriver(DriverManager.java:86)
... 24 more
]]>
    </error>
  </testcase> <!-- executeTestFlow -->
  <system-out/>
  <testcase classname="com.automation.tests.TestRunner" name="executeTestFlow" time="2.783">
    <skipped/>
  </testcase> <!-- executeTestFlow -->
  <system-out/>
  <testcase classname="com.automation.tests.TestRunner" name="executeTestFlow" time="2.772">
    <skipped/>
  </testcase> <!-- executeTestFlow -->
  <system-out/>
  <testcase classname="com.automation.tests.TestRunner" name="executeTestFlow" time="1.516">
    <error message="WebDriver initialization failed" type="java.lang.RuntimeException">
      <![CDATA[java.lang.RuntimeException: WebDriver initialization failed
at com.automation.tests.BaseTest.initializeDriver(BaseTest.java:42)
at com.automation.tests.TestRunner.lambda$0(TestRunner.java:117)
at io.qameta.allure.Allure.lambda$step$0(Allure.java:113)
at io.qameta.allure.Allure.lambda$step$1(Allure.java:127)
at io.qameta.allure.Allure.step(Allure.java:181)
at io.qameta.allure.Allure.step(Allure.java:125)
at io.qameta.allure.Allure.step(Allure.java:112)
at com.automation.tests.TestRunner.executeTestFlow(TestRunner.java:116)
at java.base/jdk.internal.reflect.NativeMethodAccessorImpl.invoke0(Native Method)
at java.base/jdk.internal.reflect.NativeMethodAccessorImpl.invoke(NativeMethodAccessorImpl.java:77)
at java.base/jdk.internal.reflect.DelegatingMethodAccessorImpl.invoke(DelegatingMethodAccessorImpl.java:43)
at java.base/java.lang.reflect.Method.invoke(Method.java:568)
at org.testng.internal.MethodInvocationHelper.invokeMethod(MethodInvocationHelper.java:133)
at org.testng.internal.TestInvoker.invokeMethod(TestInvoker.java:598)
at org.testng.internal.TestInvoker.retryFailed(TestInvoker.java:213)
at org.testng.internal.TestMethodWithDataProviderMethodWorker.call(TestMethodWithDataProviderMethodWorker.java:94)
at org.testng.internal.TestMethodWithDataProviderMethodWorker.call(TestMethodWithDataProviderMethodWorker.java:15)
at java.base/java.util.concurrent.FutureTask.run(FutureTask.java:264)
at java.base/java.util.concurrent.Executors$RunnableAdapter.call(Executors.java:539)
at java.base/java.util.concurrent.FutureTask.run(FutureTask.java:264)
at java.base/java.util.concurrent.ThreadPoolExecutor.runWorker(ThreadPoolExecutor.java:1136)
at java.base/java.util.concurrent.ThreadPoolExecutor$Worker.run(ThreadPoolExecutor.java:635)
at java.base/java.lang.Thread.run(Thread.java:842)
Caused by: java.lang.RuntimeException: org.openqa.selenium.SessionNotCreatedException: Could not start a new session. Response code 400. Message: Job not started. Your organization has reached its concurrent session limit. Contact your administrator or sales@saucelabs.com to upgrade. 
Host info: host: 'DESKTOP-2CPQ0LA', ip: '192.168.1.79'
Build info: version: '4.18.1', revision: 'b1d3319b48'
System info: os.name: 'Windows 11', os.arch: 'amd64', os.version: '10.0', java.version: '17.0.12'
Driver info: org.openqa.selenium.remote.RemoteWebDriver
Command: [null, newSession {capabilities=[Capabilities {browserName: chrome, browserVersion: latest, goog:chromeOptions: {args: [], extensions: []}, platformName: Windows 11, sauce:options: {accessKey: bb2cc135-6036-4e2a-9e33-703..., build: selenium-build-GLMJZ, name: mobileautomation test, username: oauth-shilluchimmu-91931}}]}]
Capabilities {browserName: chrome, browserVersion: latest, goog:chromeOptions: {args: [], extensions: []}, platformName: Windows 11, sauce:options: {accessKey: bb2cc135-6036-4e2a-9e33-703..., build: selenium-build-GLMJZ, name: mobileautomation test, username: oauth-shilluchimmu-91931}}
at com.automation.executor.DriverManager.createDriver(DriverManager.java:106)
at com.automation.executor.DriverManager.getDriver(DriverManager.java:29)
at com.automation.tests.BaseTest.initializeDriver(BaseTest.java:39)
... 22 more
Caused by: org.openqa.selenium.SessionNotCreatedException: Could not start a new session. Response code 400. Message: Job not started. Your organization has reached its concurrent session limit. Contact your administrator or sales@saucelabs.com to upgrade. 
Host info: host: 'DESKTOP-2CPQ0LA', ip: '192.168.1.79'
Build info: version: '4.18.1', revision: 'b1d3319b48'
System info: os.name: 'Windows 11', os.arch: 'amd64', os.version: '10.0', java.version: '17.0.12'
Driver info: org.openqa.selenium.remote.RemoteWebDriver
Command: [null, newSession {capabilities=[Capabilities {browserName: chrome, browserVersion: latest, goog:chromeOptions: {args: [], extensions: []}, platformName: Windows 11, sauce:options: {accessKey: bb2cc135-6036-4e2a-9e33-703..., build: selenium-build-GLMJZ, name: mobileautomation test, username: oauth-shilluchimmu-91931}}]}]
Capabilities {browserName: chrome, browserVersion: latest, goog:chromeOptions: {args: [], extensions: []}, platformName: Windows 11, sauce:options: {accessKey: bb2cc135-6036-4e2a-9e33-703..., build: selenium-build-GLMJZ, name: mobileautomation test, username: oauth-shilluchimmu-91931}}
at org.openqa.selenium.remote.ProtocolHandshake.createSession(ProtocolHandshake.java:139)
at org.openqa.selenium.remote.ProtocolHandshake.createSession(ProtocolHandshake.java:95)
at org.openqa.selenium.remote.ProtocolHandshake.createSession(ProtocolHandshake.java:67)
at org.openqa.selenium.remote.HttpCommandExecutor.execute(HttpCommandExecutor.java:162)
at org.openqa.selenium.remote.TracedCommandExecutor.execute(TracedCommandExecutor.java:51)
at org.openqa.selenium.remote.RemoteWebDriver.execute(RemoteWebDriver.java:519)
at org.openqa.selenium.remote.RemoteWebDriver.startSession(RemoteWebDriver.java:233)
at org.openqa.selenium.remote.RemoteWebDriver.<init>(RemoteWebDriver.java:162)
at org.openqa.selenium.remote.RemoteWebDriver.<init>(RemoteWebDriver.java:142)
at com.automation.executor.DriverManager.createDriver(DriverManager.java:69)
... 24 more
]]>
    </error>
  </testcase> <!-- executeTestFlow -->
  <system-out/>
</testsuite> <!-- com.automation.tests.TestRunner -->
